[ 2013-07-15T22:50:41+08:00 ] 0.0.0.0 /voice/index.php/Index/ajax_get
INFO: [ app_begin ] --START--
INFO: Run ReadHtmlCache Behavior [ RunTime:-0.002144s ]
INFO: [ app_begin ] --END-- [ RunTime:0.001787s ]
SQL: SHOW COLUMNS FROM `qsc_voice_guest` [ RunTime:0.008228s ]
SQL: SHOW COLUMNS FROM `qsc_voice_song` [ RunTime:0.006294s ]

[ 2013-07-15T22:50:48+08:00 ] 0.0.0.0 /voice/index.php/Index/ajax_getsonglist
INFO: [ app_begin ] --START--
INFO: Run ReadHtmlCache Behavior [ RunTime:-0.001588s ]
INFO: [ app_begin ] --END-- [ RunTime:0.001409s ]
SQL: SHOW COLUMNS FROM `qsc_voice_guest` [ RunTime:0.008017s ]
SQL: SHOW COLUMNS FROM `qsc_voice_song` [ RunTime:0.006000s ]
SQL: SHOW COLUMNS FROM `qsc_voice_favorite` [ RunTime:0.007185s ]
SQL: SELECT `id` FROM `qsc_voice_song`  [ RunTime:0.000502s ]
SQL: SELECT * FROM `qsc_voice_song` WHERE ( `id` = 8 ) LIMIT 1   [ RunTime:0.021672s ]
SQL: SELECT `nickname` FROM `qsc_voice_guest` WHERE id=8 LIMIT 1   [ RunTime:0.000334s ]
SQL: SELECT * FROM `qsc_voice_song` WHERE ( `id` = 7 ) LIMIT 1   [ RunTime:0.000292s ]
SQL: SELECT `nickname` FROM `qsc_voice_guest` WHERE id=7 LIMIT 1   [ RunTime:0.000219s ]
SQL: SELECT * FROM `qsc_voice_song` WHERE ( `id` = 4 ) LIMIT 1   [ RunTime:0.000276s ]
SQL: SELECT `nickname` FROM `qsc_voice_guest` WHERE id=2 LIMIT 1   [ RunTime:0.000210s ]
SQL: SELECT * FROM `qsc_voice_song` WHERE ( `id` = 1 ) LIMIT 1   [ RunTime:0.000252s ]
SQL: SELECT `nickname` FROM `qsc_voice_guest` WHERE id=1 LIMIT 1   [ RunTime:0.000329s ]
SQL: SELECT * FROM `qsc_voice_song` WHERE ( `id` = 5 ) LIMIT 1   [ RunTime:0.000355s ]
SQL: SELECT `nickname` FROM `qsc_voice_guest` WHERE id=1 LIMIT 1   [ RunTime:0.000618s ]
SQL: SELECT * FROM `qsc_voice_song` WHERE ( `id` = 3 ) LIMIT 1   [ RunTime:0.000688s ]
SQL: SELECT `nickname` FROM `qsc_voice_guest` WHERE id=1 LIMIT 1   [ RunTime:0.000388s ]
SQL: SELECT * FROM `qsc_voice_song` WHERE ( `id` = 2 ) LIMIT 1   [ RunTime:0.000432s ]
SQL: SELECT `nickname` FROM `qsc_voice_guest` WHERE id=1 LIMIT 1   [ RunTime:0.000285s ]
SQL: SELECT * FROM `qsc_voice_song` WHERE ( `id` = 6 ) LIMIT 1   [ RunTime:0.000345s ]
SQL: SELECT `nickname` FROM `qsc_voice_guest` WHERE id=1 LIMIT 1   [ RunTime:0.000304s ]
SQL: SELECT * FROM `qsc_voice_song` WHERE ( `id` = 9 ) LIMIT 1   [ RunTime:0.000376s ]
SQL: SELECT `nickname` FROM `qsc_voice_guest` WHERE id=1 LIMIT 1   [ RunTime:0.000276s ]

[ 2013-07-15T22:50:50+08:00 ] 0.0.0.0 /voice/index.php/Index/ajax_choose?songid=7
INFO: [ app_begin ] --START--
INFO: Run ReadHtmlCache Behavior [ RunTime:-0.001569s ]
INFO: [ app_begin ] --END-- [ RunTime:0.001560s ]
SQL: SHOW COLUMNS FROM `qsc_voice_song` [ RunTime:0.007871s ]
SQL: SHOW COLUMNS FROM `qsc_voice_guest` [ RunTime:0.007994s ]
NOTIC: [2] Illegal string offset 'id' D:\wamp\www\voice\Lib\Action\IndexAction.class.php 第 382 行.
NOTIC: [2] Illegal string offset 'id' D:\wamp\www\voice\Lib\Action\IndexAction.class.php 第 382 行.
SQL: SELECT * FROM `qsc_voice_song` WHERE ( `id` = 7 ) LIMIT 1   [ RunTime:0.000644s ]
SQL: SELECT `nickname` FROM `qsc_voice_guest` WHERE id=7 LIMIT 1   [ RunTime:0.000328s ]

[ 2013-07-15T22:50:50+08:00 ] 0.0.0.0 /voice/index.php/Index/ajax_likeOrNot?songid=7
INFO: [ app_begin ] --START--
INFO: Run ReadHtmlCache Behavior [ RunTime:-0.001790s ]
INFO: [ app_begin ] --END-- [ RunTime:0.001343s ]
SQL: SHOW COLUMNS FROM `qsc_voice_song` [ RunTime:0.004423s ]
SQL: SHOW COLUMNS FROM `qsc_voice_guest` [ RunTime:0.004079s ]
SQL: SHOW COLUMNS FROM `qsc_voice_favorite` [ RunTime:0.007103s ]

[ 2013-07-15T22:50:51+08:00 ] 0.0.0.0 /voice/index.php/Index/index
INFO: [ app_begin ] --START--
INFO: Run ReadHtmlCache Behavior [ RunTime:-0.001890s ]
INFO: [ app_begin ] --END-- [ RunTime:0.001686s ]
SQL: SHOW COLUMNS FROM `qsc_voice_guest` [ RunTime:0.007970s ]
SQL: SHOW COLUMNS FROM `qsc_voice_news` [ RunTime:0.098733s ]
SQL: SHOW COLUMNS FROM `qsc_voice_song` [ RunTime:0.005562s ]
INFO: [ view_template ] --START--
INFO: Run LocationTemplate Behavior [ RunTime:-0.134495s ]
INFO: [ view_template ] --END-- [ RunTime:0.001294s ]
INFO: [ view_parse ] --START--
NOTIC: [8] Undefined variable: news_list D:\wamp\www\voice\Runtime\Cache\f0ea20e300846e38be5c5ff71a25e91a.php 第 52 行.
INFO: Run ParseTemplate Behavior [ RunTime:-0.136031s ]
INFO: [ view_parse ] --END-- [ RunTime:0.028584s ]
INFO: [ view_filter ] --START--
INFO: Run ContentReplace Behavior [ RunTime:-0.164777s ]
INFO: Run TokenBuild Behavior [ RunTime:-0.165729s ]
INFO: Run WriteHtmlCache Behavior [ RunTime:-0.166676s ]
INFO: Run ShowRuntime Behavior [ RunTime:-0.167288s ]
INFO: [ view_filter ] --END-- [ RunTime:0.003769s ]
INFO: [ view_end ] --START--
INFO: Run ShowPageTrace Behavior [ RunTime:-0.168849s ]
INFO: [ view_end ] --END-- [ RunTime:0.001251s ]

[ 2013-07-15T22:50:56+08:00 ] 0.0.0.0 /voice/index.php/Index/ajax_choose?songid=3
INFO: [ app_begin ] --START--
INFO: Run ReadHtmlCache Behavior [ RunTime:-0.001588s ]
INFO: [ app_begin ] --END-- [ RunTime:0.001490s ]
SQL: SHOW COLUMNS FROM `qsc_voice_song` [ RunTime:0.007537s ]
SQL: SHOW COLUMNS FROM `qsc_voice_guest` [ RunTime:0.007046s ]
NOTIC: [2] Illegal string offset 'id' D:\wamp\www\voice\Lib\Action\IndexAction.class.php 第 382 行.
NOTIC: [2] Illegal string offset 'id' D:\wamp\www\voice\Lib\Action\IndexAction.class.php 第 382 行.
NOTIC: [2] Illegal string offset 'id' D:\wamp\www\voice\Lib\Action\IndexAction.class.php 第 382 行.
NOTIC: [2] Illegal string offset 'id' D:\wamp\www\voice\Lib\Action\IndexAction.class.php 第 382 行.
NOTIC: [2] Illegal string offset 'id' D:\wamp\www\voice\Lib\Action\IndexAction.class.php 第 382 行.
NOTIC: [2] Illegal string offset 'id' D:\wamp\www\voice\Lib\Action\IndexAction.class.php 第 382 行.
SQL: SELECT * FROM `qsc_voice_song` WHERE ( `id` = 3 ) LIMIT 1   [ RunTime:0.000744s ]
SQL: SELECT `nickname` FROM `qsc_voice_guest` WHERE id=1 LIMIT 1   [ RunTime:0.000372s ]

[ 2013-07-15T22:50:56+08:00 ] 0.0.0.0 /voice/index.php/Index/ajax_likeOrNot?songid=3
INFO: [ app_begin ] --START--
INFO: Run ReadHtmlCache Behavior [ RunTime:-0.001379s ]
INFO: [ app_begin ] --END-- [ RunTime:0.001200s ]
SQL: SHOW COLUMNS FROM `qsc_voice_song` [ RunTime:0.004153s ]
SQL: SHOW COLUMNS FROM `qsc_voice_guest` [ RunTime:0.005116s ]
SQL: SHOW COLUMNS FROM `qsc_voice_favorite` [ RunTime:0.005834s ]

[ 2013-07-15T22:50:57+08:00 ] 0.0.0.0 /voice/index.php/Index/index
INFO: [ app_begin ] --START--
INFO: Run ReadHtmlCache Behavior [ RunTime:-0.001718s ]
INFO: [ app_begin ] --END-- [ RunTime:0.001583s ]
SQL: SHOW COLUMNS FROM `qsc_voice_guest` [ RunTime:0.007684s ]
SQL: SHOW COLUMNS FROM `qsc_voice_news` [ RunTime:0.007105s ]
SQL: SHOW COLUMNS FROM `qsc_voice_song` [ RunTime:0.006180s ]
INFO: [ view_template ] --START--
INFO: Run LocationTemplate Behavior [ RunTime:-0.046272s ]
INFO: [ view_template ] --END-- [ RunTime:0.001892s ]
INFO: [ view_parse ] --START--
NOTIC: [8] Undefined variable: news_list D:\wamp\www\voice\Runtime\Cache\f0ea20e300846e38be5c5ff71a25e91a.php 第 52 行.
INFO: Run ParseTemplate Behavior [ RunTime:-0.048417s ]
INFO: [ view_parse ] --END-- [ RunTime:0.027838s ]
INFO: [ view_filter ] --START--
INFO: Run ContentReplace Behavior [ RunTime:-0.076451s ]
INFO: Run TokenBuild Behavior [ RunTime:-0.077473s ]
INFO: Run WriteHtmlCache Behavior [ RunTime:-0.078483s ]
INFO: Run ShowRuntime Behavior [ RunTime:-0.079172s ]
INFO: [ view_filter ] --END-- [ RunTime:0.005672s ]
INFO: [ view_end ] --START--
INFO: Run ShowPageTrace Behavior [ RunTime:-0.082463s ]
INFO: [ view_end ] --END-- [ RunTime:0.001797s ]

[ 2013-07-15T22:51:00+08:00 ] 0.0.0.0 /voice/index.php/Index/ajax_choose?songid=1
INFO: [ app_begin ] --START--
INFO: Run ReadHtmlCache Behavior [ RunTime:-0.001439s ]
INFO: [ app_begin ] --END-- [ RunTime:0.001273s ]
SQL: SHOW COLUMNS FROM `qsc_voice_song` [ RunTime:0.008745s ]
SQL: SHOW COLUMNS FROM `qsc_voice_guest` [ RunTime:0.006579s ]
NOTIC: [2] Illegal string offset 'id' D:\wamp\www\voice\Lib\Action\IndexAction.class.php 第 382 行.
NOTIC: [2] Illegal string offset 'id' D:\wamp\www\voice\Lib\Action\IndexAction.class.php 第 382 行.
NOTIC: [2] Illegal string offset 'id' D:\wamp\www\voice\Lib\Action\IndexAction.class.php 第 382 行.
NOTIC: [2] Illegal string offset 'id' D:\wamp\www\voice\Lib\Action\IndexAction.class.php 第 382 行.
SQL: SELECT * FROM `qsc_voice_song` WHERE ( `id` = 1 ) LIMIT 1   [ RunTime:0.000722s ]
SQL: SELECT `nickname` FROM `qsc_voice_guest` WHERE id=1 LIMIT 1   [ RunTime:0.000499s ]

[ 2013-07-15T22:51:00+08:00 ] 0.0.0.0 /voice/index.php/Index/ajax_likeOrNot?songid=1
INFO: [ app_begin ] --START--
INFO: Run ReadHtmlCache Behavior [ RunTime:-0.001422s ]
INFO: [ app_begin ] --END-- [ RunTime:0.003219s ]
SQL: SHOW COLUMNS FROM `qsc_voice_song` [ RunTime:0.033013s ]
SQL: SHOW COLUMNS FROM `qsc_voice_guest` [ RunTime:0.004713s ]
SQL: SHOW COLUMNS FROM `qsc_voice_favorite` [ RunTime:0.006324s ]

[ 2013-07-15T22:51:01+08:00 ] 0.0.0.0 /voice/index.php/Index/index
INFO: [ app_begin ] --START--
INFO: Run ReadHtmlCache Behavior [ RunTime:-0.001636s ]
INFO: [ app_begin ] --END-- [ RunTime:0.001452s ]
SQL: SHOW COLUMNS FROM `qsc_voice_guest` [ RunTime:0.008684s ]
SQL: SHOW COLUMNS FROM `qsc_voice_news` [ RunTime:0.006396s ]
SQL: SHOW COLUMNS FROM `qsc_voice_song` [ RunTime:0.007247s ]
INFO: [ view_template ] --START--
INFO: Run LocationTemplate Behavior [ RunTime:-0.046125s ]
INFO: [ view_template ] --END-- [ RunTime:0.001095s ]
INFO: [ view_parse ] --START--
NOTIC: [8] Undefined variable: news_list D:\wamp\www\voice\Runtime\Cache\f0ea20e300846e38be5c5ff71a25e91a.php 第 52 行.
INFO: Run ParseTemplate Behavior [ RunTime:-0.047467s ]
INFO: [ view_parse ] --END-- [ RunTime:0.029943s ]
INFO: [ view_filter ] --START--
INFO: Run ContentReplace Behavior [ RunTime:-0.077625s ]
INFO: Run TokenBuild Behavior [ RunTime:-0.078721s ]
INFO: Run WriteHtmlCache Behavior [ RunTime:-0.079957s ]
INFO: Run ShowRuntime Behavior [ RunTime:-0.080609s ]
INFO: [ view_filter ] --END-- [ RunTime:0.004344s ]
INFO: [ view_end ] --START--
INFO: Run ShowPageTrace Behavior [ RunTime:-0.082304s ]
INFO: [ view_end ] --END-- [ RunTime:0.001798s ]

