[ 2013-04-06T21:48:46+08:00 ] 0.0.0.0 /voice/index.php/Index/ajax_get
INFO: [ app_begin ] --START--
INFO: Run ReadHtmlCache Behavior [ RunTime:-0.003520s ]
INFO: [ app_begin ] --END-- [ RunTime:0.003914s ]
SQL: SHOW COLUMNS FROM `qsc_voice_song` [ RunTime:0.066213s ]
SQL: SELECT * FROM `qsc_voice_song` WHERE ( `id` = 3 ) LIMIT 1   [ RunTime:0.001303s ]

[ 2013-04-06T21:48:48+08:00 ] 0.0.0.0 /voice/index.php/Index/ajax_likeOrNot?songid=3
INFO: [ app_begin ] --START--
INFO: Run ReadHtmlCache Behavior [ RunTime:-0.003421s ]
INFO: [ app_begin ] --END-- [ RunTime:0.014961s ]
SQL: SHOW COLUMNS FROM `qsc_voice_song` [ RunTime:0.102370s ]
SQL: SHOW COLUMNS FROM `qsc_voice_guest` [ RunTime:0.154548s ]
SQL: SHOW COLUMNS FROM `qsc_voice_favorite` [ RunTime:0.086232s ]

[ 2013-04-06T21:48:50+08:00 ] 0.0.0.0 /voice/index.php/Index/index
INFO: [ app_begin ] --START--
INFO: Run ReadHtmlCache Behavior [ RunTime:-0.008375s ]
INFO: [ app_begin ] --END-- [ RunTime:0.004143s ]
SQL: SHOW COLUMNS FROM `qsc_voice_guest` [ RunTime:0.066986s ]
SQL: SHOW COLUMNS FROM `qsc_voice_news` [ RunTime:0.086812s ]
SQL: SHOW COLUMNS FROM `qsc_voice_song` [ RunTime:0.094477s ]
SQL: SELECT * FROM `qsc_voice_news` ORDER BY date desc LIMIT 10   [ RunTime:0.001521s ]
SQL: SELECT * FROM `qsc_voice_guest` WHERE ( `id` = 10 ) LIMIT 1   [ RunTime:0.001469s ]
SQL: SELECT * FROM `qsc_voice_song` WHERE ( `id` = 0 ) LIMIT 1   [ RunTime:0.001199s ]
SQL: SELECT * FROM `qsc_voice_guest` WHERE ( `id` = 9 ) LIMIT 1   [ RunTime:0.002318s ]
SQL: SELECT * FROM `qsc_voice_song` WHERE ( `id` = 0 ) LIMIT 1   [ RunTime:0.001056s ]
SQL: SELECT * FROM `qsc_voice_guest` WHERE ( `id` = 0 ) LIMIT 1   [ RunTime:0.001215s ]
SQL: SELECT * FROM `qsc_voice_song` WHERE ( `id` = 9 ) LIMIT 1   [ RunTime:0.001428s ]
SQL: SELECT * FROM `qsc_voice_guest` WHERE ( `id` = 1 ) LIMIT 1   [ RunTime:0.001211s ]
SQL: SELECT * FROM `qsc_voice_song` WHERE ( `id` = 8 ) LIMIT 1   [ RunTime:0.001134s ]
SQL: SELECT * FROM `qsc_voice_guest` WHERE ( `id` = 0 ) LIMIT 1   [ RunTime:0.000940s ]
SQL: SELECT * FROM `qsc_voice_song` WHERE ( `id` = 8 ) LIMIT 1   [ RunTime:0.000970s ]
SQL: SELECT * FROM `qsc_voice_guest` WHERE ( `id` = 8 ) LIMIT 1   [ RunTime:0.001379s ]
SQL: SELECT * FROM `qsc_voice_song` WHERE ( `id` = 0 ) LIMIT 1   [ RunTime:0.001085s ]
SQL: SELECT * FROM `qsc_voice_guest` WHERE ( `id` = 1 ) LIMIT 1   [ RunTime:0.001182s ]
SQL: SELECT * FROM `qsc_voice_song` WHERE ( `id` = 7 ) LIMIT 1   [ RunTime:0.002003s ]
SQL: SELECT * FROM `qsc_voice_guest` WHERE ( `id` = 0 ) LIMIT 1   [ RunTime:0.000982s ]
SQL: SELECT * FROM `qsc_voice_song` WHERE ( `id` = 7 ) LIMIT 1   [ RunTime:0.001329s ]
SQL: SELECT * FROM `qsc_voice_guest` WHERE ( `id` = 7 ) LIMIT 1   [ RunTime:0.001016s ]
SQL: SELECT * FROM `qsc_voice_song` WHERE ( `id` = 0 ) LIMIT 1   [ RunTime:0.001163s ]
SQL: SELECT * FROM `qsc_voice_guest` WHERE ( `id` = 6 ) LIMIT 1   [ RunTime:0.002469s ]
SQL: SELECT * FROM `qsc_voice_song` WHERE ( `id` = 4 ) LIMIT 1   [ RunTime:0.002372s ]
INFO: [ view_template ] --START--
INFO: Run LocationTemplate Behavior [ RunTime:-1.528554s ]
INFO: [ view_template ] --END-- [ RunTime:0.006455s ]
INFO: [ view_parse ] --START--
NOTIC: [8] Undefined index: id F:\wamp\wamp\www\voice\Runtime\Cache\99a33f8f109a94d476a55d1efa3f8a95.php 第 51 行.
NOTIC: [8] Undefined index: id F:\wamp\wamp\www\voice\Runtime\Cache\99a33f8f109a94d476a55d1efa3f8a95.php 第 52 行.
NOTIC: [8] Undefined index: id F:\wamp\wamp\www\voice\Runtime\Cache\99a33f8f109a94d476a55d1efa3f8a95.php 第 51 行.
NOTIC: [8] Undefined index: id F:\wamp\wamp\www\voice\Runtime\Cache\99a33f8f109a94d476a55d1efa3f8a95.php 第 52 行.
NOTIC: [8] Undefined index: id F:\wamp\wamp\www\voice\Runtime\Cache\99a33f8f109a94d476a55d1efa3f8a95.php 第 51 行.
NOTIC: [8] Undefined index: id F:\wamp\wamp\www\voice\Runtime\Cache\99a33f8f109a94d476a55d1efa3f8a95.php 第 52 行.
INFO: Run ParseTemplate Behavior [ RunTime:-1.535495s ]
INFO: [ view_parse ] --END-- [ RunTime:0.443451s ]
INFO: [ view_filter ] --START--
INFO: Run ContentReplace Behavior [ RunTime:-1.979326s ]
INFO: Run TokenBuild Behavior [ RunTime:-2.111079s ]
INFO: Run WriteHtmlCache Behavior [ RunTime:-2.115002s ]
INFO: Run ShowRuntime Behavior [ RunTime:-2.117155s ]
INFO: [ view_filter ] --END-- [ RunTime:0.141434s ]
INFO: [ view_end ] --START--
INFO: Run ShowPageTrace Behavior [ RunTime:-2.121425s ]
INFO: [ view_end ] --END-- [ RunTime:0.128193s ]

[ 2013-04-06T21:49:14+08:00 ] 0.0.0.0 /voice/index.php/Index/ajax_choose?songid=undefined
INFO: [ app_begin ] --START--
INFO: Run ReadHtmlCache Behavior [ RunTime:-0.003532s ]
INFO: [ app_begin ] --END-- [ RunTime:0.003626s ]
SQL: SHOW COLUMNS FROM `qsc_voice_song` [ RunTime:0.075097s ]
NOTIC: [2] Illegal string offset 'id' F:\wamp\wamp\www\voice\Lib\Action\IndexAction.class.php 第 328 行.
NOTIC: [2] Illegal string offset 'id' F:\wamp\wamp\www\voice\Lib\Action\IndexAction.class.php 第 328 行.
NOTIC: [2] Illegal string offset 'id' F:\wamp\wamp\www\voice\Lib\Action\IndexAction.class.php 第 328 行.
NOTIC: [2] Illegal string offset 'id' F:\wamp\wamp\www\voice\Lib\Action\IndexAction.class.php 第 328 行.
NOTIC: [2] Illegal string offset 'id' F:\wamp\wamp\www\voice\Lib\Action\IndexAction.class.php 第 328 行.
NOTIC: [2] Illegal string offset 'id' F:\wamp\wamp\www\voice\Lib\Action\IndexAction.class.php 第 328 行.
NOTIC: [2] Illegal string offset 'id' F:\wamp\wamp\www\voice\Lib\Action\IndexAction.class.php 第 328 行.
NOTIC: [2] Illegal string offset 'id' F:\wamp\wamp\www\voice\Lib\Action\IndexAction.class.php 第 328 行.
NOTIC: [2] Illegal string offset 'id' F:\wamp\wamp\www\voice\Lib\Action\IndexAction.class.php 第 328 行.

[ 2013-04-06T21:49:15+08:00 ] 0.0.0.0 /voice/index.php/Index/ajax_choose?songid=undefined
INFO: [ app_begin ] --START--
INFO: Run ReadHtmlCache Behavior [ RunTime:-0.003040s ]
INFO: [ app_begin ] --END-- [ RunTime:0.003589s ]
SQL: SHOW COLUMNS FROM `qsc_voice_song` [ RunTime:0.080164s ]
NOTIC: [2] Illegal string offset 'id' F:\wamp\wamp\www\voice\Lib\Action\IndexAction.class.php 第 328 行.
NOTIC: [2] Illegal string offset 'id' F:\wamp\wamp\www\voice\Lib\Action\IndexAction.class.php 第 328 行.
NOTIC: [2] Illegal string offset 'id' F:\wamp\wamp\www\voice\Lib\Action\IndexAction.class.php 第 328 行.
NOTIC: [2] Illegal string offset 'id' F:\wamp\wamp\www\voice\Lib\Action\IndexAction.class.php 第 328 行.
NOTIC: [2] Illegal string offset 'id' F:\wamp\wamp\www\voice\Lib\Action\IndexAction.class.php 第 328 行.
NOTIC: [2] Illegal string offset 'id' F:\wamp\wamp\www\voice\Lib\Action\IndexAction.class.php 第 328 行.
NOTIC: [2] Illegal string offset 'id' F:\wamp\wamp\www\voice\Lib\Action\IndexAction.class.php 第 328 行.
NOTIC: [2] Illegal string offset 'id' F:\wamp\wamp\www\voice\Lib\Action\IndexAction.class.php 第 328 行.
NOTIC: [2] Illegal string offset 'id' F:\wamp\wamp\www\voice\Lib\Action\IndexAction.class.php 第 328 行.

[ 2013-04-06T21:49:22+08:00 ] 0.0.0.0 /voice/index.php/Index/ajax_get
INFO: [ app_begin ] --START--
INFO: Run ReadHtmlCache Behavior [ RunTime:-0.015490s ]
INFO: [ app_begin ] --END-- [ RunTime:0.008511s ]
SQL: SHOW COLUMNS FROM `qsc_voice_song` [ RunTime:0.071014s ]
SQL: SELECT * FROM `qsc_voice_song` WHERE ( `id` = 1 ) LIMIT 1   [ RunTime:0.001614s ]

[ 2013-04-06T21:49:23+08:00 ] 0.0.0.0 /voice/index.php/Index/ajax_likeOrNot?songid=1
INFO: [ app_begin ] --START--
INFO: Run ReadHtmlCache Behavior [ RunTime:-0.002996s ]
INFO: [ app_begin ] --END-- [ RunTime:0.003523s ]
SQL: SHOW COLUMNS FROM `qsc_voice_song` [ RunTime:0.110669s ]
SQL: SHOW COLUMNS FROM `qsc_voice_guest` [ RunTime:0.072193s ]
SQL: SHOW COLUMNS FROM `qsc_voice_favorite` [ RunTime:0.036506s ]
SQL: SELECT * FROM `qsc_voice_guest` WHERE ( `stuid` = '3120103005' ) LIMIT 1   [ RunTime:0.001556s ]
SQL: SELECT * FROM `qsc_voice_favorite` WHERE ( `guestid` = 1 ) AND ( `songid` = 1 ) LIMIT 1   [ RunTime:0.064564s ]

