[ 2013-07-19T14:38:04+08:00 ] ERR: (ThinkException) ÓÉÓÚÄ¿±ê¼ÆËã»ú»ý¼«¾Ü¾ø£¬ÎÞ·¨Á¬½Ó¡£

[ 2013-07-19T14:39:43+08:00 ] 0.0.0.0 /voice/index.php/Index/ajax_get
INFO: [ app_begin ] --START--
INFO: Run ReadHtmlCache Behavior [ RunTime:-0.001886s ]
INFO: [ app_begin ] --END-- [ RunTime:0.003598s ]
SQL: SHOW COLUMNS FROM `qsc_voice_guest` [ RunTime:0.008833s ]
SQL: SHOW COLUMNS FROM `qsc_voice_song` [ RunTime:0.009818s ]

[ 2013-07-19T14:39:49+08:00 ] 0.0.0.0 /voice/index.php/Index/ajax_getsonglist
INFO: [ app_begin ] --START--
INFO: Run ReadHtmlCache Behavior [ RunTime:-0.011541s ]
INFO: [ app_begin ] --END-- [ RunTime:0.003212s ]
SQL: SHOW COLUMNS FROM `qsc_voice_guest` [ RunTime:0.010667s ]
SQL: SHOW COLUMNS FROM `qsc_voice_song` [ RunTime:0.029895s ]
SQL: SHOW COLUMNS FROM `qsc_voice_favorite` [ RunTime:0.085452s ]
SQL: SELECT `id` FROM `qsc_voice_song`  [ RunTime:0.040680s ]
SQL: SELECT * FROM `qsc_voice_song` WHERE ( `id` = 7 ) LIMIT 1   [ RunTime:0.040842s ]
SQL: SELECT `nickname` FROM `qsc_voice_guest` WHERE id=7 LIMIT 1   [ RunTime:0.000826s ]
SQL: SELECT * FROM `qsc_voice_song` WHERE ( `id` = 4 ) LIMIT 1   [ RunTime:0.000487s ]
SQL: SELECT `nickname` FROM `qsc_voice_guest` WHERE id=2 LIMIT 1   [ RunTime:0.000400s ]
SQL: SELECT * FROM `qsc_voice_song` WHERE ( `id` = 1 ) LIMIT 1   [ RunTime:0.001376s ]
SQL: SELECT `nickname` FROM `qsc_voice_guest` WHERE id=1 LIMIT 1   [ RunTime:0.000536s ]
SQL: SELECT * FROM `qsc_voice_song` WHERE ( `id` = 9 ) LIMIT 1   [ RunTime:0.000708s ]
SQL: SELECT `nickname` FROM `qsc_voice_guest` WHERE id=1 LIMIT 1   [ RunTime:0.000652s ]
SQL: SELECT * FROM `qsc_voice_song` WHERE ( `id` = 5 ) LIMIT 1   [ RunTime:0.000845s ]
SQL: SELECT `nickname` FROM `qsc_voice_guest` WHERE id=1 LIMIT 1   [ RunTime:0.000574s ]
SQL: SELECT * FROM `qsc_voice_song` WHERE ( `id` = 6 ) LIMIT 1   [ RunTime:0.000566s ]
SQL: SELECT `nickname` FROM `qsc_voice_guest` WHERE id=1 LIMIT 1   [ RunTime:0.000304s ]
SQL: SELECT * FROM `qsc_voice_song` WHERE ( `id` = 3 ) LIMIT 1   [ RunTime:0.000444s ]
SQL: SELECT `nickname` FROM `qsc_voice_guest` WHERE id=1 LIMIT 1   [ RunTime:0.000307s ]
SQL: SELECT * FROM `qsc_voice_song` WHERE ( `id` = 8 ) LIMIT 1   [ RunTime:0.000363s ]
SQL: SELECT `nickname` FROM `qsc_voice_guest` WHERE id=8 LIMIT 1   [ RunTime:0.000263s ]
SQL: SELECT * FROM `qsc_voice_song` WHERE ( `id` = 2 ) LIMIT 1   [ RunTime:0.000572s ]
SQL: SELECT `nickname` FROM `qsc_voice_guest` WHERE id=1 LIMIT 1   [ RunTime:0.000464s ]

[ 2013-07-19T14:40:02+08:00 ] 0.0.0.0 /voice/index.php/Index/ajax_get
INFO: [ app_begin ] --START--
INFO: Run ReadHtmlCache Behavior [ RunTime:-0.002302s ]
INFO: [ app_begin ] --END-- [ RunTime:0.002338s ]
SQL: SHOW COLUMNS FROM `qsc_voice_guest` [ RunTime:0.033643s ]
SQL: SHOW COLUMNS FROM `qsc_voice_song` [ RunTime:0.006860s ]
SQL: SELECT * FROM `qsc_voice_song` WHERE ( `id` = 7 ) LIMIT 1   [ RunTime:0.000685s ]
SQL: SELECT `nickname` FROM `qsc_voice_guest` WHERE id=7 LIMIT 1   [ RunTime:0.000810s ]

[ 2013-07-19T14:40:02+08:00 ] 0.0.0.0 /voice/index.php/Index/ajax_likeOrNot?songid=7
INFO: [ app_begin ] --START--
INFO: Run ReadHtmlCache Behavior [ RunTime:-0.002254s ]
INFO: [ app_begin ] --END-- [ RunTime:0.002385s ]
SQL: SHOW COLUMNS FROM `qsc_voice_song` [ RunTime:0.005598s ]
SQL: SHOW COLUMNS FROM `qsc_voice_guest` [ RunTime:0.004808s ]
SQL: SHOW COLUMNS FROM `qsc_voice_favorite` [ RunTime:0.006370s ]
SQL: SELECT * FROM `qsc_voice_guest` WHERE ( `stuid` = '3120103005' ) LIMIT 1   [ RunTime:0.000604s ]
SQL: SELECT * FROM `qsc_voice_favorite` WHERE ( `guestid` = 1 ) AND ( `songid` = 7 ) LIMIT 1   [ RunTime:0.291165s ]

[ 2013-07-19T14:40:03+08:00 ] 0.0.0.0 /voice/index.php/Index/ajax_getsonglist
INFO: [ app_begin ] --START--
INFO: Run ReadHtmlCache Behavior [ RunTime:-0.002055s ]
INFO: [ app_begin ] --END-- [ RunTime:0.002962s ]
SQL: SHOW COLUMNS FROM `qsc_voice_guest` [ RunTime:0.011266s ]
SQL: SHOW COLUMNS FROM `qsc_voice_song` [ RunTime:0.008418s ]
SQL: SHOW COLUMNS FROM `qsc_voice_favorite` [ RunTime:0.007791s ]
SQL: SELECT `id` FROM `qsc_voice_song`  [ RunTime:0.000540s ]
SQL: SELECT * FROM `qsc_voice_song` WHERE ( `id` = 4 ) LIMIT 1   [ RunTime:0.000623s ]
SQL: SELECT `nickname` FROM `qsc_voice_guest` WHERE id=2 LIMIT 1   [ RunTime:0.000383s ]
SQL: SELECT * FROM `qsc_voice_song` WHERE ( `id` = 9 ) LIMIT 1   [ RunTime:0.000453s ]
SQL: SELECT `nickname` FROM `qsc_voice_guest` WHERE id=1 LIMIT 1   [ RunTime:0.000615s ]
SQL: SELECT * FROM `qsc_voice_song` WHERE ( `id` = 3 ) LIMIT 1   [ RunTime:0.000796s ]
SQL: SELECT `nickname` FROM `qsc_voice_guest` WHERE id=1 LIMIT 1   [ RunTime:0.000628s ]
SQL: SELECT * FROM `qsc_voice_song` WHERE ( `id` = 6 ) LIMIT 1   [ RunTime:0.000581s ]
SQL: SELECT `nickname` FROM `qsc_voice_guest` WHERE id=1 LIMIT 1   [ RunTime:0.000515s ]
SQL: SELECT * FROM `qsc_voice_song` WHERE ( `id` = 2 ) LIMIT 1   [ RunTime:0.000430s ]
SQL: SELECT `nickname` FROM `qsc_voice_guest` WHERE id=1 LIMIT 1   [ RunTime:0.000383s ]
SQL: SELECT * FROM `qsc_voice_song` WHERE ( `id` = 8 ) LIMIT 1   [ RunTime:0.000639s ]
SQL: SELECT `nickname` FROM `qsc_voice_guest` WHERE id=8 LIMIT 1   [ RunTime:0.000622s ]
SQL: SELECT * FROM `qsc_voice_song` WHERE ( `id` = 5 ) LIMIT 1   [ RunTime:0.000527s ]
SQL: SELECT `nickname` FROM `qsc_voice_guest` WHERE id=1 LIMIT 1   [ RunTime:0.000393s ]
SQL: SELECT * FROM `qsc_voice_song` WHERE ( `id` = 1 ) LIMIT 1   [ RunTime:0.001069s ]
SQL: SELECT `nickname` FROM `qsc_voice_guest` WHERE id=1 LIMIT 1   [ RunTime:0.000921s ]
SQL: SELECT * FROM `qsc_voice_song` WHERE ( `id` = 7 ) LIMIT 1   [ RunTime:0.000706s ]
SQL: SELECT `nickname` FROM `qsc_voice_guest` WHERE id=7 LIMIT 1   [ RunTime:0.000511s ]
SQL: SELECT * FROM `qsc_voice_guest` WHERE ( `stuid` = '3120103005' ) LIMIT 1   [ RunTime:0.000989s ]
SQL: SELECT * FROM `qsc_voice_favorite` WHERE ( `guestid` = 1 )  [ RunTime:0.000589s ]
SQL: SELECT * FROM `qsc_voice_song` WHERE ( `id` = 3 ) LIMIT 1   [ RunTime:0.000690s ]
SQL: SELECT `nickname` FROM `qsc_voice_guest` WHERE id=2 LIMIT 1   [ RunTime:0.000593s ]
SQL: SELECT * FROM `qsc_voice_song` WHERE ( `id` = 4 ) LIMIT 1   [ RunTime:0.001716s ]
SQL: SELECT `nickname` FROM `qsc_voice_guest` WHERE id=1 LIMIT 1   [ RunTime:0.000650s ]
SQL: SELECT * FROM `qsc_voice_song` WHERE ( `id` = 7 ) LIMIT 1   [ RunTime:0.000766s ]
SQL: SELECT `nickname` FROM `qsc_voice_guest` WHERE id=1 LIMIT 1   [ RunTime:0.000483s ]
SQL: SELECT * FROM `qsc_voice_song` WHERE ( `id` = 8 ) LIMIT 1   [ RunTime:0.000417s ]
SQL: SELECT `nickname` FROM `qsc_voice_guest` WHERE id=1 LIMIT 1   [ RunTime:0.000379s ]

[ 2013-07-19T14:40:09+08:00 ] 0.0.0.0 /voice/index.php/Index/ajax_gettoplist
INFO: [ app_begin ] --START--
INFO: Run ReadHtmlCache Behavior [ RunTime:-0.002201s ]
INFO: [ app_begin ] --END-- [ RunTime:0.005007s ]

[ 2013-07-19T14:40:14+08:00 ] 0.0.0.0 /voice/index.php/Index/ajax_get
INFO: [ app_begin ] --START--
INFO: Run ReadHtmlCache Behavior [ RunTime:-0.001903s ]
INFO: [ app_begin ] --END-- [ RunTime:0.002704s ]
SQL: SHOW COLUMNS FROM `qsc_voice_guest` [ RunTime:0.008124s ]
SQL: SHOW COLUMNS FROM `qsc_voice_song` [ RunTime:0.007628s ]
SQL: SELECT * FROM `qsc_voice_song` WHERE ( `id` = 4 ) LIMIT 1   [ RunTime:0.000702s ]
SQL: SELECT `nickname` FROM `qsc_voice_guest` WHERE id=2 LIMIT 1   [ RunTime:0.000405s ]

[ 2013-07-19T14:40:16+08:00 ] 0.0.0.0 /voice/index.php/Index/ajax_likeOrNot?songid=4
INFO: [ app_begin ] --START--
INFO: Run ReadHtmlCache Behavior [ RunTime:-0.002202s ]
INFO: [ app_begin ] --END-- [ RunTime:0.003717s ]
SQL: SHOW COLUMNS FROM `qsc_voice_song` [ RunTime:0.005607s ]
SQL: SHOW COLUMNS FROM `qsc_voice_guest` [ RunTime:0.007541s ]
SQL: SHOW COLUMNS FROM `qsc_voice_favorite` [ RunTime:0.064738s ]
SQL: SELECT * FROM `qsc_voice_guest` WHERE ( `stuid` = '3120103005' ) LIMIT 1   [ RunTime:0.000728s ]
SQL: SELECT * FROM `qsc_voice_favorite` WHERE ( `guestid` = 1 ) AND ( `songid` = 4 ) LIMIT 1   [ RunTime:0.000735s ]

[ 2013-07-19T14:40:16+08:00 ] 0.0.0.0 /voice/index.php/Index/ajax_getsonglist
INFO: [ app_begin ] --START--
INFO: Run ReadHtmlCache Behavior [ RunTime:-0.001708s ]
INFO: [ app_begin ] --END-- [ RunTime:0.001384s ]
SQL: SHOW COLUMNS FROM `qsc_voice_guest` [ RunTime:0.011374s ]
SQL: SHOW COLUMNS FROM `qsc_voice_song` [ RunTime:0.008639s ]
SQL: SHOW COLUMNS FROM `qsc_voice_favorite` [ RunTime:0.008571s ]
SQL: SELECT `id` FROM `qsc_voice_song`  [ RunTime:0.000529s ]
SQL: SELECT * FROM `qsc_voice_song` WHERE ( `id` = 4 ) LIMIT 1   [ RunTime:0.000804s ]
SQL: SELECT `nickname` FROM `qsc_voice_guest` WHERE id=2 LIMIT 1   [ RunTime:0.001841s ]
SQL: SELECT * FROM `qsc_voice_song` WHERE ( `id` = 8 ) LIMIT 1   [ RunTime:0.000792s ]
SQL: SELECT `nickname` FROM `qsc_voice_guest` WHERE id=8 LIMIT 1   [ RunTime:0.000749s ]
SQL: SELECT * FROM `qsc_voice_song` WHERE ( `id` = 5 ) LIMIT 1   [ RunTime:0.000797s ]
SQL: SELECT `nickname` FROM `qsc_voice_guest` WHERE id=1 LIMIT 1   [ RunTime:0.000451s ]
SQL: SELECT * FROM `qsc_voice_song` WHERE ( `id` = 6 ) LIMIT 1   [ RunTime:0.000457s ]
SQL: SELECT `nickname` FROM `qsc_voice_guest` WHERE id=1 LIMIT 1   [ RunTime:0.000550s ]
SQL: SELECT * FROM `qsc_voice_song` WHERE ( `id` = 3 ) LIMIT 1   [ RunTime:0.000697s ]
SQL: SELECT `nickname` FROM `qsc_voice_guest` WHERE id=1 LIMIT 1   [ RunTime:0.000426s ]
SQL: SELECT * FROM `qsc_voice_song` WHERE ( `id` = 7 ) LIMIT 1   [ RunTime:0.000675s ]
SQL: SELECT `nickname` FROM `qsc_voice_guest` WHERE id=7 LIMIT 1   [ RunTime:0.000928s ]
SQL: SELECT * FROM `qsc_voice_song` WHERE ( `id` = 9 ) LIMIT 1   [ RunTime:0.000470s ]
SQL: SELECT `nickname` FROM `qsc_voice_guest` WHERE id=1 LIMIT 1   [ RunTime:0.000455s ]
SQL: SELECT * FROM `qsc_voice_song` WHERE ( `id` = 2 ) LIMIT 1   [ RunTime:0.000416s ]
SQL: SELECT `nickname` FROM `qsc_voice_guest` WHERE id=1 LIMIT 1   [ RunTime:0.000375s ]
SQL: SELECT * FROM `qsc_voice_song` WHERE ( `id` = 1 ) LIMIT 1   [ RunTime:0.000473s ]
SQL: SELECT `nickname` FROM `qsc_voice_guest` WHERE id=1 LIMIT 1   [ RunTime:0.000402s ]
SQL: SELECT * FROM `qsc_voice_guest` WHERE ( `stuid` = '3120103005' ) LIMIT 1   [ RunTime:0.000567s ]
SQL: SELECT * FROM `qsc_voice_favorite` WHERE ( `guestid` = 1 )  [ RunTime:0.000314s ]
SQL: SELECT * FROM `qsc_voice_song` WHERE ( `id` = 3 ) LIMIT 1   [ RunTime:0.000375s ]
SQL: SELECT `nickname` FROM `qsc_voice_guest` WHERE id=2 LIMIT 1   [ RunTime:0.001138s ]
SQL: SELECT * FROM `qsc_voice_song` WHERE ( `id` = 4 ) LIMIT 1   [ RunTime:0.000680s ]
SQL: SELECT `nickname` FROM `qsc_voice_guest` WHERE id=8 LIMIT 1   [ RunTime:0.000462s ]
SQL: SELECT * FROM `qsc_voice_song` WHERE ( `id` = 7 ) LIMIT 1   [ RunTime:0.000472s ]
SQL: SELECT `nickname` FROM `qsc_voice_guest` WHERE id=1 LIMIT 1   [ RunTime:0.000279s ]
SQL: SELECT * FROM `qsc_voice_song` WHERE ( `id` = 8 ) LIMIT 1   [ RunTime:0.000361s ]
SQL: SELECT `nickname` FROM `qsc_voice_guest` WHERE id=1 LIMIT 1   [ RunTime:0.000320s ]

[ 2013-07-19T14:40:20+08:00 ] 0.0.0.0 /voice/index.php/Index/ajax_view?uid=2
INFO: [ app_begin ] --START--
INFO: Run ReadHtmlCache Behavior [ RunTime:-0.001819s ]
INFO: [ app_begin ] --END-- [ RunTime:0.001865s ]
SQL: SHOW COLUMNS FROM `qsc_voice_guest` [ RunTime:0.009642s ]
SQL: SHOW COLUMNS FROM `qsc_voice_favorite` [ RunTime:0.009115s ]
SQL: SHOW COLUMNS FROM `qsc_voice_song` [ RunTime:0.008534s ]
SQL: SELECT * FROM `qsc_voice_guest` WHERE id=2 LIMIT 1   [ RunTime:0.000851s ]
SQL: SELECT `id` FROM `qsc_voice_guest` WHERE stuid=3120103005 LIMIT 1   [ RunTime:0.000472s ]
SQL: SELECT * FROM `qsc_voice_favorite` WHERE ( `guestid` = 2 )  [ RunTime:0.000627s ]
NOTIC: [2] Invalid argument supplied for foreach() D:\wamp\www\voice\Lib\Action\IndexAction.class.php ç¬¬ 408 è¡Œ.
NOTIC: [8] Undefined variable: favorite_list D:\wamp\www\voice\Lib\Action\IndexAction.class.php ç¬¬ 416 è¡Œ.

[ 2013-07-19T14:40:23+08:00 ] 0.0.0.0 /voice/index.php/Index/ajax_view?uid=1
INFO: [ app_begin ] --START--
INFO: Run ReadHtmlCache Behavior [ RunTime:-0.002426s ]
INFO: [ app_begin ] --END-- [ RunTime:0.001608s ]
SQL: SHOW COLUMNS FROM `qsc_voice_guest` [ RunTime:0.008538s ]
SQL: SHOW COLUMNS FROM `qsc_voice_favorite` [ RunTime:0.008993s ]
SQL: SHOW COLUMNS FROM `qsc_voice_song` [ RunTime:0.006455s ]
SQL: SELECT * FROM `qsc_voice_guest` WHERE id=1 LIMIT 1   [ RunTime:0.001184s ]
SQL: SELECT `id` FROM `qsc_voice_guest` WHERE stuid=3120103005 LIMIT 1   [ RunTime:0.000418s ]
SQL: SELECT * FROM `qsc_voice_favorite` WHERE ( `guestid` = 1 )  [ RunTime:0.000466s ]
SQL: SELECT * FROM `qsc_voice_song` WHERE ( `id` = 3 ) LIMIT 1   [ RunTime:0.000376s ]
SQL: SELECT `nickname` FROM `qsc_voice_guest` WHERE id=1 LIMIT 1   [ RunTime:0.000812s ]
SQL: SELECT * FROM `qsc_voice_song` WHERE ( `id` = 4 ) LIMIT 1   [ RunTime:0.000410s ]
SQL: SELECT `nickname` FROM `qsc_voice_guest` WHERE id=2 LIMIT 1   [ RunTime:0.000272s ]
SQL: SELECT * FROM `qsc_voice_song` WHERE ( `id` = 7 ) LIMIT 1   [ RunTime:0.000325s ]
SQL: SELECT `nickname` FROM `qsc_voice_guest` WHERE id=7 LIMIT 1   [ RunTime:0.001436s ]
SQL: SELECT * FROM `qsc_voice_song` WHERE ( `id` = 8 ) LIMIT 1   [ RunTime:0.000511s ]
SQL: SELECT `nickname` FROM `qsc_voice_guest` WHERE id=8 LIMIT 1   [ RunTime:0.000392s ]

[ 2013-07-19T14:40:26+08:00 ] 0.0.0.0 /voice/index.php/Index/ajax_view?uid=2
INFO: [ app_begin ] --START--
INFO: Run ReadHtmlCache Behavior [ RunTime:-0.002170s ]
INFO: [ app_begin ] --END-- [ RunTime:0.001425s ]
SQL: SHOW COLUMNS FROM `qsc_voice_guest` [ RunTime:0.008185s ]
SQL: SHOW COLUMNS FROM `qsc_voice_favorite` [ RunTime:0.009057s ]
SQL: SHOW COLUMNS FROM `qsc_voice_song` [ RunTime:0.008110s ]
SQL: SELECT * FROM `qsc_voice_guest` WHERE id=2 LIMIT 1   [ RunTime:0.000909s ]
SQL: SELECT `id` FROM `qsc_voice_guest` WHERE stuid=3120103005 LIMIT 1   [ RunTime:0.000445s ]
SQL: SELECT * FROM `qsc_voice_favorite` WHERE ( `guestid` = 2 )  [ RunTime:0.000997s ]
NOTIC: [2] Invalid argument supplied for foreach() D:\wamp\www\voice\Lib\Action\IndexAction.class.php ç¬¬ 408 è¡Œ.
NOTIC: [8] Undefined variable: favorite_list D:\wamp\www\voice\Lib\Action\IndexAction.class.php ç¬¬ 416 è¡Œ.

[ 2013-07-19T14:40:33+08:00 ] 0.0.0.0 /voice/index.php/Index/ajax_view?uid=1
INFO: [ app_begin ] --START--
INFO: Run ReadHtmlCache Behavior [ RunTime:-0.001500s ]
INFO: [ app_begin ] --END-- [ RunTime:0.001350s ]
SQL: SHOW COLUMNS FROM `qsc_voice_guest` [ RunTime:0.009686s ]
SQL: SHOW COLUMNS FROM `qsc_voice_favorite` [ RunTime:0.007448s ]
SQL: SHOW COLUMNS FROM `qsc_voice_song` [ RunTime:0.007506s ]
SQL: SELECT * FROM `qsc_voice_guest` WHERE id=1 LIMIT 1   [ RunTime:0.001001s ]
SQL: SELECT `id` FROM `qsc_voice_guest` WHERE stuid=3120103005 LIMIT 1   [ RunTime:0.000397s ]
SQL: SELECT * FROM `qsc_voice_favorite` WHERE ( `guestid` = 1 )  [ RunTime:0.000433s ]
SQL: SELECT * FROM `qsc_voice_song` WHERE ( `id` = 3 ) LIMIT 1   [ RunTime:0.000467s ]
SQL: SELECT `nickname` FROM `qsc_voice_guest` WHERE id=1 LIMIT 1   [ RunTime:0.000537s ]
SQL: SELECT * FROM `qsc_voice_song` WHERE ( `id` = 4 ) LIMIT 1   [ RunTime:0.000443s ]
SQL: SELECT `nickname` FROM `qsc_voice_guest` WHERE id=2 LIMIT 1   [ RunTime:0.000322s ]
SQL: SELECT * FROM `qsc_voice_song` WHERE ( `id` = 7 ) LIMIT 1   [ RunTime:0.000349s ]
SQL: SELECT `nickname` FROM `qsc_voice_guest` WHERE id=7 LIMIT 1   [ RunTime:0.000299s ]
SQL: SELECT * FROM `qsc_voice_song` WHERE ( `id` = 8 ) LIMIT 1   [ RunTime:0.000414s ]
SQL: SELECT `nickname` FROM `qsc_voice_guest` WHERE id=8 LIMIT 1   [ RunTime:0.000317s ]

[ 2013-07-19T14:40:37+08:00 ] 0.0.0.0 /voice/index.php/Index/ajax_getsonglist
INFO: [ app_begin ] --START--
INFO: Run ReadHtmlCache Behavior [ RunTime:-0.001569s ]
INFO: [ app_begin ] --END-- [ RunTime:0.001377s ]
SQL: SHOW COLUMNS FROM `qsc_voice_guest` [ RunTime:0.010150s ]
SQL: SHOW COLUMNS FROM `qsc_voice_song` [ RunTime:0.009162s ]
SQL: SHOW COLUMNS FROM `qsc_voice_favorite` [ RunTime:0.007640s ]
SQL: SELECT `id` FROM `qsc_voice_song`  [ RunTime:0.000564s ]
SQL: SELECT * FROM `qsc_voice_song` WHERE ( `id` = 5 ) LIMIT 1   [ RunTime:0.001178s ]
SQL: SELECT `nickname` FROM `qsc_voice_guest` WHERE id=1 LIMIT 1   [ RunTime:0.001769s ]
SQL: SELECT * FROM `qsc_voice_song` WHERE ( `id` = 6 ) LIMIT 1   [ RunTime:0.000651s ]
SQL: SELECT `nickname` FROM `qsc_voice_guest` WHERE id=1 LIMIT 1   [ RunTime:0.000373s ]
SQL: SELECT * FROM `qsc_voice_song` WHERE ( `id` = 7 ) LIMIT 1   [ RunTime:0.000427s ]
SQL: SELECT `nickname` FROM `qsc_voice_guest` WHERE id=7 LIMIT 1   [ RunTime:0.000518s ]
SQL: SELECT * FROM `qsc_voice_song` WHERE ( `id` = 2 ) LIMIT 1   [ RunTime:0.000428s ]
SQL: SELECT `nickname` FROM `qsc_voice_guest` WHERE id=1 LIMIT 1   [ RunTime:0.000343s ]
SQL: SELECT * FROM `qsc_voice_song` WHERE ( `id` = 4 ) LIMIT 1   [ RunTime:0.000556s ]
SQL: SELECT `nickname` FROM `qsc_voice_guest` WHERE id=2 LIMIT 1   [ RunTime:0.000543s ]
SQL: SELECT * FROM `qsc_voice_song` WHERE ( `id` = 3 ) LIMIT 1   [ RunTime:0.000532s ]
SQL: SELECT `nickname` FROM `qsc_voice_guest` WHERE id=1 LIMIT 1   [ RunTime:0.000430s ]
SQL: SELECT * FROM `qsc_voice_song` WHERE ( `id` = 8 ) LIMIT 1   [ RunTime:0.000603s ]
SQL: SELECT `nickname` FROM `qsc_voice_guest` WHERE id=8 LIMIT 1   [ RunTime:0.000558s ]
SQL: SELECT * FROM `qsc_voice_song` WHERE ( `id` = 9 ) LIMIT 1   [ RunTime:0.000533s ]
SQL: SELECT `nickname` FROM `qsc_voice_guest` WHERE id=1 LIMIT 1   [ RunTime:0.000495s ]
SQL: SELECT * FROM `qsc_voice_song` WHERE ( `id` = 1 ) LIMIT 1   [ RunTime:0.000449s ]
SQL: SELECT `nickname` FROM `qsc_voice_guest` WHERE id=1 LIMIT 1   [ RunTime:0.000330s ]
SQL: SELECT * FROM `qsc_voice_guest` WHERE ( `stuid` = '3120103005' ) LIMIT 1   [ RunTime:0.000625s ]
SQL: SELECT * FROM `qsc_voice_favorite` WHERE ( `guestid` = 1 )  [ RunTime:0.000583s ]
SQL: SELECT * FROM `qsc_voice_song` WHERE ( `id` = 3 ) LIMIT 1   [ RunTime:0.000485s ]
SQL: SELECT `nickname` FROM `qsc_voice_guest` WHERE id=1 LIMIT 1   [ RunTime:0.000320s ]
SQL: SELECT * FROM `qsc_voice_song` WHERE ( `id` = 4 ) LIMIT 1   [ RunTime:0.000477s ]
SQL: SELECT `nickname` FROM `qsc_voice_guest` WHERE id=1 LIMIT 1   [ RunTime:0.000592s ]
SQL: SELECT * FROM `qsc_voice_song` WHERE ( `id` = 7 ) LIMIT 1   [ RunTime:0.000463s ]
SQL: SELECT `nickname` FROM `qsc_voice_guest` WHERE id=7 LIMIT 1   [ RunTime:0.000325s ]
SQL: SELECT * FROM `qsc_voice_song` WHERE ( `id` = 8 ) LIMIT 1   [ RunTime:0.000451s ]
SQL: SELECT `nickname` FROM `qsc_voice_guest` WHERE id=1 LIMIT 1   [ RunTime:0.000375s ]

[ 2013-07-19T14:49:07+08:00 ] 0.0.0.0 /voice/index.php/Index/ajax_get
INFO: [ app_begin ] --START--
INFO: Run ReadHtmlCache Behavior [ RunTime:-0.001828s ]
INFO: [ app_begin ] --END-- [ RunTime:0.003247s ]
SQL: SHOW COLUMNS FROM `qsc_voice_guest` [ RunTime:0.024643s ]
SQL: SHOW COLUMNS FROM `qsc_voice_song` [ RunTime:0.008699s ]
SQL: SELECT * FROM `qsc_voice_song` WHERE ( `id` = 5 ) LIMIT 1   [ RunTime:0.153941s ]
SQL: SELECT `nickname` FROM `qsc_voice_guest` WHERE id=1 LIMIT 1   [ RunTime:0.001991s ]

[ 2013-07-19T14:49:08+08:00 ] 0.0.0.0 /voice/index.php/Index/ajax_likeOrNot?songid=5
INFO: [ app_begin ] --START--
INFO: Run ReadHtmlCache Behavior [ RunTime:-0.001774s ]
INFO: [ app_begin ] --END-- [ RunTime:0.002209s ]
SQL: SHOW COLUMNS FROM `qsc_voice_song` [ RunTime:0.044523s ]
SQL: SHOW COLUMNS FROM `qsc_voice_guest` [ RunTime:0.008739s ]
SQL: SHOW COLUMNS FROM `qsc_voice_favorite` [ RunTime:0.120042s ]
SQL: SELECT * FROM `qsc_voice_guest` WHERE ( `stuid` = '3120103005' ) LIMIT 1   [ RunTime:0.000690s ]
SQL: SELECT * FROM `qsc_voice_favorite` WHERE ( `guestid` = 1 ) AND ( `songid` = 5 ) LIMIT 1   [ RunTime:0.222769s ]

[ 2013-07-19T14:49:27+08:00 ] 0.0.0.0 /voice/index.php/Index/ajax_get
INFO: [ app_begin ] --START--
INFO: Run ReadHtmlCache Behavior [ RunTime:-0.001421s ]
INFO: [ app_begin ] --END-- [ RunTime:0.001260s ]
SQL: SHOW COLUMNS FROM `qsc_voice_guest` [ RunTime:0.023925s ]
SQL: SHOW COLUMNS FROM `qsc_voice_song` [ RunTime:0.006773s ]

[ 2013-07-19T14:49:31+08:00 ] 0.0.0.0 /voice/index.php/Index/ajax_getsonglist
INFO: [ app_begin ] --START--
INFO: Run ReadHtmlCache Behavior [ RunTime:-0.002068s ]
INFO: [ app_begin ] --END-- [ RunTime:0.001756s ]
SQL: SHOW COLUMNS FROM `qsc_voice_guest` [ RunTime:0.010694s ]
SQL: SHOW COLUMNS FROM `qsc_voice_song` [ RunTime:0.007867s ]
SQL: SHOW COLUMNS FROM `qsc_voice_favorite` [ RunTime:0.030998s ]
SQL: SELECT `id` FROM `qsc_voice_song`  [ RunTime:0.103543s ]
SQL: SELECT * FROM `qsc_voice_song` WHERE ( `id` = 8 ) LIMIT 1   [ RunTime:0.000698s ]
SQL: SELECT `nickname` FROM `qsc_voice_guest` WHERE id=8 LIMIT 1   [ RunTime:0.000861s ]
SQL: SELECT * FROM `qsc_voice_song` WHERE ( `id` = 3 ) LIMIT 1   [ RunTime:0.000701s ]
SQL: SELECT `nickname` FROM `qsc_voice_guest` WHERE id=1 LIMIT 1   [ RunTime:0.000496s ]
SQL: SELECT * FROM `qsc_voice_song` WHERE ( `id` = 6 ) LIMIT 1   [ RunTime:0.000436s ]
SQL: SELECT `nickname` FROM `qsc_voice_guest` WHERE id=1 LIMIT 1   [ RunTime:0.000324s ]
SQL: SELECT * FROM `qsc_voice_song` WHERE ( `id` = 7 ) LIMIT 1   [ RunTime:0.000380s ]
SQL: SELECT `nickname` FROM `qsc_voice_guest` WHERE id=7 LIMIT 1   [ RunTime:0.000496s ]
SQL: SELECT * FROM `qsc_voice_song` WHERE ( `id` = 4 ) LIMIT 1   [ RunTime:0.000482s ]
SQL: SELECT `nickname` FROM `qsc_voice_guest` WHERE id=2 LIMIT 1   [ RunTime:0.000363s ]
SQL: SELECT * FROM `qsc_voice_song` WHERE ( `id` = 9 ) LIMIT 1   [ RunTime:0.000526s ]
SQL: SELECT `nickname` FROM `qsc_voice_guest` WHERE id=1 LIMIT 1   [ RunTime:0.000568s ]
SQL: SELECT * FROM `qsc_voice_song` WHERE ( `id` = 1 ) LIMIT 1   [ RunTime:0.000849s ]
SQL: SELECT `nickname` FROM `qsc_voice_guest` WHERE id=1 LIMIT 1   [ RunTime:0.000640s ]
SQL: SELECT * FROM `qsc_voice_song` WHERE ( `id` = 2 ) LIMIT 1   [ RunTime:0.000796s ]
SQL: SELECT `nickname` FROM `qsc_voice_guest` WHERE id=1 LIMIT 1   [ RunTime:0.000539s ]
SQL: SELECT * FROM `qsc_voice_song` WHERE ( `id` = 5 ) LIMIT 1   [ RunTime:0.000408s ]
SQL: SELECT `nickname` FROM `qsc_voice_guest` WHERE id=1 LIMIT 1   [ RunTime:0.000425s ]
SQL: SELECT * FROM `qsc_voice_guest` WHERE ( `stuid` = '3120103005' ) LIMIT 1   [ RunTime:0.000863s ]
SQL: SELECT * FROM `qsc_voice_favorite` WHERE ( `guestid` = 1 )  [ RunTime:0.001165s ]
SQL: SELECT * FROM `qsc_voice_song` WHERE ( `id` = 3 ) LIMIT 1   [ RunTime:0.000557s ]
SQL: SELECT `nickname` FROM `qsc_voice_guest` WHERE id=8 LIMIT 1   [ RunTime:0.000348s ]
SQL: SELECT * FROM `qsc_voice_song` WHERE ( `id` = 4 ) LIMIT 1   [ RunTime:0.001379s ]
SQL: SELECT `nickname` FROM `qsc_voice_guest` WHERE id=1 LIMIT 1   [ RunTime:0.000759s ]
SQL: SELECT * FROM `qsc_voice_song` WHERE ( `id` = 7 ) LIMIT 1   [ RunTime:0.000972s ]
SQL: SELECT `nickname` FROM `qsc_voice_guest` WHERE id=1 LIMIT 1   [ RunTime:0.000515s ]
SQL: SELECT * FROM `qsc_voice_song` WHERE ( `id` = 8 ) LIMIT 1   [ RunTime:0.000941s ]
SQL: SELECT `nickname` FROM `qsc_voice_guest` WHERE id=7 LIMIT 1   [ RunTime:0.000660s ]

[ 2013-07-19T14:50:59+08:00 ] 0.0.0.0 /voice/index.php/Index/ajax_get
INFO: [ app_begin ] --START--
INFO: Run ReadHtmlCache Behavior [ RunTime:-0.001591s ]
INFO: [ app_begin ] --END-- [ RunTime:0.001704s ]
SQL: SHOW COLUMNS FROM `qsc_voice_guest` [ RunTime:0.009472s ]
SQL: SHOW COLUMNS FROM `qsc_voice_song` [ RunTime:0.008421s ]

[ 2013-07-19T14:51:00+08:00 ] 0.0.0.0 /voice/index.php/Index/ajax_getsonglist
INFO: [ app_begin ] --START--
INFO: Run ReadHtmlCache Behavior [ RunTime:-0.002084s ]
INFO: [ app_begin ] --END-- [ RunTime:0.002193s ]
SQL: SHOW COLUMNS FROM `qsc_voice_guest` [ RunTime:0.008742s ]
SQL: SHOW COLUMNS FROM `qsc_voice_song` [ RunTime:0.008349s ]
SQL: SHOW COLUMNS FROM `qsc_voice_favorite` [ RunTime:0.021801s ]
SQL: SELECT `id` FROM `qsc_voice_song`  [ RunTime:0.000821s ]
SQL: SELECT * FROM `qsc_voice_song` WHERE ( `id` = 3 ) LIMIT 1   [ RunTime:0.000683s ]
SQL: SELECT `nickname` FROM `qsc_voice_guest` WHERE id=1 LIMIT 1   [ RunTime:0.000458s ]
SQL: SELECT * FROM `qsc_voice_song` WHERE ( `id` = 6 ) LIMIT 1   [ RunTime:0.000498s ]
SQL: SELECT `nickname` FROM `qsc_voice_guest` WHERE id=1 LIMIT 1   [ RunTime:0.000372s ]
SQL: SELECT * FROM `qsc_voice_song` WHERE ( `id` = 4 ) LIMIT 1   [ RunTime:0.000446s ]
SQL: SELECT `nickname` FROM `qsc_voice_guest` WHERE id=2 LIMIT 1   [ RunTime:0.000317s ]
SQL: SELECT * FROM `qsc_voice_song` WHERE ( `id` = 5 ) LIMIT 1   [ RunTime:0.000459s ]
SQL: SELECT `nickname` FROM `qsc_voice_guest` WHERE id=1 LIMIT 1   [ RunTime:0.000621s ]
SQL: SELECT * FROM `qsc_voice_song` WHERE ( `id` = 1 ) LIMIT 1   [ RunTime:0.000820s ]
SQL: SELECT `nickname` FROM `qsc_voice_guest` WHERE id=1 LIMIT 1   [ RunTime:0.000372s ]
SQL: SELECT * FROM `qsc_voice_song` WHERE ( `id` = 8 ) LIMIT 1   [ RunTime:0.000521s ]
SQL: SELECT `nickname` FROM `qsc_voice_guest` WHERE id=8 LIMIT 1   [ RunTime:0.000485s ]
SQL: SELECT * FROM `qsc_voice_song` WHERE ( `id` = 7 ) LIMIT 1   [ RunTime:0.000773s ]
SQL: SELECT `nickname` FROM `qsc_voice_guest` WHERE id=7 LIMIT 1   [ RunTime:0.000693s ]
SQL: SELECT * FROM `qsc_voice_song` WHERE ( `id` = 2 ) LIMIT 1   [ RunTime:0.000655s ]
SQL: SELECT `nickname` FROM `qsc_voice_guest` WHERE id=1 LIMIT 1   [ RunTime:0.000544s ]
SQL: SELECT * FROM `qsc_voice_song` WHERE ( `id` = 9 ) LIMIT 1   [ RunTime:0.000746s ]
SQL: SELECT `nickname` FROM `qsc_voice_guest` WHERE id=1 LIMIT 1   [ RunTime:0.000726s ]

[ 2013-07-19T14:54:45+08:00 ] 0.0.0.0 /voice/index.php/Index/ajax_get
INFO: [ app_begin ] --START--
INFO: Run ReadHtmlCache Behavior [ RunTime:-0.002027s ]
INFO: [ app_begin ] --END-- [ RunTime:0.001470s ]
SQL: SHOW COLUMNS FROM `qsc_voice_guest` [ RunTime:0.006226s ]
SQL: SHOW COLUMNS FROM `qsc_voice_song` [ RunTime:0.004893s ]
SQL: SELECT * FROM `qsc_voice_song` WHERE ( `id` = 3 ) LIMIT 1   [ RunTime:0.000802s ]
SQL: SELECT `nickname` FROM `qsc_voice_guest` WHERE id=1 LIMIT 1   [ RunTime:0.000666s ]

[ 2013-07-19T14:54:45+08:00 ] 0.0.0.0 /voice/index.php/Index/ajax_likeOrNot?songid=3
INFO: [ app_begin ] --START--
INFO: Run ReadHtmlCache Behavior [ RunTime:-0.001363s ]
INFO: [ app_begin ] --END-- [ RunTime:0.001479s ]
SQL: SHOW COLUMNS FROM `qsc_voice_song` [ RunTime:0.006135s ]
SQL: SHOW COLUMNS FROM `qsc_voice_guest` [ RunTime:0.005429s ]
SQL: SHOW COLUMNS FROM `qsc_voice_favorite` [ RunTime:0.008117s ]

[ 2013-07-19T14:54:45+08:00 ] 0.0.0.0 /voice/index.php/Index/index
INFO: [ app_begin ] --START--
INFO: Run ReadHtmlCache Behavior [ RunTime:-0.001367s ]
INFO: [ app_begin ] --END-- [ RunTime:0.001478s ]
SQL: SHOW COLUMNS FROM `qsc_voice_guest` [ RunTime:0.071233s ]
SQL: SHOW COLUMNS FROM `qsc_voice_news` [ RunTime:0.007227s ]
SQL: SHOW COLUMNS FROM `qsc_voice_song` [ RunTime:0.007394s ]
INFO: [ view_template ] --START--
INFO: Run LocationTemplate Behavior [ RunTime:-0.114843s ]
INFO: [ view_template ] --END-- [ RunTime:0.002407s ]
INFO: [ view_parse ] --START--
NOTIC: [8] Undefined variable: news_list D:\wamp\www\voice\Runtime\Cache\f0ea20e300846e38be5c5ff71a25e91a.php ç¬¬ 52 è¡Œ.
INFO: Run ParseTemplate Behavior [ RunTime:-0.117642s ]
INFO: [ view_parse ] --END-- [ RunTime:0.039643s ]
INFO: [ view_filter ] --START--
INFO: Run ContentReplace Behavior [ RunTime:-0.157605s ]
INFO: Run TokenBuild Behavior [ RunTime:-0.160450s ]
INFO: Run WriteHtmlCache Behavior [ RunTime:-0.162221s ]
INFO: Run ShowRuntime Behavior [ RunTime:-0.163447s ]
INFO: [ view_filter ] --END-- [ RunTime:0.007689s ]
INFO: [ view_end ] --START--
INFO: Run ShowPageTrace Behavior [ RunTime:-0.165624s ]
INFO: [ view_end ] --END-- [ RunTime:0.001590s ]

[ 2013-07-19T14:54:52+08:00 ] 0.0.0.0 /voice/index.php/Index/ajax_get
INFO: [ app_begin ] --START--
INFO: Run ReadHtmlCache Behavior [ RunTime:-0.001791s ]
INFO: [ app_begin ] --END-- [ RunTime:0.001610s ]
SQL: SHOW COLUMNS FROM `qsc_voice_guest` [ RunTime:0.009428s ]
SQL: SHOW COLUMNS FROM `qsc_voice_song` [ RunTime:0.007786s ]

[ 2013-07-19T14:54:53+08:00 ] 0.0.0.0 /voice/index.php/Index/ajax_getsonglist
INFO: [ app_begin ] --START--
INFO: Run ReadHtmlCache Behavior [ RunTime:-0.001924s ]
INFO: [ app_begin ] --END-- [ RunTime:0.002269s ]
SQL: SHOW COLUMNS FROM `qsc_voice_guest` [ RunTime:0.024018s ]
SQL: SHOW COLUMNS FROM `qsc_voice_song` [ RunTime:0.008561s ]
SQL: SHOW COLUMNS FROM `qsc_voice_favorite` [ RunTime:0.007935s ]
SQL: SELECT `id` FROM `qsc_voice_song`  [ RunTime:0.000840s ]
SQL: SELECT * FROM `qsc_voice_song` WHERE ( `id` = 2 ) LIMIT 1   [ RunTime:0.000772s ]
SQL: SELECT `nickname` FROM `qsc_voice_guest` WHERE id=1 LIMIT 1   [ RunTime:0.000565s ]
SQL: SELECT * FROM `qsc_voice_song` WHERE ( `id` = 3 ) LIMIT 1   [ RunTime:0.000791s ]
SQL: SELECT `nickname` FROM `qsc_voice_guest` WHERE id=1 LIMIT 1   [ RunTime:0.000791s ]
SQL: SELECT * FROM `qsc_voice_song` WHERE ( `id` = 5 ) LIMIT 1   [ RunTime:0.000548s ]
SQL: SELECT `nickname` FROM `qsc_voice_guest` WHERE id=1 LIMIT 1   [ RunTime:0.000451s ]
SQL: SELECT * FROM `qsc_voice_song` WHERE ( `id` = 1 ) LIMIT 1   [ RunTime:0.000554s ]
SQL: SELECT `nickname` FROM `qsc_voice_guest` WHERE id=1 LIMIT 1   [ RunTime:0.000577s ]
SQL: SELECT * FROM `qsc_voice_song` WHERE ( `id` = 7 ) LIMIT 1   [ RunTime:0.001027s ]
SQL: SELECT `nickname` FROM `qsc_voice_guest` WHERE id=7 LIMIT 1   [ RunTime:0.000751s ]
SQL: SELECT * FROM `qsc_voice_song` WHERE ( `id` = 6 ) LIMIT 1   [ RunTime:0.000536s ]
SQL: SELECT `nickname` FROM `qsc_voice_guest` WHERE id=1 LIMIT 1   [ RunTime:0.000515s ]
SQL: SELECT * FROM `qsc_voice_song` WHERE ( `id` = 8 ) LIMIT 1   [ RunTime:0.000522s ]
SQL: SELECT `nickname` FROM `qsc_voice_guest` WHERE id=8 LIMIT 1   [ RunTime:0.000434s ]
SQL: SELECT * FROM `qsc_voice_song` WHERE ( `id` = 9 ) LIMIT 1   [ RunTime:0.000673s ]
SQL: SELECT `nickname` FROM `qsc_voice_guest` WHERE id=1 LIMIT 1   [ RunTime:0.000707s ]
SQL: SELECT * FROM `qsc_voice_song` WHERE ( `id` = 4 ) LIMIT 1   [ RunTime:0.000952s ]
SQL: SELECT `nickname` FROM `qsc_voice_guest` WHERE id=2 LIMIT 1   [ RunTime:0.000871s ]

[ 2013-07-19T14:56:18+08:00 ] 0.0.0.0 /voice/index.php/Index/ajax_get
INFO: [ app_begin ] --START--
INFO: Run ReadHtmlCache Behavior [ RunTime:-0.001990s ]
INFO: [ app_begin ] --END-- [ RunTime:0.001837s ]
SQL: SHOW COLUMNS FROM `qsc_voice_guest` [ RunTime:0.007696s ]
SQL: SHOW COLUMNS FROM `qsc_voice_song` [ RunTime:0.009486s ]

[ 2013-07-19T14:56:27+08:00 ] 0.0.0.0 /voice/index.php/Index/ajax_getsonglist
INFO: [ app_begin ] --START--
INFO: Run ReadHtmlCache Behavior [ RunTime:-0.001592s ]
INFO: [ app_begin ] --END-- [ RunTime:0.001518s ]
SQL: SHOW COLUMNS FROM `qsc_voice_guest` [ RunTime:0.010927s ]
SQL: SHOW COLUMNS FROM `qsc_voice_song` [ RunTime:0.015991s ]
SQL: SHOW COLUMNS FROM `qsc_voice_favorite` [ RunTime:0.006173s ]
SQL: SELECT `id` FROM `qsc_voice_song`  [ RunTime:0.000425s ]
SQL: SELECT * FROM `qsc_voice_song` WHERE ( `id` = 4 ) LIMIT 1   [ RunTime:0.002473s ]
SQL: SELECT `nickname` FROM `qsc_voice_guest` WHERE id=2 LIMIT 1   [ RunTime:0.000431s ]
SQL: SELECT * FROM `qsc_voice_song` WHERE ( `id` = 7 ) LIMIT 1   [ RunTime:0.000371s ]
SQL: SELECT `nickname` FROM `qsc_voice_guest` WHERE id=7 LIMIT 1   [ RunTime:0.000302s ]
SQL: SELECT * FROM `qsc_voice_song` WHERE ( `id` = 6 ) LIMIT 1   [ RunTime:0.000392s ]
SQL: SELECT `nickname` FROM `qsc_voice_guest` WHERE id=1 LIMIT 1   [ RunTime:0.000325s ]
SQL: SELECT * FROM `qsc_voice_song` WHERE ( `id` = 9 ) LIMIT 1   [ RunTime:0.000338s ]
SQL: SELECT `nickname` FROM `qsc_voice_guest` WHERE id=1 LIMIT 1   [ RunTime:0.000308s ]
SQL: SELECT * FROM `qsc_voice_song` WHERE ( `id` = 8 ) LIMIT 1   [ RunTime:0.000403s ]
SQL: SELECT `nickname` FROM `qsc_voice_guest` WHERE id=8 LIMIT 1   [ RunTime:0.000302s ]
SQL: SELECT * FROM `qsc_voice_song` WHERE ( `id` = 5 ) LIMIT 1   [ RunTime:0.000366s ]
SQL: SELECT `nickname` FROM `qsc_voice_guest` WHERE id=1 LIMIT 1   [ RunTime:0.000286s ]
SQL: SELECT * FROM `qsc_voice_song` WHERE ( `id` = 1 ) LIMIT 1   [ RunTime:0.000343s ]
SQL: SELECT `nickname` FROM `qsc_voice_guest` WHERE id=1 LIMIT 1   [ RunTime:0.000281s ]
SQL: SELECT * FROM `qsc_voice_song` WHERE ( `id` = 3 ) LIMIT 1   [ RunTime:0.000887s ]
SQL: SELECT `nickname` FROM `qsc_voice_guest` WHERE id=1 LIMIT 1   [ RunTime:0.000366s ]
SQL: SELECT * FROM `qsc_voice_song` WHERE ( `id` = 2 ) LIMIT 1   [ RunTime:0.000361s ]
SQL: SELECT `nickname` FROM `qsc_voice_guest` WHERE id=1 LIMIT 1   [ RunTime:0.000273s ]

[ 2013-07-19T14:57:46+08:00 ] 0.0.0.0 /voice/index.php/Index/ajax_get
INFO: [ app_begin ] --START--
INFO: Run ReadHtmlCache Behavior [ RunTime:-0.001609s ]
INFO: [ app_begin ] --END-- [ RunTime:0.001596s ]
SQL: SHOW COLUMNS FROM `qsc_voice_guest` [ RunTime:0.009558s ]
SQL: SHOW COLUMNS FROM `qsc_voice_song` [ RunTime:0.008693s ]
SQL: SELECT * FROM `qsc_voice_song` WHERE ( `id` = 7 ) LIMIT 1   [ RunTime:0.000688s ]
SQL: SELECT `nickname` FROM `qsc_voice_guest` WHERE id=7 LIMIT 1   [ RunTime:0.000513s ]

[ 2013-07-19T14:57:46+08:00 ] 0.0.0.0 /voice/index.php/Index/ajax_likeOrNot?songid=7
INFO: [ app_begin ] --START--
INFO: Run ReadHtmlCache Behavior [ RunTime:-0.001665s ]
INFO: [ app_begin ] --END-- [ RunTime:0.002356s ]
SQL: SHOW COLUMNS FROM `qsc_voice_song` [ RunTime:0.007019s ]
SQL: SHOW COLUMNS FROM `qsc_voice_guest` [ RunTime:0.005480s ]
SQL: SHOW COLUMNS FROM `qsc_voice_favorite` [ RunTime:0.010770s ]

[ 2013-07-19T14:57:46+08:00 ] 0.0.0.0 /voice/index.php/Index/index
INFO: [ app_begin ] --START--
INFO: Run ReadHtmlCache Behavior [ RunTime:-0.001579s ]
INFO: [ app_begin ] --END-- [ RunTime:0.001589s ]
SQL: SHOW COLUMNS FROM `qsc_voice_guest` [ RunTime:0.007680s ]
SQL: SHOW COLUMNS FROM `qsc_voice_news` [ RunTime:0.024728s ]
SQL: SHOW COLUMNS FROM `qsc_voice_song` [ RunTime:0.006446s ]
INFO: [ view_template ] --START--
INFO: Run LocationTemplate Behavior [ RunTime:-0.068351s ]
INFO: [ view_template ] --END-- [ RunTime:0.001633s ]
INFO: [ view_parse ] --START--
NOTIC: [8] Undefined variable: news_list D:\wamp\www\voice\Runtime\Cache\f0ea20e300846e38be5c5ff71a25e91a.php ç¬¬ 52 è¡Œ.
INFO: Run ParseTemplate Behavior [ RunTime:-0.070228s ]
INFO: [ view_parse ] --END-- [ RunTime:0.035943s ]
INFO: [ view_filter ] --START--
INFO: Run ContentReplace Behavior [ RunTime:-0.106880s ]
INFO: Run TokenBuild Behavior [ RunTime:-0.108884s ]
INFO: Run WriteHtmlCache Behavior [ RunTime:-0.110778s ]
INFO: Run ShowRuntime Behavior [ RunTime:-0.111835s ]
INFO: [ view_filter ] --END-- [ RunTime:0.009167s ]
INFO: [ view_end ] --START--
INFO: Run ShowPageTrace Behavior [ RunTime:-0.115956s ]
INFO: [ view_end ] --END-- [ RunTime:0.001608s ]

[ 2013-07-19T14:57:56+08:00 ] 0.0.0.0 /voice/index.php/Index/ajax_get
INFO: [ app_begin ] --START--
INFO: Run ReadHtmlCache Behavior [ RunTime:-0.001646s ]
INFO: [ app_begin ] --END-- [ RunTime:0.001615s ]
SQL: SHOW COLUMNS FROM `qsc_voice_guest` [ RunTime:0.006979s ]
SQL: SHOW COLUMNS FROM `qsc_voice_song` [ RunTime:0.006609s ]

[ 2013-07-19T14:58:16+08:00 ] 0.0.0.0 /voice/index.php/Index/ajax_getsonglist
INFO: [ app_begin ] --START--
INFO: Run ReadHtmlCache Behavior [ RunTime:-0.002047s ]
INFO: [ app_begin ] --END-- [ RunTime:0.002391s ]
SQL: SHOW COLUMNS FROM `qsc_voice_guest` [ RunTime:0.007963s ]
SQL: SHOW COLUMNS FROM `qsc_voice_song` [ RunTime:0.007569s ]
SQL: SHOW COLUMNS FROM `qsc_voice_favorite` [ RunTime:0.005937s ]
SQL: SELECT `id` FROM `qsc_voice_song`  [ RunTime:0.000408s ]
SQL: SELECT * FROM `qsc_voice_song` WHERE ( `id` = 7 ) LIMIT 1   [ RunTime:0.000571s ]
SQL: SELECT `nickname` FROM `qsc_voice_guest` WHERE id=7 LIMIT 1   [ RunTime:0.000305s ]
SQL: SELECT * FROM `qsc_voice_song` WHERE ( `id` = 2 ) LIMIT 1   [ RunTime:0.000334s ]
SQL: SELECT `nickname` FROM `qsc_voice_guest` WHERE id=1 LIMIT 1   [ RunTime:0.000286s ]
SQL: SELECT * FROM `qsc_voice_song` WHERE ( `id` = 3 ) LIMIT 1   [ RunTime:0.000419s ]
SQL: SELECT `nickname` FROM `qsc_voice_guest` WHERE id=1 LIMIT 1   [ RunTime:0.000349s ]
SQL: SELECT * FROM `qsc_voice_song` WHERE ( `id` = 5 ) LIMIT 1   [ RunTime:0.000326s ]
SQL: SELECT `nickname` FROM `qsc_voice_guest` WHERE id=1 LIMIT 1   [ RunTime:0.000275s ]
SQL: SELECT * FROM `qsc_voice_song` WHERE ( `id` = 1 ) LIMIT 1   [ RunTime:0.000329s ]
SQL: SELECT `nickname` FROM `qsc_voice_guest` WHERE id=1 LIMIT 1   [ RunTime:0.000295s ]
SQL: SELECT * FROM `qsc_voice_song` WHERE ( `id` = 6 ) LIMIT 1   [ RunTime:0.000440s ]
SQL: SELECT `nickname` FROM `qsc_voice_guest` WHERE id=1 LIMIT 1   [ RunTime:0.000280s ]
SQL: SELECT * FROM `qsc_voice_song` WHERE ( `id` = 8 ) LIMIT 1   [ RunTime:0.000330s ]
SQL: SELECT `nickname` FROM `qsc_voice_guest` WHERE id=8 LIMIT 1   [ RunTime:0.000287s ]
SQL: SELECT * FROM `qsc_voice_song` WHERE ( `id` = 9 ) LIMIT 1   [ RunTime:0.000323s ]
SQL: SELECT `nickname` FROM `qsc_voice_guest` WHERE id=1 LIMIT 1   [ RunTime:0.000285s ]
SQL: SELECT * FROM `qsc_voice_song` WHERE ( `id` = 4 ) LIMIT 1   [ RunTime:0.000327s ]
SQL: SELECT `nickname` FROM `qsc_voice_guest` WHERE id=2 LIMIT 1   [ RunTime:0.000284s ]

[ 2013-07-19T14:59:49+08:00 ] 0.0.0.0 /voice/index.php/Index/ajax_get
INFO: [ app_begin ] --START--
INFO: Run ReadHtmlCache Behavior [ RunTime:-0.001892s ]
INFO: [ app_begin ] --END-- [ RunTime:0.001422s ]
SQL: SHOW COLUMNS FROM `qsc_voice_guest` [ RunTime:0.008513s ]
SQL: SHOW COLUMNS FROM `qsc_voice_song` [ RunTime:0.010391s ]

[ 2013-07-19T15:00:29+08:00 ] 0.0.0.0 /voice/index.php/Index/ajax_getsonglist
INFO: [ app_begin ] --START--
INFO: Run ReadHtmlCache Behavior [ RunTime:-0.001283s ]
INFO: [ app_begin ] --END-- [ RunTime:0.001142s ]
SQL: SHOW COLUMNS FROM `qsc_voice_guest` [ RunTime:0.009143s ]
SQL: SHOW COLUMNS FROM `qsc_voice_song` [ RunTime:0.007185s ]
SQL: SHOW COLUMNS FROM `qsc_voice_favorite` [ RunTime:0.006464s ]
SQL: SELECT `id` FROM `qsc_voice_song`  [ RunTime:0.000570s ]
SQL: SELECT * FROM `qsc_voice_song` WHERE ( `id` = 6 ) LIMIT 1   [ RunTime:0.000511s ]
SQL: SELECT `nickname` FROM `qsc_voice_guest` WHERE id=1 LIMIT 1   [ RunTime:0.000447s ]
SQL: SELECT * FROM `qsc_voice_song` WHERE ( `id` = 1 ) LIMIT 1   [ RunTime:0.000507s ]
SQL: SELECT `nickname` FROM `qsc_voice_guest` WHERE id=1 LIMIT 1   [ RunTime:0.000411s ]
SQL: SELECT * FROM `qsc_voice_song` WHERE ( `id` = 9 ) LIMIT 1   [ RunTime:0.000497s ]
SQL: SELECT `nickname` FROM `qsc_voice_guest` WHERE id=1 LIMIT 1   [ RunTime:0.000465s ]
SQL: SELECT * FROM `qsc_voice_song` WHERE ( `id` = 4 ) LIMIT 1   [ RunTime:0.000701s ]
SQL: SELECT `nickname` FROM `qsc_voice_guest` WHERE id=2 LIMIT 1   [ RunTime:0.000578s ]
SQL: SELECT * FROM `qsc_voice_song` WHERE ( `id` = 5 ) LIMIT 1   [ RunTime:0.000975s ]
SQL: SELECT `nickname` FROM `qsc_voice_guest` WHERE id=1 LIMIT 1   [ RunTime:0.000424s ]
SQL: SELECT * FROM `qsc_voice_song` WHERE ( `id` = 7 ) LIMIT 1   [ RunTime:0.000524s ]
SQL: SELECT `nickname` FROM `qsc_voice_guest` WHERE id=7 LIMIT 1   [ RunTime:0.000588s ]
SQL: SELECT * FROM `qsc_voice_song` WHERE ( `id` = 2 ) LIMIT 1   [ RunTime:0.000753s ]
SQL: SELECT `nickname` FROM `qsc_voice_guest` WHERE id=1 LIMIT 1   [ RunTime:0.000766s ]
SQL: SELECT * FROM `qsc_voice_song` WHERE ( `id` = 3 ) LIMIT 1   [ RunTime:0.000537s ]
SQL: SELECT `nickname` FROM `qsc_voice_guest` WHERE id=1 LIMIT 1   [ RunTime:0.000407s ]
SQL: SELECT * FROM `qsc_voice_song` WHERE ( `id` = 8 ) LIMIT 1   [ RunTime:0.000780s ]
SQL: SELECT `nickname` FROM `qsc_voice_guest` WHERE id=8 LIMIT 1   [ RunTime:0.000859s ]

[ 2013-07-19T15:00:56+08:00 ] 0.0.0.0 /voice/index.php/Index/ajax_choose?songid=1
INFO: [ app_begin ] --START--
INFO: Run ReadHtmlCache Behavior [ RunTime:-0.001764s ]
INFO: [ app_begin ] --END-- [ RunTime:0.001241s ]
SQL: SHOW COLUMNS FROM `qsc_voice_song` [ RunTime:0.009732s ]
SQL: SHOW COLUMNS FROM `qsc_voice_guest` [ RunTime:0.007038s ]
NOTIC: [2] Illegal string offset 'id' D:\wamp\www\voice\Lib\Action\IndexAction.class.php ç¬¬ 383 è¡Œ.
NOTIC: [2] Illegal string offset 'id' D:\wamp\www\voice\Lib\Action\IndexAction.class.php ç¬¬ 383 è¡Œ.
SQL: SELECT * FROM `qsc_voice_song` WHERE ( `id` = 1 ) LIMIT 1   [ RunTime:0.001059s ]
SQL: SELECT `nickname` FROM `qsc_voice_guest` WHERE id=1 LIMIT 1   [ RunTime:0.000459s ]

[ 2013-07-19T15:00:56+08:00 ] 0.0.0.0 /voice/index.php/Index/ajax_likeOrNot?songid=1
INFO: [ app_begin ] --START--
INFO: Run ReadHtmlCache Behavior [ RunTime:-0.001885s ]
INFO: [ app_begin ] --END-- [ RunTime:0.001650s ]
SQL: SHOW COLUMNS FROM `qsc_voice_song` [ RunTime:0.007013s ]
SQL: SHOW COLUMNS FROM `qsc_voice_guest` [ RunTime:0.005798s ]
SQL: SHOW COLUMNS FROM `qsc_voice_favorite` [ RunTime:0.006819s ]

[ 2013-07-19T15:00:56+08:00 ] 0.0.0.0 /voice/index.php/Index/index
INFO: [ app_begin ] --START--
INFO: Run ReadHtmlCache Behavior [ RunTime:-0.001555s ]
INFO: [ app_begin ] --END-- [ RunTime:0.001695s ]
SQL: SHOW COLUMNS FROM `qsc_voice_guest` [ RunTime:0.005806s ]
SQL: SHOW COLUMNS FROM `qsc_voice_news` [ RunTime:0.007825s ]
SQL: SHOW COLUMNS FROM `qsc_voice_song` [ RunTime:0.054323s ]
INFO: [ view_template ] --START--
INFO: Run LocationTemplate Behavior [ RunTime:-0.093884s ]
INFO: [ view_template ] --END-- [ RunTime:0.001442s ]
INFO: [ view_parse ] --START--
NOTIC: [8] Undefined variable: news_list D:\wamp\www\voice\Runtime\Cache\f0ea20e300846e38be5c5ff71a25e91a.php ç¬¬ 52 è¡Œ.
INFO: Run ParseTemplate Behavior [ RunTime:-0.095550s ]
INFO: [ view_parse ] --END-- [ RunTime:0.030602s ]
INFO: [ view_filter ] --START--
INFO: Run ContentReplace Behavior [ RunTime:-0.126348s ]
INFO: Run TokenBuild Behavior [ RunTime:-0.127417s ]
INFO: Run WriteHtmlCache Behavior [ RunTime:-0.149541s ]
INFO: Run ShowRuntime Behavior [ RunTime:-0.151463s ]
INFO: [ view_filter ] --END-- [ RunTime:0.027521s ]
INFO: [ view_end ] --START--
INFO: Run ShowPageTrace Behavior [ RunTime:-0.155705s ]
INFO: [ view_end ] --END-- [ RunTime:0.002502s ]

[ 2013-07-19T15:01:16+08:00 ] 0.0.0.0 /voice/index.php/Index/ajax_get
INFO: [ app_begin ] --START--
INFO: Run ReadHtmlCache Behavior [ RunTime:-0.001963s ]
INFO: [ app_begin ] --END-- [ RunTime:0.001572s ]
SQL: SHOW COLUMNS FROM `qsc_voice_guest` [ RunTime:0.008339s ]
SQL: SHOW COLUMNS FROM `qsc_voice_song` [ RunTime:0.005810s ]

[ 2013-07-19T15:01:19+08:00 ] 0.0.0.0 /voice/index.php/Index/ajax_getsonglist
INFO: [ app_begin ] --START--
INFO: Run ReadHtmlCache Behavior [ RunTime:-0.001396s ]
INFO: [ app_begin ] --END-- [ RunTime:0.001833s ]
SQL: SHOW COLUMNS FROM `qsc_voice_guest` [ RunTime:0.050797s ]
SQL: SHOW COLUMNS FROM `qsc_voice_song` [ RunTime:0.010178s ]
SQL: SHOW COLUMNS FROM `qsc_voice_favorite` [ RunTime:0.006401s ]
SQL: SELECT `id` FROM `qsc_voice_song`  [ RunTime:0.000393s ]
SQL: SELECT * FROM `qsc_voice_song` WHERE ( `id` = 2 ) LIMIT 1   [ RunTime:0.000421s ]
SQL: SELECT `nickname` FROM `qsc_voice_guest` WHERE id=1 LIMIT 1   [ RunTime:0.000493s ]
SQL: SELECT * FROM `qsc_voice_song` WHERE ( `id` = 1 ) LIMIT 1   [ RunTime:0.000651s ]
SQL: SELECT `nickname` FROM `qsc_voice_guest` WHERE id=1 LIMIT 1   [ RunTime:0.000324s ]
SQL: SELECT * FROM `qsc_voice_song` WHERE ( `id` = 3 ) LIMIT 1   [ RunTime:0.000312s ]
SQL: SELECT `nickname` FROM `qsc_voice_guest` WHERE id=1 LIMIT 1   [ RunTime:0.000265s ]
SQL: SELECT * FROM `qsc_voice_song` WHERE ( `id` = 5 ) LIMIT 1   [ RunTime:0.000363s ]
SQL: SELECT `nickname` FROM `qsc_voice_guest` WHERE id=1 LIMIT 1   [ RunTime:0.000301s ]
SQL: SELECT * FROM `qsc_voice_song` WHERE ( `id` = 8 ) LIMIT 1   [ RunTime:0.000308s ]
SQL: SELECT `nickname` FROM `qsc_voice_guest` WHERE id=8 LIMIT 1   [ RunTime:0.000269s ]
SQL: SELECT * FROM `qsc_voice_song` WHERE ( `id` = 7 ) LIMIT 1   [ RunTime:0.000418s ]
SQL: SELECT `nickname` FROM `qsc_voice_guest` WHERE id=7 LIMIT 1   [ RunTime:0.000270s ]
SQL: SELECT * FROM `qsc_voice_song` WHERE ( `id` = 6 ) LIMIT 1   [ RunTime:0.000313s ]
SQL: SELECT `nickname` FROM `qsc_voice_guest` WHERE id=1 LIMIT 1   [ RunTime:0.000279s ]
SQL: SELECT * FROM `qsc_voice_song` WHERE ( `id` = 4 ) LIMIT 1   [ RunTime:0.000302s ]
SQL: SELECT `nickname` FROM `qsc_voice_guest` WHERE id=2 LIMIT 1   [ RunTime:0.000558s ]
SQL: SELECT * FROM `qsc_voice_song` WHERE ( `id` = 9 ) LIMIT 1   [ RunTime:0.000439s ]
SQL: SELECT `nickname` FROM `qsc_voice_guest` WHERE id=1 LIMIT 1   [ RunTime:0.000319s ]

[ 2013-07-19T15:01:51+08:00 ] 0.0.0.0 /voice/index.php/Index/ajax_get
INFO: [ app_begin ] --START--
INFO: Run ReadHtmlCache Behavior [ RunTime:-0.001914s ]
INFO: [ app_begin ] --END-- [ RunTime:0.003121s ]
SQL: SHOW COLUMNS FROM `qsc_voice_guest` [ RunTime:0.093382s ]
SQL: SHOW COLUMNS FROM `qsc_voice_song` [ RunTime:0.008533s ]
SQL: SELECT * FROM `qsc_voice_song` WHERE ( `id` = 1 ) LIMIT 1   [ RunTime:0.000687s ]
SQL: SELECT `nickname` FROM `qsc_voice_guest` WHERE id=1 LIMIT 1   [ RunTime:0.000490s ]

[ 2013-07-19T15:01:52+08:00 ] 0.0.0.0 /voice/index.php/Index/ajax_likeOrNot?songid=1
INFO: [ app_begin ] --START--
INFO: Run ReadHtmlCache Behavior [ RunTime:-0.001454s ]
INFO: [ app_begin ] --END-- [ RunTime:0.001406s ]
SQL: SHOW COLUMNS FROM `qsc_voice_song` [ RunTime:0.026261s ]
SQL: SHOW COLUMNS FROM `qsc_voice_guest` [ RunTime:0.006415s ]
SQL: SHOW COLUMNS FROM `qsc_voice_favorite` [ RunTime:0.006723s ]

[ 2013-07-19T15:01:52+08:00 ] 0.0.0.0 /voice/index.php/Index/index
INFO: [ app_begin ] --START--
INFO: Run ReadHtmlCache Behavior [ RunTime:-0.001746s ]
INFO: [ app_begin ] --END-- [ RunTime:0.001653s ]
SQL: SHOW COLUMNS FROM `qsc_voice_guest` [ RunTime:0.005280s ]
SQL: SHOW COLUMNS FROM `qsc_voice_news` [ RunTime:0.006229s ]
SQL: SHOW COLUMNS FROM `qsc_voice_song` [ RunTime:0.005310s ]
INFO: [ view_template ] --START--
INFO: Run LocationTemplate Behavior [ RunTime:-0.057076s ]
INFO: [ view_template ] --END-- [ RunTime:0.001693s ]
INFO: [ view_parse ] --START--
NOTIC: [8] Undefined variable: news_list D:\wamp\www\voice\Runtime\Cache\f0ea20e300846e38be5c5ff71a25e91a.php ç¬¬ 52 è¡Œ.
INFO: Run ParseTemplate Behavior [ RunTime:-0.059022s ]
INFO: [ view_parse ] --END-- [ RunTime:0.031325s ]
INFO: [ view_filter ] --START--
INFO: Run ContentReplace Behavior [ RunTime:-0.090554s ]
INFO: Run TokenBuild Behavior [ RunTime:-0.091752s ]
INFO: Run WriteHtmlCache Behavior [ RunTime:-0.093116s ]
INFO: Run ShowRuntime Behavior [ RunTime:-0.094019s ]
INFO: [ view_filter ] --END-- [ RunTime:0.005293s ]
INFO: [ view_end ] --START--
INFO: Run ShowPageTrace Behavior [ RunTime:-0.096188s ]
INFO: [ view_end ] --END-- [ RunTime:0.001484s ]

[ 2013-07-19T15:01:56+08:00 ] 0.0.0.0 /voice/index.php/Index/ajax_get
INFO: [ app_begin ] --START--
INFO: Run ReadHtmlCache Behavior [ RunTime:-0.001577s ]
INFO: [ app_begin ] --END-- [ RunTime:0.001616s ]
SQL: SHOW COLUMNS FROM `qsc_voice_guest` [ RunTime:0.007977s ]
SQL: SHOW COLUMNS FROM `qsc_voice_song` [ RunTime:0.005526s ]
SQL: SELECT * FROM `qsc_voice_song` WHERE ( `id` = 3 ) LIMIT 1   [ RunTime:0.000846s ]
SQL: SELECT `nickname` FROM `qsc_voice_guest` WHERE id=1 LIMIT 1   [ RunTime:0.000456s ]

[ 2013-07-19T15:01:57+08:00 ] 0.0.0.0 /voice/index.php/Index/ajax_likeOrNot?songid=3
INFO: [ app_begin ] --START--
INFO: Run ReadHtmlCache Behavior [ RunTime:-0.003427s ]
INFO: [ app_begin ] --END-- [ RunTime:0.002003s ]
SQL: SHOW COLUMNS FROM `qsc_voice_song` [ RunTime:0.008752s ]
SQL: SHOW COLUMNS FROM `qsc_voice_guest` [ RunTime:0.008659s ]
SQL: SHOW COLUMNS FROM `qsc_voice_favorite` [ RunTime:0.007592s ]

[ 2013-07-19T15:01:57+08:00 ] 0.0.0.0 /voice/index.php/Index/index
INFO: [ app_begin ] --START--
INFO: Run ReadHtmlCache Behavior [ RunTime:-0.001699s ]
INFO: [ app_begin ] --END-- [ RunTime:0.001736s ]
SQL: SHOW COLUMNS FROM `qsc_voice_guest` [ RunTime:0.006059s ]
SQL: SHOW COLUMNS FROM `qsc_voice_news` [ RunTime:0.008113s ]
SQL: SHOW COLUMNS FROM `qsc_voice_song` [ RunTime:0.004902s ]
INFO: [ view_template ] --START--
INFO: Run LocationTemplate Behavior [ RunTime:-0.124888s ]
INFO: [ view_template ] --END-- [ RunTime:0.001791s ]
INFO: [ view_parse ] --START--
NOTIC: [8] Undefined variable: news_list D:\wamp\www\voice\Runtime\Cache\f0ea20e300846e38be5c5ff71a25e91a.php ç¬¬ 52 è¡Œ.
INFO: Run ParseTemplate Behavior [ RunTime:-0.127605s ]
INFO: [ view_parse ] --END-- [ RunTime:0.047552s ]
INFO: [ view_filter ] --START--
INFO: Run ContentReplace Behavior [ RunTime:-0.175134s ]
INFO: Run TokenBuild Behavior [ RunTime:-0.176620s ]
INFO: Run WriteHtmlCache Behavior [ RunTime:-0.180064s ]
INFO: Run ShowRuntime Behavior [ RunTime:-0.180992s ]
INFO: [ view_filter ] --END-- [ RunTime:0.007533s ]
INFO: [ view_end ] --START--
INFO: Run ShowPageTrace Behavior [ RunTime:-0.182998s ]
INFO: [ view_end ] --END-- [ RunTime:0.001559s ]

[ 2013-07-19T15:05:09+08:00 ] 0.0.0.0 /voice/index.php/Index/ajax_get
INFO: [ app_begin ] --START--
INFO: Run ReadHtmlCache Behavior [ RunTime:-0.001798s ]
INFO: [ app_begin ] --END-- [ RunTime:0.001675s ]
SQL: SHOW COLUMNS FROM `qsc_voice_guest` [ RunTime:0.017529s ]
SQL: SHOW COLUMNS FROM `qsc_voice_song` [ RunTime:0.019536s ]
SQL: SELECT * FROM `qsc_voice_song` WHERE ( `id` = 5 ) LIMIT 1   [ RunTime:0.001065s ]
SQL: SELECT `nickname` FROM `qsc_voice_guest` WHERE id=1 LIMIT 1   [ RunTime:0.000844s ]

[ 2013-07-19T15:05:10+08:00 ] 0.0.0.0 /voice/index.php/Index/ajax_likeOrNot?songid=5
INFO: [ app_begin ] --START--
INFO: Run ReadHtmlCache Behavior [ RunTime:-0.001706s ]
INFO: [ app_begin ] --END-- [ RunTime:0.001389s ]
SQL: SHOW COLUMNS FROM `qsc_voice_song` [ RunTime:0.014222s ]
SQL: SHOW COLUMNS FROM `qsc_voice_guest` [ RunTime:0.010667s ]
SQL: SHOW COLUMNS FROM `qsc_voice_favorite` [ RunTime:0.006660s ]

[ 2013-07-19T15:05:10+08:00 ] 0.0.0.0 /voice/index.php/Index/index
INFO: [ app_begin ] --START--
INFO: Run ReadHtmlCache Behavior [ RunTime:-0.001953s ]
INFO: [ app_begin ] --END-- [ RunTime:0.005304s ]
SQL: SHOW COLUMNS FROM `qsc_voice_guest` [ RunTime:0.015352s ]
SQL: SHOW COLUMNS FROM `qsc_voice_news` [ RunTime:0.007425s ]
SQL: SHOW COLUMNS FROM `qsc_voice_song` [ RunTime:0.011645s ]
INFO: [ view_template ] --START--
INFO: Run LocationTemplate Behavior [ RunTime:-0.115782s ]
INFO: [ view_template ] --END-- [ RunTime:0.002055s ]
INFO: [ view_parse ] --START--
NOTIC: [8] Undefined variable: news_list D:\wamp\www\voice\Runtime\Cache\f0ea20e300846e38be5c5ff71a25e91a.php ç¬¬ 52 è¡Œ.
INFO: Run ParseTemplate Behavior [ RunTime:-0.118082s ]
INFO: [ view_parse ] --END-- [ RunTime:0.042580s ]
INFO: [ view_filter ] --START--
INFO: Run ContentReplace Behavior [ RunTime:-0.160870s ]
INFO: Run TokenBuild Behavior [ RunTime:-0.162188s ]
INFO: Run WriteHtmlCache Behavior [ RunTime:-0.163949s ]
INFO: Run ShowRuntime Behavior [ RunTime:-0.165367s ]
INFO: [ view_filter ] --END-- [ RunTime:0.006253s ]
INFO: [ view_end ] --START--
INFO: Run ShowPageTrace Behavior [ RunTime:-0.167485s ]
INFO: [ view_end ] --END-- [ RunTime:0.002314s ]

[ 2013-07-19T15:05:27+08:00 ] 0.0.0.0 /voice/index.php/Index/ajax_getsonglist
INFO: [ app_begin ] --START--
INFO: Run ReadHtmlCache Behavior [ RunTime:-0.002274s ]
INFO: [ app_begin ] --END-- [ RunTime:0.001650s ]
SQL: SHOW COLUMNS FROM `qsc_voice_guest` [ RunTime:0.007998s ]
SQL: SHOW COLUMNS FROM `qsc_voice_song` [ RunTime:0.007027s ]
SQL: SHOW COLUMNS FROM `qsc_voice_favorite` [ RunTime:0.010010s ]
SQL: SELECT `id` FROM `qsc_voice_song`  [ RunTime:0.000672s ]
SQL: SELECT * FROM `qsc_voice_song` WHERE ( `id` = 8 ) LIMIT 1   [ RunTime:0.000589s ]
SQL: SELECT `nickname` FROM `qsc_voice_guest` WHERE id=8 LIMIT 1   [ RunTime:0.000372s ]
SQL: SELECT * FROM `qsc_voice_song` WHERE ( `id` = 2 ) LIMIT 1   [ RunTime:0.000423s ]
SQL: SELECT `nickname` FROM `qsc_voice_guest` WHERE id=1 LIMIT 1   [ RunTime:0.000413s ]
SQL: SELECT * FROM `qsc_voice_song` WHERE ( `id` = 1 ) LIMIT 1   [ RunTime:0.000451s ]
SQL: SELECT `nickname` FROM `qsc_voice_guest` WHERE id=1 LIMIT 1   [ RunTime:0.000434s ]
SQL: SELECT * FROM `qsc_voice_song` WHERE ( `id` = 9 ) LIMIT 1   [ RunTime:0.000661s ]
SQL: SELECT `nickname` FROM `qsc_voice_guest` WHERE id=1 LIMIT 1   [ RunTime:0.000543s ]
SQL: SELECT * FROM `qsc_voice_song` WHERE ( `id` = 6 ) LIMIT 1   [ RunTime:0.000561s ]
SQL: SELECT `nickname` FROM `qsc_voice_guest` WHERE id=1 LIMIT 1   [ RunTime:0.000362s ]
SQL: SELECT * FROM `qsc_voice_song` WHERE ( `id` = 5 ) LIMIT 1   [ RunTime:0.000452s ]
SQL: SELECT `nickname` FROM `qsc_voice_guest` WHERE id=1 LIMIT 1   [ RunTime:0.000375s ]
SQL: SELECT * FROM `qsc_voice_song` WHERE ( `id` = 7 ) LIMIT 1   [ RunTime:0.000594s ]
SQL: SELECT `nickname` FROM `qsc_voice_guest` WHERE id=7 LIMIT 1   [ RunTime:0.000483s ]
SQL: SELECT * FROM `qsc_voice_song` WHERE ( `id` = 3 ) LIMIT 1   [ RunTime:0.000604s ]
SQL: SELECT `nickname` FROM `qsc_voice_guest` WHERE id=1 LIMIT 1   [ RunTime:0.001083s ]
SQL: SELECT * FROM `qsc_voice_song` WHERE ( `id` = 4 ) LIMIT 1   [ RunTime:0.002569s ]
SQL: SELECT `nickname` FROM `qsc_voice_guest` WHERE id=2 LIMIT 1   [ RunTime:0.000863s ]

[ 2013-07-19T15:06:02+08:00 ] 0.0.0.0 /voice/index.php/Index/ajax_get
INFO: [ app_begin ] --START--
INFO: Run ReadHtmlCache Behavior [ RunTime:-0.001689s ]
INFO: [ app_begin ] --END-- [ RunTime:0.001427s ]
SQL: SHOW COLUMNS FROM `qsc_voice_guest` [ RunTime:0.008327s ]
SQL: SHOW COLUMNS FROM `qsc_voice_song` [ RunTime:0.008790s ]

[ 2013-07-19T15:07:49+08:00 ] 0.0.0.0 /voice/index.php/Index/ajax_getsonglist
INFO: [ app_begin ] --START--
INFO: Run ReadHtmlCache Behavior [ RunTime:-0.001501s ]
INFO: [ app_begin ] --END-- [ RunTime:0.001446s ]
SQL: SHOW COLUMNS FROM `qsc_voice_guest` [ RunTime:0.009773s ]
SQL: SHOW COLUMNS FROM `qsc_voice_song` [ RunTime:0.008049s ]
SQL: SHOW COLUMNS FROM `qsc_voice_favorite` [ RunTime:0.007901s ]
SQL: SELECT `id` FROM `qsc_voice_song`  [ RunTime:0.000491s ]
SQL: SELECT * FROM `qsc_voice_song` WHERE ( `id` = 4 ) LIMIT 1   [ RunTime:0.000484s ]
SQL: SELECT `nickname` FROM `qsc_voice_guest` WHERE id=2 LIMIT 1   [ RunTime:0.000284s ]
SQL: SELECT * FROM `qsc_voice_song` WHERE ( `id` = 7 ) LIMIT 1   [ RunTime:0.000635s ]
SQL: SELECT `nickname` FROM `qsc_voice_guest` WHERE id=7 LIMIT 1   [ RunTime:0.000612s ]
SQL: SELECT * FROM `qsc_voice_song` WHERE ( `id` = 6 ) LIMIT 1   [ RunTime:0.000744s ]
SQL: SELECT `nickname` FROM `qsc_voice_guest` WHERE id=1 LIMIT 1   [ RunTime:0.000590s ]
SQL: SELECT * FROM `qsc_voice_song` WHERE ( `id` = 9 ) LIMIT 1   [ RunTime:0.000536s ]
SQL: SELECT `nickname` FROM `qsc_voice_guest` WHERE id=1 LIMIT 1   [ RunTime:0.000443s ]
SQL: SELECT * FROM `qsc_voice_song` WHERE ( `id` = 5 ) LIMIT 1   [ RunTime:0.000571s ]
SQL: SELECT `nickname` FROM `qsc_voice_guest` WHERE id=1 LIMIT 1   [ RunTime:0.000499s ]
SQL: SELECT * FROM `qsc_voice_song` WHERE ( `id` = 2 ) LIMIT 1   [ RunTime:0.000456s ]
SQL: SELECT `nickname` FROM `qsc_voice_guest` WHERE id=1 LIMIT 1   [ RunTime:0.000499s ]
SQL: SELECT * FROM `qsc_voice_song` WHERE ( `id` = 8 ) LIMIT 1   [ RunTime:0.000547s ]
SQL: SELECT `nickname` FROM `qsc_voice_guest` WHERE id=8 LIMIT 1   [ RunTime:0.000413s ]
SQL: SELECT * FROM `qsc_voice_song` WHERE ( `id` = 3 ) LIMIT 1   [ RunTime:0.000581s ]
SQL: SELECT `nickname` FROM `qsc_voice_guest` WHERE id=1 LIMIT 1   [ RunTime:0.000480s ]
SQL: SELECT * FROM `qsc_voice_song` WHERE ( `id` = 1 ) LIMIT 1   [ RunTime:0.000602s ]
SQL: SELECT `nickname` FROM `qsc_voice_guest` WHERE id=1 LIMIT 1   [ RunTime:0.000557s ]

[ 2013-07-19T15:07:49+08:00 ] 0.0.0.0 /voice/index.php/Index/ajax_get
INFO: [ app_begin ] --START--
INFO: Run ReadHtmlCache Behavior [ RunTime:-0.001356s ]
INFO: [ app_begin ] --END-- [ RunTime:0.001196s ]
SQL: SHOW COLUMNS FROM `qsc_voice_guest` [ RunTime:0.007287s ]
SQL: SHOW COLUMNS FROM `qsc_voice_song` [ RunTime:0.005459s ]
SQL: SELECT * FROM `qsc_voice_song` WHERE ( `id` = 7 ) LIMIT 1   [ RunTime:0.000742s ]
SQL: SELECT `nickname` FROM `qsc_voice_guest` WHERE id=7 LIMIT 1   [ RunTime:0.000557s ]

[ 2013-07-19T15:07:51+08:00 ] 0.0.0.0 /voice/index.php/Index/ajax_likeOrNot?songid=7
INFO: [ app_begin ] --START--
INFO: Run ReadHtmlCache Behavior [ RunTime:-0.001778s ]
INFO: [ app_begin ] --END-- [ RunTime:0.001623s ]
SQL: SHOW COLUMNS FROM `qsc_voice_song` [ RunTime:0.007520s ]
SQL: SHOW COLUMNS FROM `qsc_voice_guest` [ RunTime:0.006759s ]
SQL: SHOW COLUMNS FROM `qsc_voice_favorite` [ RunTime:0.006041s ]

[ 2013-07-19T15:07:52+08:00 ] 0.0.0.0 /voice/index.php/Index/index
INFO: [ app_begin ] --START--
INFO: Run ReadHtmlCache Behavior [ RunTime:-0.001864s ]
INFO: [ app_begin ] --END-- [ RunTime:0.001728s ]
SQL: SHOW COLUMNS FROM `qsc_voice_guest` [ RunTime:0.008117s ]
SQL: SHOW COLUMNS FROM `qsc_voice_news` [ RunTime:0.007717s ]
SQL: SHOW COLUMNS FROM `qsc_voice_song` [ RunTime:0.006816s ]
INFO: [ view_template ] --START--
INFO: Run LocationTemplate Behavior [ RunTime:-0.113815s ]
INFO: [ view_template ] --END-- [ RunTime:0.001773s ]
INFO: [ view_parse ] --START--
NOTIC: [8] Undefined variable: news_list D:\wamp\www\voice\Runtime\Cache\f0ea20e300846e38be5c5ff71a25e91a.php ç¬¬ 52 è¡Œ.
INFO: Run ParseTemplate Behavior [ RunTime:-0.115951s ]
INFO: [ view_parse ] --END-- [ RunTime:0.028318s ]
INFO: [ view_filter ] --START--
INFO: Run ContentReplace Behavior [ RunTime:-0.144446s ]
INFO: Run TokenBuild Behavior [ RunTime:-0.145386s ]
INFO: Run WriteHtmlCache Behavior [ RunTime:-0.146315s ]
INFO: Run ShowRuntime Behavior [ RunTime:-0.146920s ]
INFO: [ view_filter ] --END-- [ RunTime:0.003885s ]
INFO: [ view_end ] --START--
INFO: Run ShowPageTrace Behavior [ RunTime:-0.148822s ]
INFO: [ view_end ] --END-- [ RunTime:0.002853s ]

[ 2013-07-19T15:08:19+08:00 ] 0.0.0.0 /voice/index.php/Index/ajax_getsonglist
INFO: [ app_begin ] --START--
INFO: Run ReadHtmlCache Behavior [ RunTime:-0.001639s ]
INFO: [ app_begin ] --END-- [ RunTime:0.001753s ]
SQL: SHOW COLUMNS FROM `qsc_voice_guest` [ RunTime:0.009199s ]
SQL: SHOW COLUMNS FROM `qsc_voice_song` [ RunTime:0.007470s ]
SQL: SHOW COLUMNS FROM `qsc_voice_favorite` [ RunTime:0.007318s ]
SQL: SELECT `id` FROM `qsc_voice_song`  [ RunTime:0.000568s ]
SQL: SELECT * FROM `qsc_voice_song` WHERE ( `id` = 5 ) LIMIT 1   [ RunTime:0.000975s ]
SQL: SELECT `nickname` FROM `qsc_voice_guest` WHERE id=1 LIMIT 1   [ RunTime:0.000612s ]
SQL: SELECT * FROM `qsc_voice_song` WHERE ( `id` = 9 ) LIMIT 1   [ RunTime:0.000707s ]
SQL: SELECT `nickname` FROM `qsc_voice_guest` WHERE id=1 LIMIT 1   [ RunTime:0.000559s ]
SQL: SELECT * FROM `qsc_voice_song` WHERE ( `id` = 2 ) LIMIT 1   [ RunTime:0.000748s ]
SQL: SELECT `nickname` FROM `qsc_voice_guest` WHERE id=1 LIMIT 1   [ RunTime:0.000429s ]
SQL: SELECT * FROM `qsc_voice_song` WHERE ( `id` = 1 ) LIMIT 1   [ RunTime:0.000651s ]
SQL: SELECT `nickname` FROM `qsc_voice_guest` WHERE id=1 LIMIT 1   [ RunTime:0.000474s ]
SQL: SELECT * FROM `qsc_voice_song` WHERE ( `id` = 6 ) LIMIT 1   [ RunTime:0.000408s ]
SQL: SELECT `nickname` FROM `qsc_voice_guest` WHERE id=1 LIMIT 1   [ RunTime:0.000398s ]
SQL: SELECT * FROM `qsc_voice_song` WHERE ( `id` = 7 ) LIMIT 1   [ RunTime:0.000689s ]
SQL: SELECT `nickname` FROM `qsc_voice_guest` WHERE id=7 LIMIT 1   [ RunTime:0.000506s ]
SQL: SELECT * FROM `qsc_voice_song` WHERE ( `id` = 4 ) LIMIT 1   [ RunTime:0.000504s ]
SQL: SELECT `nickname` FROM `qsc_voice_guest` WHERE id=2 LIMIT 1   [ RunTime:0.000838s ]
SQL: SELECT * FROM `qsc_voice_song` WHERE ( `id` = 3 ) LIMIT 1   [ RunTime:0.000623s ]
SQL: SELECT `nickname` FROM `qsc_voice_guest` WHERE id=1 LIMIT 1   [ RunTime:0.000423s ]
SQL: SELECT * FROM `qsc_voice_song` WHERE ( `id` = 8 ) LIMIT 1   [ RunTime:0.000585s ]
SQL: SELECT `nickname` FROM `qsc_voice_guest` WHERE id=8 LIMIT 1   [ RunTime:0.001225s ]

[ 2013-07-19T15:08:19+08:00 ] 0.0.0.0 /voice/index.php/Index/ajax_get
INFO: [ app_begin ] --START--
INFO: Run ReadHtmlCache Behavior [ RunTime:-0.001448s ]
INFO: [ app_begin ] --END-- [ RunTime:0.001295s ]
SQL: SHOW COLUMNS FROM `qsc_voice_guest` [ RunTime:0.005835s ]
SQL: SHOW COLUMNS FROM `qsc_voice_song` [ RunTime:0.005798s ]
SQL: SELECT * FROM `qsc_voice_song` WHERE ( `id` = 9 ) LIMIT 1   [ RunTime:0.000972s ]
SQL: SELECT `nickname` FROM `qsc_voice_guest` WHERE id=1 LIMIT 1   [ RunTime:0.000465s ]

[ 2013-07-19T15:08:19+08:00 ] 0.0.0.0 /voice/index.php/Index/ajax_likeOrNot?songid=9
INFO: [ app_begin ] --START--
INFO: Run ReadHtmlCache Behavior [ RunTime:-0.001354s ]
INFO: [ app_begin ] --END-- [ RunTime:0.001212s ]
SQL: SHOW COLUMNS FROM `qsc_voice_song` [ RunTime:0.005523s ]
SQL: SHOW COLUMNS FROM `qsc_voice_guest` [ RunTime:0.005029s ]
SQL: SHOW COLUMNS FROM `qsc_voice_favorite` [ RunTime:0.004725s ]

[ 2013-07-19T15:08:19+08:00 ] 0.0.0.0 /voice/index.php/Index/index
INFO: [ app_begin ] --START--
INFO: Run ReadHtmlCache Behavior [ RunTime:-0.001360s ]
INFO: [ app_begin ] --END-- [ RunTime:0.001224s ]
SQL: SHOW COLUMNS FROM `qsc_voice_guest` [ RunTime:0.005725s ]
SQL: SHOW COLUMNS FROM `qsc_voice_news` [ RunTime:0.008213s ]
SQL: SHOW COLUMNS FROM `qsc_voice_song` [ RunTime:0.005144s ]
INFO: [ view_template ] --START--
INFO: Run LocationTemplate Behavior [ RunTime:-0.042547s ]
INFO: [ view_template ] --END-- [ RunTime:0.001313s ]
INFO: [ view_parse ] --START--
NOTIC: [8] Undefined variable: news_list D:\wamp\www\voice\Runtime\Cache\f0ea20e300846e38be5c5ff71a25e91a.php ç¬¬ 52 è¡Œ.
INFO: Run ParseTemplate Behavior [ RunTime:-0.044171s ]
INFO: [ view_parse ] --END-- [ RunTime:0.031294s ]
INFO: [ view_filter ] --START--
INFO: Run ContentReplace Behavior [ RunTime:-0.075650s ]
INFO: Run TokenBuild Behavior [ RunTime:-0.076670s ]
INFO: Run WriteHtmlCache Behavior [ RunTime:-0.077621s ]
INFO: Run ShowRuntime Behavior [ RunTime:-0.079210s ]
INFO: [ view_filter ] --END-- [ RunTime:0.007344s ]
INFO: [ view_end ] --START--
INFO: Run ShowPageTrace Behavior [ RunTime:-0.084213s ]
INFO: [ view_end ] --END-- [ RunTime:0.002220s ]

[ 2013-07-19T15:08:29+08:00 ] 0.0.0.0 /voice/index.php/Index/ajax_getsonglist
INFO: [ app_begin ] --START--
INFO: Run ReadHtmlCache Behavior [ RunTime:-0.001693s ]
INFO: [ app_begin ] --END-- [ RunTime:0.001399s ]
SQL: SHOW COLUMNS FROM `qsc_voice_guest` [ RunTime:0.008897s ]
SQL: SHOW COLUMNS FROM `qsc_voice_song` [ RunTime:0.008784s ]
SQL: SHOW COLUMNS FROM `qsc_voice_favorite` [ RunTime:0.006933s ]
SQL: SELECT `id` FROM `qsc_voice_song`  [ RunTime:0.000558s ]
SQL: SELECT * FROM `qsc_voice_song` WHERE ( `id` = 7 ) LIMIT 1   [ RunTime:0.000680s ]
SQL: SELECT `nickname` FROM `qsc_voice_guest` WHERE id=7 LIMIT 1   [ RunTime:0.000619s ]
SQL: SELECT * FROM `qsc_voice_song` WHERE ( `id` = 4 ) LIMIT 1   [ RunTime:0.000555s ]
SQL: SELECT `nickname` FROM `qsc_voice_guest` WHERE id=2 LIMIT 1   [ RunTime:0.000596s ]
SQL: SELECT * FROM `qsc_voice_song` WHERE ( `id` = 1 ) LIMIT 1   [ RunTime:0.000521s ]
SQL: SELECT `nickname` FROM `qsc_voice_guest` WHERE id=1 LIMIT 1   [ RunTime:0.000419s ]
SQL: SELECT * FROM `qsc_voice_song` WHERE ( `id` = 9 ) LIMIT 1   [ RunTime:0.000617s ]
SQL: SELECT `nickname` FROM `qsc_voice_guest` WHERE id=1 LIMIT 1   [ RunTime:0.000686s ]
SQL: SELECT * FROM `qsc_voice_song` WHERE ( `id` = 5 ) LIMIT 1   [ RunTime:0.000924s ]
SQL: SELECT `nickname` FROM `qsc_voice_guest` WHERE id=1 LIMIT 1   [ RunTime:0.000544s ]
SQL: SELECT * FROM `qsc_voice_song` WHERE ( `id` = 6 ) LIMIT 1   [ RunTime:0.000495s ]
SQL: SELECT `nickname` FROM `qsc_voice_guest` WHERE id=1 LIMIT 1   [ RunTime:0.000527s ]
SQL: SELECT * FROM `qsc_voice_song` WHERE ( `id` = 3 ) LIMIT 1   [ RunTime:0.000802s ]
SQL: SELECT `nickname` FROM `qsc_voice_guest` WHERE id=1 LIMIT 1   [ RunTime:0.000843s ]
SQL: SELECT * FROM `qsc_voice_song` WHERE ( `id` = 8 ) LIMIT 1   [ RunTime:0.000696s ]
SQL: SELECT `nickname` FROM `qsc_voice_guest` WHERE id=8 LIMIT 1   [ RunTime:0.000439s ]
SQL: SELECT * FROM `qsc_voice_song` WHERE ( `id` = 2 ) LIMIT 1   [ RunTime:0.000513s ]
SQL: SELECT `nickname` FROM `qsc_voice_guest` WHERE id=1 LIMIT 1   [ RunTime:0.000624s ]

[ 2013-07-19T15:08:36+08:00 ] 0.0.0.0 /voice/index.php/Index/ajax_get
INFO: [ app_begin ] --START--
INFO: Run ReadHtmlCache Behavior [ RunTime:-0.001341s ]
INFO: [ app_begin ] --END-- [ RunTime:0.001184s ]
SQL: SHOW COLUMNS FROM `qsc_voice_guest` [ RunTime:0.009558s ]
SQL: SHOW COLUMNS FROM `qsc_voice_song` [ RunTime:0.006005s ]
SQL: SELECT * FROM `qsc_voice_song` WHERE ( `id` = 2 ) LIMIT 1   [ RunTime:0.000545s ]
SQL: SELECT `nickname` FROM `qsc_voice_guest` WHERE id=1 LIMIT 1   [ RunTime:0.000300s ]

[ 2013-07-19T15:08:37+08:00 ] 0.0.0.0 /voice/index.php/Index/ajax_likeOrNot?songid=2
INFO: [ app_begin ] --START--
INFO: Run ReadHtmlCache Behavior [ RunTime:-0.001725s ]
INFO: [ app_begin ] --END-- [ RunTime:0.002726s ]
SQL: SHOW COLUMNS FROM `qsc_voice_song` [ RunTime:0.007763s ]
SQL: SHOW COLUMNS FROM `qsc_voice_guest` [ RunTime:0.007308s ]
SQL: SHOW COLUMNS FROM `qsc_voice_favorite` [ RunTime:0.007525s ]

[ 2013-07-19T15:08:37+08:00 ] 0.0.0.0 /voice/index.php/Index/index
INFO: [ app_begin ] --START--
INFO: Run ReadHtmlCache Behavior [ RunTime:-0.001417s ]
INFO: [ app_begin ] --END-- [ RunTime:0.001523s ]
SQL: SHOW COLUMNS FROM `qsc_voice_guest` [ RunTime:0.010690s ]
SQL: SHOW COLUMNS FROM `qsc_voice_news` [ RunTime:0.006729s ]
SQL: SHOW COLUMNS FROM `qsc_voice_song` [ RunTime:0.007566s ]
INFO: [ view_template ] --START--
INFO: Run LocationTemplate Behavior [ RunTime:-0.053275s ]
INFO: [ view_template ] --END-- [ RunTime:0.001064s ]
INFO: [ view_parse ] --START--
NOTIC: [8] Undefined variable: news_list D:\wamp\www\voice\Runtime\Cache\f0ea20e300846e38be5c5ff71a25e91a.php ç¬¬ 52 è¡Œ.
INFO: Run ParseTemplate Behavior [ RunTime:-0.054578s ]
INFO: [ view_parse ] --END-- [ RunTime:0.032701s ]
INFO: [ view_filter ] --START--
INFO: Run ContentReplace Behavior [ RunTime:-0.087479s ]
INFO: Run TokenBuild Behavior [ RunTime:-0.088678s ]
INFO: Run WriteHtmlCache Behavior [ RunTime:-0.090280s ]
INFO: Run ShowRuntime Behavior [ RunTime:-0.091696s ]
INFO: [ view_filter ] --END-- [ RunTime:0.005651s ]
INFO: [ view_end ] --START--
INFO: Run ShowPageTrace Behavior [ RunTime:-0.093659s ]
INFO: [ view_end ] --END-- [ RunTime:0.001248s ]

[ 2013-07-19T15:08:52+08:00 ] 0.0.0.0 /voice/index.php/Index/ajax_getsonglist
INFO: [ app_begin ] --START--
INFO: Run ReadHtmlCache Behavior [ RunTime:-0.001854s ]
INFO: [ app_begin ] --END-- [ RunTime:0.002051s ]
SQL: SHOW COLUMNS FROM `qsc_voice_guest` [ RunTime:0.061922s ]
SQL: SHOW COLUMNS FROM `qsc_voice_song` [ RunTime:0.009647s ]
SQL: SHOW COLUMNS FROM `qsc_voice_favorite` [ RunTime:0.006925s ]
SQL: SELECT `id` FROM `qsc_voice_song`  [ RunTime:0.000571s ]
SQL: SELECT * FROM `qsc_voice_song` WHERE ( `id` = 6 ) LIMIT 1   [ RunTime:0.000766s ]
SQL: SELECT `nickname` FROM `qsc_voice_guest` WHERE id=1 LIMIT 1   [ RunTime:0.001260s ]
SQL: SELECT * FROM `qsc_voice_song` WHERE ( `id` = 7 ) LIMIT 1   [ RunTime:0.000490s ]
SQL: SELECT `nickname` FROM `qsc_voice_guest` WHERE id=7 LIMIT 1   [ RunTime:0.000410s ]
SQL: SELECT * FROM `qsc_voice_song` WHERE ( `id` = 4 ) LIMIT 1   [ RunTime:0.000451s ]
SQL: SELECT `nickname` FROM `qsc_voice_guest` WHERE id=2 LIMIT 1   [ RunTime:0.000369s ]
SQL: SELECT * FROM `qsc_voice_song` WHERE ( `id` = 3 ) LIMIT 1   [ RunTime:0.000433s ]
SQL: SELECT `nickname` FROM `qsc_voice_guest` WHERE id=1 LIMIT 1   [ RunTime:0.000370s ]
SQL: SELECT * FROM `qsc_voice_song` WHERE ( `id` = 8 ) LIMIT 1   [ RunTime:0.000439s ]
SQL: SELECT `nickname` FROM `qsc_voice_guest` WHERE id=8 LIMIT 1   [ RunTime:0.000382s ]
SQL: SELECT * FROM `qsc_voice_song` WHERE ( `id` = 1 ) LIMIT 1   [ RunTime:0.000427s ]
SQL: SELECT `nickname` FROM `qsc_voice_guest` WHERE id=1 LIMIT 1   [ RunTime:0.000372s ]
SQL: SELECT * FROM `qsc_voice_song` WHERE ( `id` = 5 ) LIMIT 1   [ RunTime:0.000418s ]
SQL: SELECT `nickname` FROM `qsc_voice_guest` WHERE id=1 LIMIT 1   [ RunTime:0.000373s ]
SQL: SELECT * FROM `qsc_voice_song` WHERE ( `id` = 9 ) LIMIT 1   [ RunTime:0.000568s ]
SQL: SELECT `nickname` FROM `qsc_voice_guest` WHERE id=1 LIMIT 1   [ RunTime:0.000386s ]
SQL: SELECT * FROM `qsc_voice_song` WHERE ( `id` = 2 ) LIMIT 1   [ RunTime:0.000455s ]
SQL: SELECT `nickname` FROM `qsc_voice_guest` WHERE id=1 LIMIT 1   [ RunTime:0.000443s ]

[ 2013-07-19T15:08:52+08:00 ] 0.0.0.0 /voice/index.php/Index/ajax_get
INFO: [ app_begin ] --START--
INFO: Run ReadHtmlCache Behavior [ RunTime:-0.001708s ]
INFO: [ app_begin ] --END-- [ RunTime:0.001412s ]
SQL: SHOW COLUMNS FROM `qsc_voice_guest` [ RunTime:0.006423s ]
SQL: SHOW COLUMNS FROM `qsc_voice_song` [ RunTime:0.005177s ]
SQL: SELECT * FROM `qsc_voice_song` WHERE ( `id` = 9 ) LIMIT 1   [ RunTime:0.001221s ]
SQL: SELECT `nickname` FROM `qsc_voice_guest` WHERE id=1 LIMIT 1   [ RunTime:0.000570s ]

[ 2013-07-19T15:08:53+08:00 ] 0.0.0.0 /voice/index.php/Index/ajax_likeOrNot?songid=9
INFO: [ app_begin ] --START--
INFO: Run ReadHtmlCache Behavior [ RunTime:-0.001652s ]
INFO: [ app_begin ] --END-- [ RunTime:0.001761s ]
SQL: SHOW COLUMNS FROM `qsc_voice_song` [ RunTime:0.008142s ]
SQL: SHOW COLUMNS FROM `qsc_voice_guest` [ RunTime:0.008400s ]
SQL: SHOW COLUMNS FROM `qsc_voice_favorite` [ RunTime:0.007236s ]

[ 2013-07-19T15:08:53+08:00 ] 0.0.0.0 /voice/index.php/Index/index
INFO: [ app_begin ] --START--
INFO: Run ReadHtmlCache Behavior [ RunTime:-0.001454s ]
INFO: [ app_begin ] --END-- [ RunTime:0.001362s ]
SQL: SHOW COLUMNS FROM `qsc_voice_guest` [ RunTime:0.005821s ]
SQL: SHOW COLUMNS FROM `qsc_voice_news` [ RunTime:0.006498s ]
SQL: SHOW COLUMNS FROM `qsc_voice_song` [ RunTime:0.004571s ]
INFO: [ view_template ] --START--
INFO: Run LocationTemplate Behavior [ RunTime:-0.076370s ]
INFO: [ view_template ] --END-- [ RunTime:0.001681s ]
INFO: [ view_parse ] --START--
NOTIC: [8] Undefined variable: news_list D:\wamp\www\voice\Runtime\Cache\f0ea20e300846e38be5c5ff71a25e91a.php ç¬¬ 52 è¡Œ.
INFO: Run ParseTemplate Behavior [ RunTime:-0.078297s ]
INFO: [ view_parse ] --END-- [ RunTime:0.031876s ]
INFO: [ view_filter ] --START--
INFO: Run ContentReplace Behavior [ RunTime:-0.110472s ]
INFO: Run TokenBuild Behavior [ RunTime:-0.112151s ]
INFO: Run WriteHtmlCache Behavior [ RunTime:-0.114103s ]
INFO: Run ShowRuntime Behavior [ RunTime:-0.114907s ]
INFO: [ view_filter ] --END-- [ RunTime:0.006082s ]
INFO: [ view_end ] --START--
INFO: Run ShowPageTrace Behavior [ RunTime:-0.116909s ]
INFO: [ view_end ] --END-- [ RunTime:0.001526s ]

[ 2013-07-19T15:09:00+08:00 ] 0.0.0.0 /voice/index.php/Index/ajax_getsonglist
INFO: [ app_begin ] --START--
INFO: Run ReadHtmlCache Behavior [ RunTime:-0.001759s ]
INFO: [ app_begin ] --END-- [ RunTime:0.001738s ]
SQL: SHOW COLUMNS FROM `qsc_voice_guest` [ RunTime:0.010474s ]
SQL: SHOW COLUMNS FROM `qsc_voice_song` [ RunTime:0.007838s ]
SQL: SHOW COLUMNS FROM `qsc_voice_favorite` [ RunTime:0.020181s ]
SQL: SELECT `id` FROM `qsc_voice_song`  [ RunTime:0.000559s ]
SQL: SELECT * FROM `qsc_voice_song` WHERE ( `id` = 9 ) LIMIT 1   [ RunTime:0.000458s ]
SQL: SELECT `nickname` FROM `qsc_voice_guest` WHERE id=1 LIMIT 1   [ RunTime:0.000278s ]
SQL: SELECT * FROM `qsc_voice_song` WHERE ( `id` = 1 ) LIMIT 1   [ RunTime:0.000449s ]
SQL: SELECT `nickname` FROM `qsc_voice_guest` WHERE id=1 LIMIT 1   [ RunTime:0.000479s ]
SQL: SELECT * FROM `qsc_voice_song` WHERE ( `id` = 8 ) LIMIT 1   [ RunTime:0.000485s ]
SQL: SELECT `nickname` FROM `qsc_voice_guest` WHERE id=8 LIMIT 1   [ RunTime:0.000360s ]
SQL: SELECT * FROM `qsc_voice_song` WHERE ( `id` = 6 ) LIMIT 1   [ RunTime:0.000542s ]
SQL: SELECT `nickname` FROM `qsc_voice_guest` WHERE id=1 LIMIT 1   [ RunTime:0.000865s ]
SQL: SELECT * FROM `qsc_voice_song` WHERE ( `id` = 2 ) LIMIT 1   [ RunTime:0.000888s ]
SQL: SELECT `nickname` FROM `qsc_voice_guest` WHERE id=1 LIMIT 1   [ RunTime:0.000733s ]
SQL: SELECT * FROM `qsc_voice_song` WHERE ( `id` = 5 ) LIMIT 1   [ RunTime:0.000466s ]
SQL: SELECT `nickname` FROM `qsc_voice_guest` WHERE id=1 LIMIT 1   [ RunTime:0.000614s ]
SQL: SELECT * FROM `qsc_voice_song` WHERE ( `id` = 3 ) LIMIT 1   [ RunTime:0.000693s ]
SQL: SELECT `nickname` FROM `qsc_voice_guest` WHERE id=1 LIMIT 1   [ RunTime:0.000928s ]
SQL: SELECT * FROM `qsc_voice_song` WHERE ( `id` = 4 ) LIMIT 1   [ RunTime:0.000654s ]
SQL: SELECT `nickname` FROM `qsc_voice_guest` WHERE id=2 LIMIT 1   [ RunTime:0.000505s ]
SQL: SELECT * FROM `qsc_voice_song` WHERE ( `id` = 7 ) LIMIT 1   [ RunTime:0.000422s ]
SQL: SELECT `nickname` FROM `qsc_voice_guest` WHERE id=7 LIMIT 1   [ RunTime:0.000526s ]
SQL: SELECT * FROM `qsc_voice_guest` WHERE ( `stuid` = '3120103005' ) LIMIT 1   [ RunTime:0.000553s ]
SQL: SELECT * FROM `qsc_voice_favorite` WHERE ( `guestid` = 1 )  [ RunTime:0.000569s ]
SQL: SELECT * FROM `qsc_voice_song` WHERE ( `id` = 3 ) LIMIT 1   [ RunTime:0.000516s ]
SQL: SELECT `nickname` FROM `qsc_voice_guest` WHERE id=1 LIMIT 1   [ RunTime:0.000414s ]
SQL: SELECT * FROM `qsc_voice_song` WHERE ( `id` = 4 ) LIMIT 1   [ RunTime:0.000421s ]
SQL: SELECT `nickname` FROM `qsc_voice_guest` WHERE id=1 LIMIT 1   [ RunTime:0.000546s ]
SQL: SELECT * FROM `qsc_voice_song` WHERE ( `id` = 7 ) LIMIT 1   [ RunTime:0.000751s ]
SQL: SELECT `nickname` FROM `qsc_voice_guest` WHERE id=8 LIMIT 1   [ RunTime:0.000567s ]
SQL: SELECT * FROM `qsc_voice_song` WHERE ( `id` = 8 ) LIMIT 1   [ RunTime:0.000625s ]
SQL: SELECT `nickname` FROM `qsc_voice_guest` WHERE id=1 LIMIT 1   [ RunTime:0.000553s ]

[ 2013-07-19T15:09:00+08:00 ] 0.0.0.0 /voice/index.php/Index/ajax_get
INFO: [ app_begin ] --START--
INFO: Run ReadHtmlCache Behavior [ RunTime:-0.001663s ]
INFO: [ app_begin ] --END-- [ RunTime:0.002177s ]
SQL: SHOW COLUMNS FROM `qsc_voice_guest` [ RunTime:0.004877s ]
SQL: SHOW COLUMNS FROM `qsc_voice_song` [ RunTime:0.004569s ]
SQL: SELECT * FROM `qsc_voice_song` WHERE ( `id` = 8 ) LIMIT 1   [ RunTime:0.000721s ]
SQL: SELECT `nickname` FROM `qsc_voice_guest` WHERE id=8 LIMIT 1   [ RunTime:0.000584s ]

[ 2013-07-19T15:09:00+08:00 ] 0.0.0.0 /voice/index.php/Index/ajax_likeOrNot?songid=8
INFO: [ app_begin ] --START--
INFO: Run ReadHtmlCache Behavior [ RunTime:-0.001976s ]
INFO: [ app_begin ] --END-- [ RunTime:0.001966s ]
SQL: SHOW COLUMNS FROM `qsc_voice_song` [ RunTime:0.006669s ]
SQL: SHOW COLUMNS FROM `qsc_voice_guest` [ RunTime:0.025787s ]
SQL: SHOW COLUMNS FROM `qsc_voice_favorite` [ RunTime:0.007146s ]
SQL: SELECT * FROM `qsc_voice_guest` WHERE ( `stuid` = '3120103005' ) LIMIT 1   [ RunTime:0.000920s ]
SQL: SELECT * FROM `qsc_voice_favorite` WHERE ( `guestid` = 1 ) AND ( `songid` = 8 ) LIMIT 1   [ RunTime:0.000624s ]

[ 2013-07-19T15:20:02+08:00 ] 0.0.0.0 /voice/index.php/Index/ajax_get
INFO: [ app_begin ] --START--
INFO: Run ReadHtmlCache Behavior [ RunTime:-0.001518s ]
INFO: [ app_begin ] --END-- [ RunTime:0.001260s ]
SQL: SHOW COLUMNS FROM `qsc_voice_guest` [ RunTime:0.004924s ]
SQL: SHOW COLUMNS FROM `qsc_voice_song` [ RunTime:0.006192s ]
SQL: SELECT * FROM `qsc_voice_song` WHERE ( `id` = 2 ) LIMIT 1   [ RunTime:0.000652s ]
SQL: SELECT `nickname` FROM `qsc_voice_guest` WHERE id=1 LIMIT 1   [ RunTime:0.000317s ]

[ 2013-07-19T15:20:03+08:00 ] 0.0.0.0 /voice/index.php/Index/ajax_likeOrNot?songid=2
INFO: [ app_begin ] --START--
INFO: Run ReadHtmlCache Behavior [ RunTime:-0.001366s ]
INFO: [ app_begin ] --END-- [ RunTime:0.001281s ]
SQL: SHOW COLUMNS FROM `qsc_voice_song` [ RunTime:0.007937s ]
SQL: SHOW COLUMNS FROM `qsc_voice_guest` [ RunTime:0.006226s ]
SQL: SHOW COLUMNS FROM `qsc_voice_favorite` [ RunTime:0.009467s ]

[ 2013-07-19T15:20:03+08:00 ] 0.0.0.0 /voice/index.php/Index/index
INFO: [ app_begin ] --START--
INFO: Run ReadHtmlCache Behavior [ RunTime:-0.002150s ]
INFO: [ app_begin ] --END-- [ RunTime:0.001351s ]
SQL: SHOW COLUMNS FROM `qsc_voice_guest` [ RunTime:0.008181s ]
SQL: SHOW COLUMNS FROM `qsc_voice_news` [ RunTime:0.021141s ]
SQL: SHOW COLUMNS FROM `qsc_voice_song` [ RunTime:0.017316s ]
INFO: [ view_template ] --START--
INFO: Run LocationTemplate Behavior [ RunTime:-0.141737s ]
INFO: [ view_template ] --END-- [ RunTime:0.001096s ]
INFO: [ view_parse ] --START--
NOTIC: [8] Undefined variable: news_list D:\wamp\www\voice\Runtime\Cache\f0ea20e300846e38be5c5ff71a25e91a.php ç¬¬ 52 è¡Œ.
INFO: Run ParseTemplate Behavior [ RunTime:-0.143095s ]
INFO: [ view_parse ] --END-- [ RunTime:0.032544s ]
INFO: [ view_filter ] --START--
INFO: Run ContentReplace Behavior [ RunTime:-0.176111s ]
INFO: Run TokenBuild Behavior [ RunTime:-0.177154s ]
INFO: Run WriteHtmlCache Behavior [ RunTime:-0.178136s ]
INFO: Run ShowRuntime Behavior [ RunTime:-0.178719s ]
INFO: [ view_filter ] --END-- [ RunTime:0.004137s ]
INFO: [ view_end ] --START--
INFO: Run ShowPageTrace Behavior [ RunTime:-0.180650s ]
INFO: [ view_end ] --END-- [ RunTime:0.001405s ]

