[ 2013-08-27T08:53:15+08:00 ] 0.0.0.0 /fifth/voice/index.php/Index/ajax?action=getsonglist
INFO: [ app_begin ] --START--
INFO: Run ReadHtmlCache Behavior [ RunTime:-0.002466s ]
INFO: [ app_begin ] --END-- [ RunTime:0.027088s ]
SQL: SHOW COLUMNS FROM `qsc_voice_guest` [ RunTime:0.016516s ]
SQL: SHOW COLUMNS FROM `qsc_voice_song` [ RunTime:0.008206s ]
SQL: SHOW COLUMNS FROM `qsc_voice_news` [ RunTime:0.009660s ]
SQL: SHOW COLUMNS FROM `qsc_voice_favorite` [ RunTime:0.060297s ]
SQL: SHOW COLUMNS FROM `qsc_voice_hotsong` [ RunTime:0.010799s ]
SQL: SHOW COLUMNS FROM `qsc_voice_hotsinger` [ RunTime:0.023883s ]
SQL: SHOW COLUMNS FROM `qsc_voice_upload` [ RunTime:0.015827s ]
SQL: SELECT `id` FROM `qsc_voice_song`  [ RunTime:0.287371s ]
SQL: SELECT * FROM `qsc_voice_song` WHERE ( `id` = 1 ) LIMIT 1   [ RunTime:0.050779s ]
SQL: SELECT `nickname` FROM `qsc_voice_guest` WHERE id=1 LIMIT 1   [ RunTime:0.015210s ]
SQL: SELECT * FROM `qsc_voice_song` WHERE ( `id` = 2 ) LIMIT 1   [ RunTime:0.001100s ]
SQL: SELECT `nickname` FROM `qsc_voice_guest` WHERE id=1 LIMIT 1   [ RunTime:0.000609s ]
SQL: SELECT * FROM `qsc_voice_song` WHERE ( `id` = 3 ) LIMIT 1   [ RunTime:0.000694s ]
SQL: SELECT `nickname` FROM `qsc_voice_guest` WHERE id=1 LIMIT 1   [ RunTime:0.000572s ]
SQL: SELECT * FROM `qsc_voice_song` WHERE ( `id` = 4 ) LIMIT 1   [ RunTime:0.000925s ]
SQL: SELECT `nickname` FROM `qsc_voice_guest` WHERE id=2 LIMIT 1   [ RunTime:0.000586s ]
SQL: SELECT * FROM `qsc_voice_song` WHERE ( `id` = 5 ) LIMIT 1   [ RunTime:0.000693s ]
SQL: SELECT `nickname` FROM `qsc_voice_guest` WHERE id=1 LIMIT 1   [ RunTime:0.000581s ]
SQL: SELECT * FROM `qsc_voice_song` WHERE ( `id` = 6 ) LIMIT 1   [ RunTime:0.000664s ]
SQL: SELECT `nickname` FROM `qsc_voice_guest` WHERE id=1 LIMIT 1   [ RunTime:0.000599s ]
SQL: SELECT * FROM `qsc_voice_song` WHERE ( `id` = 7 ) LIMIT 1   [ RunTime:0.000357s ]
SQL: SELECT `nickname` FROM `qsc_voice_guest` WHERE id=7 LIMIT 1   [ RunTime:0.000312s ]
SQL: SELECT * FROM `qsc_voice_song` WHERE ( `id` = 8 ) LIMIT 1   [ RunTime:0.000356s ]
SQL: SELECT `nickname` FROM `qsc_voice_guest` WHERE id=8 LIMIT 1   [ RunTime:0.000310s ]
SQL: SELECT * FROM `qsc_voice_song` WHERE ( `id` = 9 ) LIMIT 1   [ RunTime:0.000365s ]
SQL: SELECT `nickname` FROM `qsc_voice_guest` WHERE id=1 LIMIT 1   [ RunTime:0.000315s ]
SQL: SELECT * FROM `qsc_voice_song` WHERE ( `id` = 10 ) LIMIT 1   [ RunTime:0.000351s ]
SQL: SELECT `nickname` FROM `qsc_voice_guest` WHERE id=1 LIMIT 1   [ RunTime:0.000318s ]

[ 2013-08-27T08:53:16+08:00 ] 0.0.0.0 /fifth/voice/index.php/Index/ajax?action=check&songid=1
INFO: [ app_begin ] --START--
INFO: Run ReadHtmlCache Behavior [ RunTime:-0.001950s ]
INFO: [ app_begin ] --END-- [ RunTime:0.001901s ]
SQL: SHOW COLUMNS FROM `qsc_voice_guest` [ RunTime:0.043036s ]
SQL: SHOW COLUMNS FROM `qsc_voice_song` [ RunTime:0.017384s ]
SQL: SHOW COLUMNS FROM `qsc_voice_news` [ RunTime:0.007317s ]
SQL: SHOW COLUMNS FROM `qsc_voice_favorite` [ RunTime:0.006668s ]
SQL: SHOW COLUMNS FROM `qsc_voice_hotsong` [ RunTime:0.070681s ]
SQL: SHOW COLUMNS FROM `qsc_voice_hotsinger` [ RunTime:0.063517s ]
SQL: SHOW COLUMNS FROM `qsc_voice_upload` [ RunTime:0.005097s ]

[ 2013-08-27T08:53:23+08:00 ] 0.0.0.0 /fifth/voice/index.php/Index/ajax?action=getsonglist
INFO: [ app_begin ] --START--
INFO: Run ReadHtmlCache Behavior [ RunTime:-0.001861s ]
INFO: [ app_begin ] --END-- [ RunTime:0.001763s ]
SQL: SHOW COLUMNS FROM `qsc_voice_guest` [ RunTime:0.012481s ]
SQL: SHOW COLUMNS FROM `qsc_voice_song` [ RunTime:0.009399s ]
SQL: SHOW COLUMNS FROM `qsc_voice_news` [ RunTime:0.020803s ]
SQL: SHOW COLUMNS FROM `qsc_voice_favorite` [ RunTime:0.010290s ]
SQL: SHOW COLUMNS FROM `qsc_voice_hotsong` [ RunTime:0.007933s ]
SQL: SHOW COLUMNS FROM `qsc_voice_hotsinger` [ RunTime:0.010367s ]
SQL: SHOW COLUMNS FROM `qsc_voice_upload` [ RunTime:0.006407s ]
SQL: SELECT `id` FROM `qsc_voice_song`  [ RunTime:0.000509s ]
SQL: SELECT * FROM `qsc_voice_song` WHERE ( `id` = 1 ) LIMIT 1   [ RunTime:0.000776s ]
SQL: SELECT `nickname` FROM `qsc_voice_guest` WHERE id=1 LIMIT 1   [ RunTime:0.000431s ]
SQL: SELECT * FROM `qsc_voice_song` WHERE ( `id` = 2 ) LIMIT 1   [ RunTime:0.000668s ]
SQL: SELECT `nickname` FROM `qsc_voice_guest` WHERE id=1 LIMIT 1   [ RunTime:0.000442s ]
SQL: SELECT * FROM `qsc_voice_song` WHERE ( `id` = 3 ) LIMIT 1   [ RunTime:0.000601s ]
SQL: SELECT `nickname` FROM `qsc_voice_guest` WHERE id=1 LIMIT 1   [ RunTime:0.000645s ]
SQL: SELECT * FROM `qsc_voice_song` WHERE ( `id` = 4 ) LIMIT 1   [ RunTime:0.000906s ]
SQL: SELECT `nickname` FROM `qsc_voice_guest` WHERE id=2 LIMIT 1   [ RunTime:0.000907s ]
SQL: SELECT * FROM `qsc_voice_song` WHERE ( `id` = 5 ) LIMIT 1   [ RunTime:0.000569s ]
SQL: SELECT `nickname` FROM `qsc_voice_guest` WHERE id=1 LIMIT 1   [ RunTime:0.000362s ]
SQL: SELECT * FROM `qsc_voice_song` WHERE ( `id` = 6 ) LIMIT 1   [ RunTime:0.000466s ]
SQL: SELECT `nickname` FROM `qsc_voice_guest` WHERE id=1 LIMIT 1   [ RunTime:0.000626s ]
SQL: SELECT * FROM `qsc_voice_song` WHERE ( `id` = 7 ) LIMIT 1   [ RunTime:0.000769s ]
SQL: SELECT `nickname` FROM `qsc_voice_guest` WHERE id=7 LIMIT 1   [ RunTime:0.000546s ]
SQL: SELECT * FROM `qsc_voice_song` WHERE ( `id` = 8 ) LIMIT 1   [ RunTime:0.000566s ]
SQL: SELECT `nickname` FROM `qsc_voice_guest` WHERE id=8 LIMIT 1   [ RunTime:0.000569s ]
SQL: SELECT * FROM `qsc_voice_song` WHERE ( `id` = 9 ) LIMIT 1   [ RunTime:0.000746s ]
SQL: SELECT `nickname` FROM `qsc_voice_guest` WHERE id=1 LIMIT 1   [ RunTime:0.000483s ]
SQL: SELECT * FROM `qsc_voice_song` WHERE ( `id` = 10 ) LIMIT 1   [ RunTime:0.000465s ]
SQL: SELECT `nickname` FROM `qsc_voice_guest` WHERE id=1 LIMIT 1   [ RunTime:0.000512s ]
SQL: SELECT * FROM `qsc_voice_guest` WHERE ( `stuid` = '3120103005' ) LIMIT 1   [ RunTime:0.000736s ]
SQL: SELECT * FROM `qsc_voice_favorite` WHERE ( `guestid` = 1 )  [ RunTime:0.036952s ]
SQL: SELECT * FROM `qsc_voice_song` WHERE ( `id` = 1 ) LIMIT 1   [ RunTime:0.009612s ]
SQL: SELECT `nickname` FROM `qsc_voice_guest` WHERE id=1 LIMIT 1   [ RunTime:0.000571s ]
SQL: SELECT * FROM `qsc_voice_song` WHERE ( `id` = 6 ) LIMIT 1   [ RunTime:0.000743s ]
SQL: SELECT `nickname` FROM `qsc_voice_guest` WHERE id=1 LIMIT 1   [ RunTime:0.000627s ]
SQL: SELECT * FROM `qsc_voice_song` WHERE ( `id` = 10 ) LIMIT 1   [ RunTime:0.000576s ]
SQL: SELECT `nickname` FROM `qsc_voice_guest` WHERE id=1 LIMIT 1   [ RunTime:0.000453s ]
SQL: SELECT * FROM `qsc_voice_song` WHERE ( `id` = 9 ) LIMIT 1   [ RunTime:0.000360s ]
SQL: SELECT `nickname` FROM `qsc_voice_guest` WHERE id=1 LIMIT 1   [ RunTime:0.000285s ]
SQL: SELECT * FROM `qsc_voice_song` WHERE ( `id` = 2 ) LIMIT 1   [ RunTime:0.000443s ]
SQL: SELECT `nickname` FROM `qsc_voice_guest` WHERE id=1 LIMIT 1   [ RunTime:0.000418s ]

[ 2013-08-27T08:53:23+08:00 ] 0.0.0.0 /fifth/voice/index.php/Index/ajax?action=check&songid=1
INFO: [ app_begin ] --START--
INFO: Run ReadHtmlCache Behavior [ RunTime:-0.001815s ]
INFO: [ app_begin ] --END-- [ RunTime:0.001684s ]
SQL: SHOW COLUMNS FROM `qsc_voice_guest` [ RunTime:0.006355s ]
SQL: SHOW COLUMNS FROM `qsc_voice_song` [ RunTime:0.007170s ]
SQL: SHOW COLUMNS FROM `qsc_voice_news` [ RunTime:0.006982s ]
SQL: SHOW COLUMNS FROM `qsc_voice_favorite` [ RunTime:0.007349s ]
SQL: SHOW COLUMNS FROM `qsc_voice_hotsong` [ RunTime:0.006062s ]
SQL: SHOW COLUMNS FROM `qsc_voice_hotsinger` [ RunTime:0.007242s ]
SQL: SHOW COLUMNS FROM `qsc_voice_upload` [ RunTime:0.016028s ]
SQL: SELECT * FROM `qsc_voice_guest` WHERE ( `stuid` = '3120103005' ) LIMIT 1   [ RunTime:0.000678s ]
SQL: SELECT * FROM `qsc_voice_favorite` WHERE ( `guestid` = 1 ) AND ( `songid` = 1 ) LIMIT 1   [ RunTime:0.000518s ]

[ 2013-08-27T08:54:28+08:00 ] 0.0.0.0 /fifth/voice/index.php/Index/ajax?action=getsonglist
INFO: [ app_begin ] --START--
INFO: Run ReadHtmlCache Behavior [ RunTime:-0.002060s ]
INFO: [ app_begin ] --END-- [ RunTime:0.001857s ]
SQL: SHOW COLUMNS FROM `qsc_voice_guest` [ RunTime:0.009730s ]
SQL: SHOW COLUMNS FROM `qsc_voice_song` [ RunTime:0.009223s ]
SQL: SHOW COLUMNS FROM `qsc_voice_news` [ RunTime:0.009526s ]
SQL: SHOW COLUMNS FROM `qsc_voice_favorite` [ RunTime:0.009093s ]
SQL: SHOW COLUMNS FROM `qsc_voice_hotsong` [ RunTime:0.009384s ]
SQL: SHOW COLUMNS FROM `qsc_voice_hotsinger` [ RunTime:0.007859s ]
SQL: SHOW COLUMNS FROM `qsc_voice_upload` [ RunTime:0.008015s ]
SQL: SELECT `id` FROM `qsc_voice_song`  [ RunTime:0.000535s ]
SQL: SELECT * FROM `qsc_voice_song` WHERE ( `id` = 1 ) LIMIT 1   [ RunTime:0.000673s ]
SQL: SELECT `nickname` FROM `qsc_voice_guest` WHERE id=1 LIMIT 1   [ RunTime:0.000752s ]
SQL: SELECT * FROM `qsc_voice_song` WHERE ( `id` = 2 ) LIMIT 1   [ RunTime:0.000956s ]
SQL: SELECT `nickname` FROM `qsc_voice_guest` WHERE id=1 LIMIT 1   [ RunTime:0.000794s ]
SQL: SELECT * FROM `qsc_voice_song` WHERE ( `id` = 3 ) LIMIT 1   [ RunTime:0.000622s ]
SQL: SELECT `nickname` FROM `qsc_voice_guest` WHERE id=1 LIMIT 1   [ RunTime:0.000510s ]
SQL: SELECT * FROM `qsc_voice_song` WHERE ( `id` = 4 ) LIMIT 1   [ RunTime:0.000472s ]
SQL: SELECT `nickname` FROM `qsc_voice_guest` WHERE id=2 LIMIT 1   [ RunTime:0.000363s ]
SQL: SELECT * FROM `qsc_voice_song` WHERE ( `id` = 5 ) LIMIT 1   [ RunTime:0.000624s ]
SQL: SELECT `nickname` FROM `qsc_voice_guest` WHERE id=1 LIMIT 1   [ RunTime:0.001008s ]
SQL: SELECT * FROM `qsc_voice_song` WHERE ( `id` = 6 ) LIMIT 1   [ RunTime:0.000618s ]
SQL: SELECT `nickname` FROM `qsc_voice_guest` WHERE id=1 LIMIT 1   [ RunTime:0.000684s ]
SQL: SELECT * FROM `qsc_voice_song` WHERE ( `id` = 7 ) LIMIT 1   [ RunTime:0.000684s ]
SQL: SELECT `nickname` FROM `qsc_voice_guest` WHERE id=7 LIMIT 1   [ RunTime:0.000582s ]
SQL: SELECT * FROM `qsc_voice_song` WHERE ( `id` = 8 ) LIMIT 1   [ RunTime:0.000745s ]
SQL: SELECT `nickname` FROM `qsc_voice_guest` WHERE id=8 LIMIT 1   [ RunTime:0.000434s ]
SQL: SELECT * FROM `qsc_voice_song` WHERE ( `id` = 9 ) LIMIT 1   [ RunTime:0.000346s ]
SQL: SELECT `nickname` FROM `qsc_voice_guest` WHERE id=1 LIMIT 1   [ RunTime:0.000294s ]
SQL: SELECT * FROM `qsc_voice_song` WHERE ( `id` = 10 ) LIMIT 1   [ RunTime:0.000392s ]
SQL: SELECT `nickname` FROM `qsc_voice_guest` WHERE id=1 LIMIT 1   [ RunTime:0.000410s ]
SQL: SELECT * FROM `qsc_voice_guest` WHERE ( `stuid` = '3120103005' ) LIMIT 1   [ RunTime:0.000516s ]
SQL: SELECT * FROM `qsc_voice_favorite` WHERE ( `guestid` = 1 )  [ RunTime:0.000486s ]
SQL: SELECT * FROM `qsc_voice_song` WHERE ( `id` = 1 ) LIMIT 1   [ RunTime:0.000583s ]
SQL: SELECT `nickname` FROM `qsc_voice_guest` WHERE id=1 LIMIT 1   [ RunTime:0.000445s ]
SQL: SELECT * FROM `qsc_voice_song` WHERE ( `id` = 6 ) LIMIT 1   [ RunTime:0.000359s ]
SQL: SELECT `nickname` FROM `qsc_voice_guest` WHERE id=1 LIMIT 1   [ RunTime:0.000301s ]
SQL: SELECT * FROM `qsc_voice_song` WHERE ( `id` = 10 ) LIMIT 1   [ RunTime:0.000335s ]
SQL: SELECT `nickname` FROM `qsc_voice_guest` WHERE id=1 LIMIT 1   [ RunTime:0.000284s ]
SQL: SELECT * FROM `qsc_voice_song` WHERE ( `id` = 9 ) LIMIT 1   [ RunTime:0.000436s ]
SQL: SELECT `nickname` FROM `qsc_voice_guest` WHERE id=1 LIMIT 1   [ RunTime:0.000370s ]
SQL: SELECT * FROM `qsc_voice_song` WHERE ( `id` = 2 ) LIMIT 1   [ RunTime:0.000640s ]
SQL: SELECT `nickname` FROM `qsc_voice_guest` WHERE id=1 LIMIT 1   [ RunTime:0.000350s ]

[ 2013-08-27T08:54:34+08:00 ] 0.0.0.0 /fifth/voice/index.php/Index/ajax?action=check&songid=1
INFO: [ app_begin ] --START--
INFO: Run ReadHtmlCache Behavior [ RunTime:-0.001819s ]
INFO: [ app_begin ] --END-- [ RunTime:0.001763s ]
SQL: SHOW COLUMNS FROM `qsc_voice_guest` [ RunTime:0.012309s ]
SQL: SHOW COLUMNS FROM `qsc_voice_song` [ RunTime:0.008478s ]
SQL: SHOW COLUMNS FROM `qsc_voice_news` [ RunTime:0.009358s ]
SQL: SHOW COLUMNS FROM `qsc_voice_favorite` [ RunTime:0.010628s ]
SQL: SHOW COLUMNS FROM `qsc_voice_hotsong` [ RunTime:0.009064s ]
SQL: SHOW COLUMNS FROM `qsc_voice_hotsinger` [ RunTime:0.008208s ]
SQL: SHOW COLUMNS FROM `qsc_voice_upload` [ RunTime:0.008333s ]
SQL: SELECT * FROM `qsc_voice_guest` WHERE ( `stuid` = '3120103005' ) LIMIT 1   [ RunTime:0.000646s ]
SQL: SELECT * FROM `qsc_voice_favorite` WHERE ( `guestid` = 1 ) AND ( `songid` = 1 ) LIMIT 1   [ RunTime:0.000485s ]

[ 2013-08-27T08:56:22+08:00 ] 0.0.0.0 /fifth/voice/index.php/Index/ajax?action=getsonglist
INFO: [ app_begin ] --START--
INFO: Run ReadHtmlCache Behavior [ RunTime:-0.002010s ]
INFO: [ app_begin ] --END-- [ RunTime:0.002222s ]
SQL: SHOW COLUMNS FROM `qsc_voice_guest` [ RunTime:0.013968s ]
SQL: SHOW COLUMNS FROM `qsc_voice_song` [ RunTime:0.009271s ]
SQL: SHOW COLUMNS FROM `qsc_voice_news` [ RunTime:0.009134s ]
SQL: SHOW COLUMNS FROM `qsc_voice_favorite` [ RunTime:0.008514s ]
SQL: SHOW COLUMNS FROM `qsc_voice_hotsong` [ RunTime:0.008189s ]
SQL: SHOW COLUMNS FROM `qsc_voice_hotsinger` [ RunTime:0.007719s ]
SQL: SHOW COLUMNS FROM `qsc_voice_upload` [ RunTime:0.008494s ]
SQL: SELECT `id` FROM `qsc_voice_song`  [ RunTime:0.000773s ]
SQL: SELECT * FROM `qsc_voice_song` WHERE ( `id` = 1 ) LIMIT 1   [ RunTime:0.000615s ]
SQL: SELECT `nickname` FROM `qsc_voice_guest` WHERE id=1 LIMIT 1   [ RunTime:0.000489s ]
SQL: SELECT * FROM `qsc_voice_song` WHERE ( `id` = 2 ) LIMIT 1   [ RunTime:0.000384s ]
SQL: SELECT `nickname` FROM `qsc_voice_guest` WHERE id=1 LIMIT 1   [ RunTime:0.000303s ]
SQL: SELECT * FROM `qsc_voice_song` WHERE ( `id` = 3 ) LIMIT 1   [ RunTime:0.000448s ]
SQL: SELECT `nickname` FROM `qsc_voice_guest` WHERE id=1 LIMIT 1   [ RunTime:0.000494s ]
SQL: SELECT * FROM `qsc_voice_song` WHERE ( `id` = 4 ) LIMIT 1   [ RunTime:0.000621s ]
SQL: SELECT `nickname` FROM `qsc_voice_guest` WHERE id=2 LIMIT 1   [ RunTime:0.000365s ]
SQL: SELECT * FROM `qsc_voice_song` WHERE ( `id` = 5 ) LIMIT 1   [ RunTime:0.000533s ]
SQL: SELECT `nickname` FROM `qsc_voice_guest` WHERE id=1 LIMIT 1   [ RunTime:0.000491s ]
SQL: SELECT * FROM `qsc_voice_song` WHERE ( `id` = 6 ) LIMIT 1   [ RunTime:0.000706s ]
SQL: SELECT `nickname` FROM `qsc_voice_guest` WHERE id=1 LIMIT 1   [ RunTime:0.000878s ]
SQL: SELECT * FROM `qsc_voice_song` WHERE ( `id` = 7 ) LIMIT 1   [ RunTime:0.000814s ]
SQL: SELECT `nickname` FROM `qsc_voice_guest` WHERE id=7 LIMIT 1   [ RunTime:0.000444s ]
SQL: SELECT * FROM `qsc_voice_song` WHERE ( `id` = 8 ) LIMIT 1   [ RunTime:0.000766s ]
SQL: SELECT `nickname` FROM `qsc_voice_guest` WHERE id=8 LIMIT 1   [ RunTime:0.000460s ]
SQL: SELECT * FROM `qsc_voice_song` WHERE ( `id` = 9 ) LIMIT 1   [ RunTime:0.000715s ]
SQL: SELECT `nickname` FROM `qsc_voice_guest` WHERE id=1 LIMIT 1   [ RunTime:0.000693s ]
SQL: SELECT * FROM `qsc_voice_song` WHERE ( `id` = 10 ) LIMIT 1   [ RunTime:0.000718s ]
SQL: SELECT `nickname` FROM `qsc_voice_guest` WHERE id=1 LIMIT 1   [ RunTime:0.000738s ]
SQL: SELECT * FROM `qsc_voice_guest` WHERE ( `stuid` = '3120103005' ) LIMIT 1   [ RunTime:0.000874s ]
SQL: SELECT * FROM `qsc_voice_favorite` WHERE ( `guestid` = 1 )  [ RunTime:0.000562s ]
SQL: SELECT * FROM `qsc_voice_song` WHERE ( `id` = 1 ) LIMIT 1   [ RunTime:0.000444s ]
SQL: SELECT `nickname` FROM `qsc_voice_guest` WHERE id=1 LIMIT 1   [ RunTime:0.000552s ]
SQL: SELECT * FROM `qsc_voice_song` WHERE ( `id` = 6 ) LIMIT 1   [ RunTime:0.000504s ]
SQL: SELECT `nickname` FROM `qsc_voice_guest` WHERE id=1 LIMIT 1   [ RunTime:0.000352s ]
SQL: SELECT * FROM `qsc_voice_song` WHERE ( `id` = 10 ) LIMIT 1   [ RunTime:0.000367s ]
SQL: SELECT `nickname` FROM `qsc_voice_guest` WHERE id=1 LIMIT 1   [ RunTime:0.000343s ]
SQL: SELECT * FROM `qsc_voice_song` WHERE ( `id` = 9 ) LIMIT 1   [ RunTime:0.000362s ]
SQL: SELECT `nickname` FROM `qsc_voice_guest` WHERE id=1 LIMIT 1   [ RunTime:0.000300s ]
SQL: SELECT * FROM `qsc_voice_song` WHERE ( `id` = 2 ) LIMIT 1   [ RunTime:0.000365s ]
SQL: SELECT `nickname` FROM `qsc_voice_guest` WHERE id=1 LIMIT 1   [ RunTime:0.000316s ]

[ 2013-08-27T08:56:22+08:00 ] 0.0.0.0 /fifth/voice/index.php/Index/ajax?action=check&songid=1
INFO: [ app_begin ] --START--
INFO: Run ReadHtmlCache Behavior [ RunTime:-0.002110s ]
INFO: [ app_begin ] --END-- [ RunTime:0.002388s ]
SQL: SHOW COLUMNS FROM `qsc_voice_guest` [ RunTime:0.006267s ]
SQL: SHOW COLUMNS FROM `qsc_voice_song` [ RunTime:0.008471s ]
SQL: SHOW COLUMNS FROM `qsc_voice_news` [ RunTime:0.006180s ]
SQL: SHOW COLUMNS FROM `qsc_voice_favorite` [ RunTime:0.006480s ]
SQL: SHOW COLUMNS FROM `qsc_voice_hotsong` [ RunTime:0.006121s ]
SQL: SHOW COLUMNS FROM `qsc_voice_hotsinger` [ RunTime:0.007206s ]
SQL: SHOW COLUMNS FROM `qsc_voice_upload` [ RunTime:0.006212s ]
SQL: SELECT * FROM `qsc_voice_guest` WHERE ( `stuid` = '3120103005' ) LIMIT 1   [ RunTime:0.000719s ]
SQL: SELECT * FROM `qsc_voice_favorite` WHERE ( `guestid` = 1 ) AND ( `songid` = 1 ) LIMIT 1   [ RunTime:0.000377s ]

[ 2013-08-27T08:56:24+08:00 ] 0.0.0.0 /fifth/voice/index.php/Index/ajax?action=check&songid=3
INFO: [ app_begin ] --START--
INFO: Run ReadHtmlCache Behavior [ RunTime:-0.002029s ]
INFO: [ app_begin ] --END-- [ RunTime:0.002169s ]
SQL: SHOW COLUMNS FROM `qsc_voice_guest` [ RunTime:0.010083s ]
SQL: SHOW COLUMNS FROM `qsc_voice_song` [ RunTime:0.008780s ]
SQL: SHOW COLUMNS FROM `qsc_voice_news` [ RunTime:0.057927s ]
SQL: SHOW COLUMNS FROM `qsc_voice_favorite` [ RunTime:0.007787s ]
SQL: SHOW COLUMNS FROM `qsc_voice_hotsong` [ RunTime:0.007074s ]
SQL: SHOW COLUMNS FROM `qsc_voice_hotsinger` [ RunTime:0.008118s ]
SQL: SHOW COLUMNS FROM `qsc_voice_upload` [ RunTime:0.005436s ]
SQL: SELECT * FROM `qsc_voice_guest` WHERE ( `stuid` = '3120103005' ) LIMIT 1   [ RunTime:0.000854s ]
SQL: SELECT * FROM `qsc_voice_favorite` WHERE ( `guestid` = 1 ) AND ( `songid` = 3 ) LIMIT 1   [ RunTime:0.000463s ]

[ 2013-08-27T08:56:26+08:00 ] 0.0.0.0 /fifth/voice/index.php/Index/ajax?action=check&songid=4
INFO: [ app_begin ] --START--
INFO: Run ReadHtmlCache Behavior [ RunTime:-0.001957s ]
INFO: [ app_begin ] --END-- [ RunTime:0.001908s ]
SQL: SHOW COLUMNS FROM `qsc_voice_guest` [ RunTime:0.010463s ]
SQL: SHOW COLUMNS FROM `qsc_voice_song` [ RunTime:0.036775s ]
SQL: SHOW COLUMNS FROM `qsc_voice_news` [ RunTime:0.008576s ]
SQL: SHOW COLUMNS FROM `qsc_voice_favorite` [ RunTime:0.008728s ]
SQL: SHOW COLUMNS FROM `qsc_voice_hotsong` [ RunTime:0.008814s ]
SQL: SHOW COLUMNS FROM `qsc_voice_hotsinger` [ RunTime:0.008577s ]
SQL: SHOW COLUMNS FROM `qsc_voice_upload` [ RunTime:0.006217s ]
SQL: SELECT * FROM `qsc_voice_guest` WHERE ( `stuid` = '3120103005' ) LIMIT 1   [ RunTime:0.000746s ]
SQL: SELECT * FROM `qsc_voice_favorite` WHERE ( `guestid` = 1 ) AND ( `songid` = 4 ) LIMIT 1   [ RunTime:0.001468s ]

[ 2013-08-27T08:56:28+08:00 ] 0.0.0.0 /fifth/voice/index.php/Index/ajax?action=check&songid=5
INFO: [ app_begin ] --START--
INFO: Run ReadHtmlCache Behavior [ RunTime:-0.002321s ]
INFO: [ app_begin ] --END-- [ RunTime:0.002016s ]
SQL: SHOW COLUMNS FROM `qsc_voice_guest` [ RunTime:0.009651s ]
SQL: SHOW COLUMNS FROM `qsc_voice_song` [ RunTime:0.008455s ]
SQL: SHOW COLUMNS FROM `qsc_voice_news` [ RunTime:0.012568s ]
SQL: SHOW COLUMNS FROM `qsc_voice_favorite` [ RunTime:0.010095s ]
SQL: SHOW COLUMNS FROM `qsc_voice_hotsong` [ RunTime:0.006822s ]
SQL: SHOW COLUMNS FROM `qsc_voice_hotsinger` [ RunTime:0.008235s ]
SQL: SHOW COLUMNS FROM `qsc_voice_upload` [ RunTime:0.006692s ]
SQL: SELECT * FROM `qsc_voice_guest` WHERE ( `stuid` = '3120103005' ) LIMIT 1   [ RunTime:0.000998s ]
SQL: SELECT * FROM `qsc_voice_favorite` WHERE ( `guestid` = 1 ) AND ( `songid` = 5 ) LIMIT 1   [ RunTime:0.000640s ]

[ 2013-08-27T09:00:59+08:00 ] 0.0.0.0 /fifth/voice/index.php/Index/ajax?action=check&songid=2
INFO: [ app_begin ] --START--
INFO: Run ReadHtmlCache Behavior [ RunTime:-0.002040s ]
INFO: [ app_begin ] --END-- [ RunTime:0.001895s ]
SQL: SHOW COLUMNS FROM `qsc_voice_guest` [ RunTime:0.022715s ]
SQL: SHOW COLUMNS FROM `qsc_voice_song` [ RunTime:0.008473s ]
SQL: SHOW COLUMNS FROM `qsc_voice_news` [ RunTime:0.007431s ]
SQL: SHOW COLUMNS FROM `qsc_voice_favorite` [ RunTime:0.007938s ]
SQL: SHOW COLUMNS FROM `qsc_voice_hotsong` [ RunTime:0.007159s ]
SQL: SHOW COLUMNS FROM `qsc_voice_hotsinger` [ RunTime:0.007573s ]
SQL: SHOW COLUMNS FROM `qsc_voice_upload` [ RunTime:0.005050s ]
SQL: SELECT * FROM `qsc_voice_guest` WHERE ( `stuid` = '3120103005' ) LIMIT 1   [ RunTime:0.001182s ]
SQL: SELECT * FROM `qsc_voice_favorite` WHERE ( `guestid` = 1 ) AND ( `songid` = 2 ) LIMIT 1   [ RunTime:0.001082s ]

[ 2013-08-27T09:01:38+08:00 ] 0.0.0.0 /fifth/voice/index.php/Index/ajax?action=getsonglist
INFO: [ app_begin ] --START--
INFO: Run ReadHtmlCache Behavior [ RunTime:-0.002053s ]
INFO: [ app_begin ] --END-- [ RunTime:0.002224s ]
SQL: SHOW COLUMNS FROM `qsc_voice_guest` [ RunTime:0.010051s ]
SQL: SHOW COLUMNS FROM `qsc_voice_song` [ RunTime:0.008698s ]
SQL: SHOW COLUMNS FROM `qsc_voice_news` [ RunTime:0.008155s ]
SQL: SHOW COLUMNS FROM `qsc_voice_favorite` [ RunTime:0.011454s ]
SQL: SHOW COLUMNS FROM `qsc_voice_hotsong` [ RunTime:0.008569s ]
SQL: SHOW COLUMNS FROM `qsc_voice_hotsinger` [ RunTime:0.007661s ]
SQL: SHOW COLUMNS FROM `qsc_voice_upload` [ RunTime:0.006512s ]
SQL: SELECT `id` FROM `qsc_voice_song`  [ RunTime:0.000836s ]
SQL: SELECT * FROM `qsc_voice_song` WHERE ( `id` = 1 ) LIMIT 1   [ RunTime:0.001086s ]
SQL: SELECT `nickname` FROM `qsc_voice_guest` WHERE id=1 LIMIT 1   [ RunTime:0.000560s ]
SQL: SELECT * FROM `qsc_voice_song` WHERE ( `id` = 2 ) LIMIT 1   [ RunTime:0.000462s ]
SQL: SELECT `nickname` FROM `qsc_voice_guest` WHERE id=1 LIMIT 1   [ RunTime:0.000403s ]
SQL: SELECT * FROM `qsc_voice_song` WHERE ( `id` = 3 ) LIMIT 1   [ RunTime:0.000704s ]
SQL: SELECT `nickname` FROM `qsc_voice_guest` WHERE id=1 LIMIT 1   [ RunTime:0.000876s ]
SQL: SELECT * FROM `qsc_voice_song` WHERE ( `id` = 4 ) LIMIT 1   [ RunTime:0.000922s ]
SQL: SELECT `nickname` FROM `qsc_voice_guest` WHERE id=2 LIMIT 1   [ RunTime:0.000659s ]
SQL: SELECT * FROM `qsc_voice_song` WHERE ( `id` = 5 ) LIMIT 1   [ RunTime:0.000739s ]
SQL: SELECT `nickname` FROM `qsc_voice_guest` WHERE id=1 LIMIT 1   [ RunTime:0.000554s ]
SQL: SELECT * FROM `qsc_voice_song` WHERE ( `id` = 6 ) LIMIT 1   [ RunTime:0.000534s ]
SQL: SELECT `nickname` FROM `qsc_voice_guest` WHERE id=1 LIMIT 1   [ RunTime:0.000363s ]
SQL: SELECT * FROM `qsc_voice_song` WHERE ( `id` = 7 ) LIMIT 1   [ RunTime:0.000343s ]
SQL: SELECT `nickname` FROM `qsc_voice_guest` WHERE id=7 LIMIT 1   [ RunTime:0.000288s ]
SQL: SELECT * FROM `qsc_voice_song` WHERE ( `id` = 8 ) LIMIT 1   [ RunTime:0.000449s ]
SQL: SELECT `nickname` FROM `qsc_voice_guest` WHERE id=8 LIMIT 1   [ RunTime:0.000612s ]
SQL: SELECT * FROM `qsc_voice_song` WHERE ( `id` = 9 ) LIMIT 1   [ RunTime:0.000512s ]
SQL: SELECT `nickname` FROM `qsc_voice_guest` WHERE id=1 LIMIT 1   [ RunTime:0.000579s ]
SQL: SELECT * FROM `qsc_voice_song` WHERE ( `id` = 10 ) LIMIT 1   [ RunTime:0.000602s ]
SQL: SELECT `nickname` FROM `qsc_voice_guest` WHERE id=1 LIMIT 1   [ RunTime:0.000388s ]
SQL: SELECT * FROM `qsc_voice_guest` WHERE ( `stuid` = '3120103005' ) LIMIT 1   [ RunTime:0.000970s ]
SQL: SELECT * FROM `qsc_voice_favorite` WHERE ( `guestid` = 1 )  [ RunTime:0.001140s ]
SQL: SELECT * FROM `qsc_voice_song` WHERE ( `id` = 1 ) LIMIT 1   [ RunTime:0.000845s ]
SQL: SELECT `nickname` FROM `qsc_voice_guest` WHERE id=1 LIMIT 1   [ RunTime:0.000599s ]
SQL: SELECT * FROM `qsc_voice_song` WHERE ( `id` = 6 ) LIMIT 1   [ RunTime:0.000510s ]
SQL: SELECT `nickname` FROM `qsc_voice_guest` WHERE id=1 LIMIT 1   [ RunTime:0.000352s ]
SQL: SELECT * FROM `qsc_voice_song` WHERE ( `id` = 10 ) LIMIT 1   [ RunTime:0.000693s ]
SQL: SELECT `nickname` FROM `qsc_voice_guest` WHERE id=1 LIMIT 1   [ RunTime:0.000687s ]
SQL: SELECT * FROM `qsc_voice_song` WHERE ( `id` = 9 ) LIMIT 1   [ RunTime:0.000746s ]
SQL: SELECT `nickname` FROM `qsc_voice_guest` WHERE id=1 LIMIT 1   [ RunTime:0.000610s ]
SQL: SELECT * FROM `qsc_voice_song` WHERE ( `id` = 2 ) LIMIT 1   [ RunTime:0.000728s ]
SQL: SELECT `nickname` FROM `qsc_voice_guest` WHERE id=1 LIMIT 1   [ RunTime:0.000503s ]

[ 2013-08-27T09:01:38+08:00 ] 0.0.0.0 /fifth/voice/index.php/Index/ajax?action=check&songid=1
INFO: [ app_begin ] --START--
INFO: Run ReadHtmlCache Behavior [ RunTime:-0.002121s ]
INFO: [ app_begin ] --END-- [ RunTime:0.002316s ]
SQL: SHOW COLUMNS FROM `qsc_voice_guest` [ RunTime:0.010215s ]
SQL: SHOW COLUMNS FROM `qsc_voice_song` [ RunTime:0.008253s ]
SQL: SHOW COLUMNS FROM `qsc_voice_news` [ RunTime:0.006440s ]
SQL: SHOW COLUMNS FROM `qsc_voice_favorite` [ RunTime:0.008176s ]
SQL: SHOW COLUMNS FROM `qsc_voice_hotsong` [ RunTime:0.005644s ]
SQL: SHOW COLUMNS FROM `qsc_voice_hotsinger` [ RunTime:0.005359s ]
SQL: SHOW COLUMNS FROM `qsc_voice_upload` [ RunTime:0.004898s ]
SQL: SELECT * FROM `qsc_voice_guest` WHERE ( `stuid` = '3120103005' ) LIMIT 1   [ RunTime:0.000733s ]
SQL: SELECT * FROM `qsc_voice_favorite` WHERE ( `guestid` = 1 ) AND ( `songid` = 1 ) LIMIT 1   [ RunTime:0.000520s ]

[ 2013-08-27T09:01:40+08:00 ] 0.0.0.0 /fifth/voice/index.php/Index/ajax?action=check&songid=4
INFO: [ app_begin ] --START--
INFO: Run ReadHtmlCache Behavior [ RunTime:-0.001914s ]
INFO: [ app_begin ] --END-- [ RunTime:0.001994s ]
SQL: SHOW COLUMNS FROM `qsc_voice_guest` [ RunTime:0.011131s ]
SQL: SHOW COLUMNS FROM `qsc_voice_song` [ RunTime:0.009203s ]
SQL: SHOW COLUMNS FROM `qsc_voice_news` [ RunTime:0.007650s ]
SQL: SHOW COLUMNS FROM `qsc_voice_favorite` [ RunTime:0.007291s ]
SQL: SHOW COLUMNS FROM `qsc_voice_hotsong` [ RunTime:0.006497s ]
SQL: SHOW COLUMNS FROM `qsc_voice_hotsinger` [ RunTime:0.058899s ]
SQL: SHOW COLUMNS FROM `qsc_voice_upload` [ RunTime:0.006848s ]
SQL: SELECT * FROM `qsc_voice_guest` WHERE ( `stuid` = '3120103005' ) LIMIT 1   [ RunTime:0.000565s ]
SQL: SELECT * FROM `qsc_voice_favorite` WHERE ( `guestid` = 1 ) AND ( `songid` = 4 ) LIMIT 1   [ RunTime:0.000382s ]

[ 2013-08-27T09:01:42+08:00 ] 0.0.0.0 /fifth/voice/index.php/Index/ajax?action=check&songid=3
INFO: [ app_begin ] --START--
INFO: Run ReadHtmlCache Behavior [ RunTime:-0.001790s ]
INFO: [ app_begin ] --END-- [ RunTime:0.001712s ]
SQL: SHOW COLUMNS FROM `qsc_voice_guest` [ RunTime:0.011201s ]
SQL: SHOW COLUMNS FROM `qsc_voice_song` [ RunTime:0.009199s ]
SQL: SHOW COLUMNS FROM `qsc_voice_news` [ RunTime:0.008537s ]
SQL: SHOW COLUMNS FROM `qsc_voice_favorite` [ RunTime:0.008959s ]
SQL: SHOW COLUMNS FROM `qsc_voice_hotsong` [ RunTime:0.007497s ]
SQL: SHOW COLUMNS FROM `qsc_voice_hotsinger` [ RunTime:0.007152s ]
SQL: SHOW COLUMNS FROM `qsc_voice_upload` [ RunTime:0.006449s ]
SQL: SELECT * FROM `qsc_voice_guest` WHERE ( `stuid` = '3120103005' ) LIMIT 1   [ RunTime:0.000767s ]
SQL: SELECT * FROM `qsc_voice_favorite` WHERE ( `guestid` = 1 ) AND ( `songid` = 3 ) LIMIT 1   [ RunTime:0.000458s ]

[ 2013-08-27T09:05:35+08:00 ] 0.0.0.0 /fifth/voice/index.php/Index/ajax?action=getsonglist
INFO: [ app_begin ] --START--
INFO: Run ReadHtmlCache Behavior [ RunTime:-0.004489s ]
INFO: [ app_begin ] --END-- [ RunTime:0.001978s ]
SQL: SHOW COLUMNS FROM `qsc_voice_guest` [ RunTime:0.010596s ]
SQL: SHOW COLUMNS FROM `qsc_voice_song` [ RunTime:0.009902s ]
SQL: SHOW COLUMNS FROM `qsc_voice_news` [ RunTime:0.012278s ]
SQL: SHOW COLUMNS FROM `qsc_voice_favorite` [ RunTime:0.009184s ]
SQL: SHOW COLUMNS FROM `qsc_voice_hotsong` [ RunTime:0.009492s ]
SQL: SHOW COLUMNS FROM `qsc_voice_hotsinger` [ RunTime:0.008145s ]
SQL: SHOW COLUMNS FROM `qsc_voice_upload` [ RunTime:0.009585s ]
SQL: SELECT `id` FROM `qsc_voice_song`  [ RunTime:0.000952s ]
SQL: SELECT * FROM `qsc_voice_song` WHERE ( `id` = 1 ) LIMIT 1   [ RunTime:0.000848s ]
SQL: SELECT `nickname` FROM `qsc_voice_guest` WHERE id=1 LIMIT 1   [ RunTime:0.000862s ]
SQL: SELECT * FROM `qsc_voice_song` WHERE ( `id` = 2 ) LIMIT 1   [ RunTime:0.001070s ]
SQL: SELECT `nickname` FROM `qsc_voice_guest` WHERE id=1 LIMIT 1   [ RunTime:0.001368s ]
SQL: SELECT * FROM `qsc_voice_song` WHERE ( `id` = 3 ) LIMIT 1   [ RunTime:0.000837s ]
SQL: SELECT `nickname` FROM `qsc_voice_guest` WHERE id=1 LIMIT 1   [ RunTime:0.000684s ]
SQL: SELECT * FROM `qsc_voice_song` WHERE ( `id` = 4 ) LIMIT 1   [ RunTime:0.000770s ]
SQL: SELECT `nickname` FROM `qsc_voice_guest` WHERE id=2 LIMIT 1   [ RunTime:0.000788s ]
SQL: SELECT * FROM `qsc_voice_song` WHERE ( `id` = 5 ) LIMIT 1   [ RunTime:0.001021s ]
SQL: SELECT `nickname` FROM `qsc_voice_guest` WHERE id=1 LIMIT 1   [ RunTime:0.000593s ]
SQL: SELECT * FROM `qsc_voice_song` WHERE ( `id` = 6 ) LIMIT 1   [ RunTime:0.000671s ]
SQL: SELECT `nickname` FROM `qsc_voice_guest` WHERE id=1 LIMIT 1   [ RunTime:0.000593s ]
SQL: SELECT * FROM `qsc_voice_song` WHERE ( `id` = 7 ) LIMIT 1   [ RunTime:0.000665s ]
SQL: SELECT `nickname` FROM `qsc_voice_guest` WHERE id=7 LIMIT 1   [ RunTime:0.000963s ]
SQL: SELECT * FROM `qsc_voice_song` WHERE ( `id` = 8 ) LIMIT 1   [ RunTime:0.000485s ]
SQL: SELECT `nickname` FROM `qsc_voice_guest` WHERE id=8 LIMIT 1   [ RunTime:0.000317s ]
SQL: SELECT * FROM `qsc_voice_song` WHERE ( `id` = 9 ) LIMIT 1   [ RunTime:0.000370s ]
SQL: SELECT `nickname` FROM `qsc_voice_guest` WHERE id=1 LIMIT 1   [ RunTime:0.000394s ]
SQL: SELECT * FROM `qsc_voice_song` WHERE ( `id` = 10 ) LIMIT 1   [ RunTime:0.000388s ]
SQL: SELECT `nickname` FROM `qsc_voice_guest` WHERE id=1 LIMIT 1   [ RunTime:0.000327s ]
SQL: SELECT * FROM `qsc_voice_guest` WHERE ( `stuid` = '3120103005' ) LIMIT 1   [ RunTime:0.000379s ]
SQL: SELECT * FROM `qsc_voice_favorite` WHERE ( `guestid` = 1 )  [ RunTime:0.000359s ]
SQL: SELECT * FROM `qsc_voice_song` WHERE ( `id` = 1 ) LIMIT 1   [ RunTime:0.000424s ]
SQL: SELECT `nickname` FROM `qsc_voice_guest` WHERE id=1 LIMIT 1   [ RunTime:0.000409s ]
SQL: SELECT * FROM `qsc_voice_song` WHERE ( `id` = 6 ) LIMIT 1   [ RunTime:0.000431s ]
SQL: SELECT `nickname` FROM `qsc_voice_guest` WHERE id=1 LIMIT 1   [ RunTime:0.000336s ]
SQL: SELECT * FROM `qsc_voice_song` WHERE ( `id` = 10 ) LIMIT 1   [ RunTime:0.000377s ]
SQL: SELECT `nickname` FROM `qsc_voice_guest` WHERE id=1 LIMIT 1   [ RunTime:0.000315s ]
SQL: SELECT * FROM `qsc_voice_song` WHERE ( `id` = 9 ) LIMIT 1   [ RunTime:0.000369s ]
SQL: SELECT `nickname` FROM `qsc_voice_guest` WHERE id=1 LIMIT 1   [ RunTime:0.000309s ]
SQL: SELECT * FROM `qsc_voice_song` WHERE ( `id` = 2 ) LIMIT 1   [ RunTime:0.000359s ]
SQL: SELECT `nickname` FROM `qsc_voice_guest` WHERE id=1 LIMIT 1   [ RunTime:0.000304s ]

[ 2013-08-27T09:05:40+08:00 ] 0.0.0.0 /fifth/voice/index.php/Index/ajax?action=getsonglist
INFO: [ app_begin ] --START--
INFO: Run ReadHtmlCache Behavior [ RunTime:-0.001800s ]
INFO: [ app_begin ] --END-- [ RunTime:0.001859s ]
SQL: SHOW COLUMNS FROM `qsc_voice_guest` [ RunTime:0.011736s ]
SQL: SHOW COLUMNS FROM `qsc_voice_song` [ RunTime:0.041389s ]
SQL: SHOW COLUMNS FROM `qsc_voice_news` [ RunTime:0.008292s ]
SQL: SHOW COLUMNS FROM `qsc_voice_favorite` [ RunTime:0.010566s ]
SQL: SHOW COLUMNS FROM `qsc_voice_hotsong` [ RunTime:0.009080s ]
SQL: SHOW COLUMNS FROM `qsc_voice_hotsinger` [ RunTime:0.009445s ]
SQL: SHOW COLUMNS FROM `qsc_voice_upload` [ RunTime:0.006292s ]
SQL: SELECT `id` FROM `qsc_voice_song`  [ RunTime:0.000816s ]
SQL: SELECT * FROM `qsc_voice_song` WHERE ( `id` = 1 ) LIMIT 1   [ RunTime:0.000853s ]
SQL: SELECT `nickname` FROM `qsc_voice_guest` WHERE id=1 LIMIT 1   [ RunTime:0.000669s ]
SQL: SELECT * FROM `qsc_voice_song` WHERE ( `id` = 2 ) LIMIT 1   [ RunTime:0.000697s ]
SQL: SELECT `nickname` FROM `qsc_voice_guest` WHERE id=1 LIMIT 1   [ RunTime:0.001024s ]
SQL: SELECT * FROM `qsc_voice_song` WHERE ( `id` = 3 ) LIMIT 1   [ RunTime:0.000746s ]
SQL: SELECT `nickname` FROM `qsc_voice_guest` WHERE id=1 LIMIT 1   [ RunTime:0.000589s ]
SQL: SELECT * FROM `qsc_voice_song` WHERE ( `id` = 4 ) LIMIT 1   [ RunTime:0.000689s ]
SQL: SELECT `nickname` FROM `qsc_voice_guest` WHERE id=2 LIMIT 1   [ RunTime:0.000569s ]
SQL: SELECT * FROM `qsc_voice_song` WHERE ( `id` = 5 ) LIMIT 1   [ RunTime:0.000695s ]
SQL: SELECT `nickname` FROM `qsc_voice_guest` WHERE id=1 LIMIT 1   [ RunTime:0.001014s ]
SQL: SELECT * FROM `qsc_voice_song` WHERE ( `id` = 6 ) LIMIT 1   [ RunTime:0.000749s ]
SQL: SELECT `nickname` FROM `qsc_voice_guest` WHERE id=1 LIMIT 1   [ RunTime:0.000607s ]
SQL: SELECT * FROM `qsc_voice_song` WHERE ( `id` = 7 ) LIMIT 1   [ RunTime:0.000789s ]
SQL: SELECT `nickname` FROM `qsc_voice_guest` WHERE id=7 LIMIT 1   [ RunTime:0.000629s ]
SQL: SELECT * FROM `qsc_voice_song` WHERE ( `id` = 8 ) LIMIT 1   [ RunTime:0.000881s ]
SQL: SELECT `nickname` FROM `qsc_voice_guest` WHERE id=8 LIMIT 1   [ RunTime:0.000596s ]
SQL: SELECT * FROM `qsc_voice_song` WHERE ( `id` = 9 ) LIMIT 1   [ RunTime:0.000447s ]
SQL: SELECT `nickname` FROM `qsc_voice_guest` WHERE id=1 LIMIT 1   [ RunTime:0.000390s ]
SQL: SELECT * FROM `qsc_voice_song` WHERE ( `id` = 10 ) LIMIT 1   [ RunTime:0.000420s ]
SQL: SELECT `nickname` FROM `qsc_voice_guest` WHERE id=1 LIMIT 1   [ RunTime:0.000353s ]
SQL: SELECT * FROM `qsc_voice_guest` WHERE ( `stuid` = '3120103005' ) LIMIT 1   [ RunTime:0.000400s ]
SQL: SELECT * FROM `qsc_voice_favorite` WHERE ( `guestid` = 1 )  [ RunTime:0.000415s ]
SQL: SELECT * FROM `qsc_voice_song` WHERE ( `id` = 1 ) LIMIT 1   [ RunTime:0.000377s ]
SQL: SELECT `nickname` FROM `qsc_voice_guest` WHERE id=1 LIMIT 1   [ RunTime:0.000339s ]
SQL: SELECT * FROM `qsc_voice_song` WHERE ( `id` = 6 ) LIMIT 1   [ RunTime:0.000571s ]
SQL: SELECT `nickname` FROM `qsc_voice_guest` WHERE id=1 LIMIT 1   [ RunTime:0.000716s ]
SQL: SELECT * FROM `qsc_voice_song` WHERE ( `id` = 10 ) LIMIT 1   [ RunTime:0.001547s ]
SQL: SELECT `nickname` FROM `qsc_voice_guest` WHERE id=1 LIMIT 1   [ RunTime:0.000430s ]
SQL: SELECT * FROM `qsc_voice_song` WHERE ( `id` = 9 ) LIMIT 1   [ RunTime:0.000550s ]
SQL: SELECT `nickname` FROM `qsc_voice_guest` WHERE id=1 LIMIT 1   [ RunTime:0.000600s ]
SQL: SELECT * FROM `qsc_voice_song` WHERE ( `id` = 2 ) LIMIT 1   [ RunTime:0.000389s ]
SQL: SELECT `nickname` FROM `qsc_voice_guest` WHERE id=1 LIMIT 1   [ RunTime:0.000309s ]

[ 2013-08-27T09:05:40+08:00 ] 0.0.0.0 /fifth/voice/index.php/Index/ajax?action=check&songid=1
INFO: [ app_begin ] --START--
INFO: Run ReadHtmlCache Behavior [ RunTime:-0.001841s ]
INFO: [ app_begin ] --END-- [ RunTime:0.001785s ]
SQL: SHOW COLUMNS FROM `qsc_voice_guest` [ RunTime:0.011109s ]
SQL: SHOW COLUMNS FROM `qsc_voice_song` [ RunTime:0.010360s ]
SQL: SHOW COLUMNS FROM `qsc_voice_news` [ RunTime:0.009622s ]
SQL: SHOW COLUMNS FROM `qsc_voice_favorite` [ RunTime:0.008612s ]
SQL: SHOW COLUMNS FROM `qsc_voice_hotsong` [ RunTime:0.008989s ]
SQL: SHOW COLUMNS FROM `qsc_voice_hotsinger` [ RunTime:0.007735s ]
SQL: SHOW COLUMNS FROM `qsc_voice_upload` [ RunTime:0.006279s ]
SQL: SELECT * FROM `qsc_voice_guest` WHERE ( `stuid` = '3120103005' ) LIMIT 1   [ RunTime:0.000794s ]
SQL: SELECT * FROM `qsc_voice_favorite` WHERE ( `guestid` = 1 ) AND ( `songid` = 1 ) LIMIT 1   [ RunTime:0.000636s ]

[ 2013-08-27T09:05:58+08:00 ] 0.0.0.0 /fifth/voice/index.php/Index/ajax?action=check&songid=9
INFO: [ app_begin ] --START--
INFO: Run ReadHtmlCache Behavior [ RunTime:-0.001971s ]
INFO: [ app_begin ] --END-- [ RunTime:0.002061s ]
SQL: SHOW COLUMNS FROM `qsc_voice_guest` [ RunTime:0.023033s ]
SQL: SHOW COLUMNS FROM `qsc_voice_song` [ RunTime:0.010075s ]
SQL: SHOW COLUMNS FROM `qsc_voice_news` [ RunTime:0.008278s ]
SQL: SHOW COLUMNS FROM `qsc_voice_favorite` [ RunTime:0.009622s ]
SQL: SHOW COLUMNS FROM `qsc_voice_hotsong` [ RunTime:0.007153s ]
SQL: SHOW COLUMNS FROM `qsc_voice_hotsinger` [ RunTime:0.007191s ]
SQL: SHOW COLUMNS FROM `qsc_voice_upload` [ RunTime:0.006553s ]
SQL: SELECT * FROM `qsc_voice_guest` WHERE ( `stuid` = '3120103005' ) LIMIT 1   [ RunTime:0.000922s ]
SQL: SELECT * FROM `qsc_voice_favorite` WHERE ( `guestid` = 1 ) AND ( `songid` = 9 ) LIMIT 1   [ RunTime:0.000749s ]

[ 2013-08-27T09:06:04+08:00 ] 0.0.0.0 /fifth/voice/index.php/Index/ajax?action=check&songid=6
INFO: [ app_begin ] --START--
INFO: Run ReadHtmlCache Behavior [ RunTime:-0.002150s ]
INFO: [ app_begin ] --END-- [ RunTime:0.002219s ]
SQL: SHOW COLUMNS FROM `qsc_voice_guest` [ RunTime:0.011688s ]
SQL: SHOW COLUMNS FROM `qsc_voice_song` [ RunTime:0.012459s ]
SQL: SHOW COLUMNS FROM `qsc_voice_news` [ RunTime:0.009839s ]
SQL: SHOW COLUMNS FROM `qsc_voice_favorite` [ RunTime:0.009431s ]
SQL: SHOW COLUMNS FROM `qsc_voice_hotsong` [ RunTime:0.009252s ]
SQL: SHOW COLUMNS FROM `qsc_voice_hotsinger` [ RunTime:0.015179s ]
SQL: SHOW COLUMNS FROM `qsc_voice_upload` [ RunTime:0.007750s ]
SQL: SELECT * FROM `qsc_voice_guest` WHERE ( `stuid` = '3120103005' ) LIMIT 1   [ RunTime:0.000736s ]
SQL: SELECT * FROM `qsc_voice_favorite` WHERE ( `guestid` = 1 ) AND ( `songid` = 6 ) LIMIT 1   [ RunTime:0.000797s ]

[ 2013-08-27T09:06:05+08:00 ] 0.0.0.0 /fifth/voice/index.php/Index/ajax?action=check&songid=10
INFO: [ app_begin ] --START--
INFO: Run ReadHtmlCache Behavior [ RunTime:-0.002058s ]
INFO: [ app_begin ] --END-- [ RunTime:0.001943s ]
SQL: SHOW COLUMNS FROM `qsc_voice_guest` [ RunTime:0.010262s ]
SQL: SHOW COLUMNS FROM `qsc_voice_song` [ RunTime:0.009190s ]
SQL: SHOW COLUMNS FROM `qsc_voice_news` [ RunTime:0.007944s ]
SQL: SHOW COLUMNS FROM `qsc_voice_favorite` [ RunTime:0.009433s ]
SQL: SHOW COLUMNS FROM `qsc_voice_hotsong` [ RunTime:0.007210s ]
SQL: SHOW COLUMNS FROM `qsc_voice_hotsinger` [ RunTime:0.007506s ]
SQL: SHOW COLUMNS FROM `qsc_voice_upload` [ RunTime:0.006024s ]
SQL: SELECT * FROM `qsc_voice_guest` WHERE ( `stuid` = '3120103005' ) LIMIT 1   [ RunTime:0.000693s ]
SQL: SELECT * FROM `qsc_voice_favorite` WHERE ( `guestid` = 1 ) AND ( `songid` = 10 ) LIMIT 1   [ RunTime:0.000732s ]

[ 2013-08-27T09:06:13+08:00 ] 0.0.0.0 /fifth/voice/index.php/Index/ajax?action=check&songid=9
INFO: [ app_begin ] --START--
INFO: Run ReadHtmlCache Behavior [ RunTime:-0.001790s ]
INFO: [ app_begin ] --END-- [ RunTime:0.001748s ]
SQL: SHOW COLUMNS FROM `qsc_voice_guest` [ RunTime:0.012246s ]
SQL: SHOW COLUMNS FROM `qsc_voice_song` [ RunTime:0.009755s ]
SQL: SHOW COLUMNS FROM `qsc_voice_news` [ RunTime:0.010260s ]
SQL: SHOW COLUMNS FROM `qsc_voice_favorite` [ RunTime:0.010104s ]
SQL: SHOW COLUMNS FROM `qsc_voice_hotsong` [ RunTime:0.009694s ]
SQL: SHOW COLUMNS FROM `qsc_voice_hotsinger` [ RunTime:0.009398s ]
SQL: SHOW COLUMNS FROM `qsc_voice_upload` [ RunTime:0.005524s ]
SQL: SELECT * FROM `qsc_voice_guest` WHERE ( `stuid` = '3120103005' ) LIMIT 1   [ RunTime:0.001110s ]
SQL: SELECT * FROM `qsc_voice_favorite` WHERE ( `guestid` = 1 ) AND ( `songid` = 9 ) LIMIT 1   [ RunTime:0.000746s ]

[ 2013-08-27T09:06:13+08:00 ] 0.0.0.0 /fifth/voice/index.php/Index/ajax?action=check&songid=2
INFO: [ app_begin ] --START--
INFO: Run ReadHtmlCache Behavior [ RunTime:-0.003129s ]
INFO: [ app_begin ] --END-- [ RunTime:0.002659s ]
SQL: SHOW COLUMNS FROM `qsc_voice_guest` [ RunTime:0.012118s ]
SQL: SHOW COLUMNS FROM `qsc_voice_song` [ RunTime:0.009113s ]
SQL: SHOW COLUMNS FROM `qsc_voice_news` [ RunTime:0.009849s ]
SQL: SHOW COLUMNS FROM `qsc_voice_favorite` [ RunTime:0.009675s ]
SQL: SHOW COLUMNS FROM `qsc_voice_hotsong` [ RunTime:0.009740s ]
SQL: SHOW COLUMNS FROM `qsc_voice_hotsinger` [ RunTime:0.009645s ]
SQL: SHOW COLUMNS FROM `qsc_voice_upload` [ RunTime:0.007128s ]
SQL: SELECT * FROM `qsc_voice_guest` WHERE ( `stuid` = '3120103005' ) LIMIT 1   [ RunTime:0.001108s ]
SQL: SELECT * FROM `qsc_voice_favorite` WHERE ( `guestid` = 1 ) AND ( `songid` = 2 ) LIMIT 1   [ RunTime:0.000788s ]

[ 2013-08-27T09:06:13+08:00 ] 0.0.0.0 /fifth/voice/index.php/Index/ajax?action=check&songid=1
INFO: [ app_begin ] --START--
INFO: Run ReadHtmlCache Behavior [ RunTime:-0.002135s ]
INFO: [ app_begin ] --END-- [ RunTime:0.002235s ]
SQL: SHOW COLUMNS FROM `qsc_voice_guest` [ RunTime:0.007335s ]
SQL: SHOW COLUMNS FROM `qsc_voice_song` [ RunTime:0.008326s ]
SQL: SHOW COLUMNS FROM `qsc_voice_news` [ RunTime:0.007460s ]
SQL: SHOW COLUMNS FROM `qsc_voice_favorite` [ RunTime:0.007339s ]
SQL: SHOW COLUMNS FROM `qsc_voice_hotsong` [ RunTime:0.006671s ]
SQL: SHOW COLUMNS FROM `qsc_voice_hotsinger` [ RunTime:0.007157s ]
SQL: SHOW COLUMNS FROM `qsc_voice_upload` [ RunTime:0.008353s ]
SQL: SELECT * FROM `qsc_voice_guest` WHERE ( `stuid` = '3120103005' ) LIMIT 1   [ RunTime:0.000796s ]
SQL: SELECT * FROM `qsc_voice_favorite` WHERE ( `guestid` = 1 ) AND ( `songid` = 1 ) LIMIT 1   [ RunTime:0.000518s ]

[ 2013-08-27T09:06:14+08:00 ] 0.0.0.0 /fifth/voice/index.php/Index/ajax?action=check&songid=6
INFO: [ app_begin ] --START--
INFO: Run ReadHtmlCache Behavior [ RunTime:-0.003711s ]
INFO: [ app_begin ] --END-- [ RunTime:0.043833s ]
SQL: SHOW COLUMNS FROM `qsc_voice_guest` [ RunTime:0.007334s ]
SQL: SHOW COLUMNS FROM `qsc_voice_song` [ RunTime:0.007504s ]
SQL: SHOW COLUMNS FROM `qsc_voice_news` [ RunTime:0.005941s ]
SQL: SHOW COLUMNS FROM `qsc_voice_favorite` [ RunTime:0.008094s ]
SQL: SHOW COLUMNS FROM `qsc_voice_hotsong` [ RunTime:0.007646s ]
SQL: SHOW COLUMNS FROM `qsc_voice_hotsinger` [ RunTime:0.006983s ]
SQL: SHOW COLUMNS FROM `qsc_voice_upload` [ RunTime:0.007014s ]
SQL: SELECT * FROM `qsc_voice_guest` WHERE ( `stuid` = '3120103005' ) LIMIT 1   [ RunTime:0.000647s ]
SQL: SELECT * FROM `qsc_voice_favorite` WHERE ( `guestid` = 1 ) AND ( `songid` = 6 ) LIMIT 1   [ RunTime:0.000769s ]

[ 2013-08-27T09:06:18+08:00 ] 0.0.0.0 /fifth/voice/index.php/Index/ajax?action=check&songid=10
INFO: [ app_begin ] --START--
INFO: Run ReadHtmlCache Behavior [ RunTime:-0.002310s ]
INFO: [ app_begin ] --END-- [ RunTime:0.002249s ]
SQL: SHOW COLUMNS FROM `qsc_voice_guest` [ RunTime:0.011223s ]
SQL: SHOW COLUMNS FROM `qsc_voice_song` [ RunTime:0.009504s ]
SQL: SHOW COLUMNS FROM `qsc_voice_news` [ RunTime:0.008078s ]
SQL: SHOW COLUMNS FROM `qsc_voice_favorite` [ RunTime:0.007216s ]
SQL: SHOW COLUMNS FROM `qsc_voice_hotsong` [ RunTime:0.007230s ]
SQL: SHOW COLUMNS FROM `qsc_voice_hotsinger` [ RunTime:0.009857s ]
SQL: SHOW COLUMNS FROM `qsc_voice_upload` [ RunTime:0.007518s ]
SQL: SELECT * FROM `qsc_voice_guest` WHERE ( `stuid` = '3120103005' ) LIMIT 1   [ RunTime:0.000895s ]
SQL: SELECT * FROM `qsc_voice_favorite` WHERE ( `guestid` = 1 ) AND ( `songid` = 10 ) LIMIT 1   [ RunTime:0.000565s ]

[ 2013-08-27T09:06:18+08:00 ] 0.0.0.0 /fifth/voice/index.php/Index/ajax?action=check&songid=2
INFO: [ app_begin ] --START--
INFO: Run ReadHtmlCache Behavior [ RunTime:-0.001880s ]
INFO: [ app_begin ] --END-- [ RunTime:0.002103s ]
SQL: SHOW COLUMNS FROM `qsc_voice_guest` [ RunTime:0.012296s ]
SQL: SHOW COLUMNS FROM `qsc_voice_song` [ RunTime:0.009370s ]
SQL: SHOW COLUMNS FROM `qsc_voice_news` [ RunTime:0.010292s ]
SQL: SHOW COLUMNS FROM `qsc_voice_favorite` [ RunTime:0.012171s ]
SQL: SHOW COLUMNS FROM `qsc_voice_hotsong` [ RunTime:0.009507s ]
SQL: SHOW COLUMNS FROM `qsc_voice_hotsinger` [ RunTime:0.009788s ]
SQL: SHOW COLUMNS FROM `qsc_voice_upload` [ RunTime:0.007515s ]
SQL: SELECT * FROM `qsc_voice_guest` WHERE ( `stuid` = '3120103005' ) LIMIT 1   [ RunTime:0.000965s ]
SQL: SELECT * FROM `qsc_voice_favorite` WHERE ( `guestid` = 1 ) AND ( `songid` = 2 ) LIMIT 1   [ RunTime:0.000658s ]

[ 2013-08-27T09:06:40+08:00 ] 0.0.0.0 /fifth/voice/index.php/Index/ajax?action=check&songid=1
INFO: [ app_begin ] --START--
INFO: Run ReadHtmlCache Behavior [ RunTime:-0.001734s ]
INFO: [ app_begin ] --END-- [ RunTime:0.001771s ]
SQL: SHOW COLUMNS FROM `qsc_voice_guest` [ RunTime:0.010615s ]
SQL: SHOW COLUMNS FROM `qsc_voice_song` [ RunTime:0.008437s ]
SQL: SHOW COLUMNS FROM `qsc_voice_news` [ RunTime:0.008922s ]
SQL: SHOW COLUMNS FROM `qsc_voice_favorite` [ RunTime:0.008288s ]
SQL: SHOW COLUMNS FROM `qsc_voice_hotsong` [ RunTime:0.008006s ]
SQL: SHOW COLUMNS FROM `qsc_voice_hotsinger` [ RunTime:0.007977s ]
SQL: SHOW COLUMNS FROM `qsc_voice_upload` [ RunTime:0.006819s ]
SQL: SELECT * FROM `qsc_voice_guest` WHERE ( `stuid` = '3120103005' ) LIMIT 1   [ RunTime:0.000608s ]
SQL: SELECT * FROM `qsc_voice_favorite` WHERE ( `guestid` = 1 ) AND ( `songid` = 1 ) LIMIT 1   [ RunTime:0.000525s ]

[ 2013-08-27T09:06:41+08:00 ] 0.0.0.0 /fifth/voice/index.php/Index/ajax?action=check&songid=6
INFO: [ app_begin ] --START--
INFO: Run ReadHtmlCache Behavior [ RunTime:-0.001822s ]
INFO: [ app_begin ] --END-- [ RunTime:0.002133s ]
SQL: SHOW COLUMNS FROM `qsc_voice_guest` [ RunTime:0.008966s ]
SQL: SHOW COLUMNS FROM `qsc_voice_song` [ RunTime:0.007291s ]
SQL: SHOW COLUMNS FROM `qsc_voice_news` [ RunTime:0.007829s ]
SQL: SHOW COLUMNS FROM `qsc_voice_favorite` [ RunTime:0.007712s ]
SQL: SHOW COLUMNS FROM `qsc_voice_hotsong` [ RunTime:0.007617s ]
SQL: SHOW COLUMNS FROM `qsc_voice_hotsinger` [ RunTime:0.008503s ]
SQL: SHOW COLUMNS FROM `qsc_voice_upload` [ RunTime:0.009141s ]
SQL: SELECT * FROM `qsc_voice_guest` WHERE ( `stuid` = '3120103005' ) LIMIT 1   [ RunTime:0.000802s ]
SQL: SELECT * FROM `qsc_voice_favorite` WHERE ( `guestid` = 1 ) AND ( `songid` = 6 ) LIMIT 1   [ RunTime:0.000409s ]

[ 2013-08-27T09:06:42+08:00 ] 0.0.0.0 /fifth/voice/index.php/Index/ajax?action=check&songid=10
INFO: [ app_begin ] --START--
INFO: Run ReadHtmlCache Behavior [ RunTime:-0.001867s ]
INFO: [ app_begin ] --END-- [ RunTime:0.001589s ]
SQL: SHOW COLUMNS FROM `qsc_voice_guest` [ RunTime:0.012034s ]
SQL: SHOW COLUMNS FROM `qsc_voice_song` [ RunTime:0.009292s ]
SQL: SHOW COLUMNS FROM `qsc_voice_news` [ RunTime:0.008483s ]
SQL: SHOW COLUMNS FROM `qsc_voice_favorite` [ RunTime:0.010322s ]
SQL: SHOW COLUMNS FROM `qsc_voice_hotsong` [ RunTime:0.007521s ]
SQL: SHOW COLUMNS FROM `qsc_voice_hotsinger` [ RunTime:0.007760s ]
SQL: SHOW COLUMNS FROM `qsc_voice_upload` [ RunTime:0.005446s ]
SQL: SELECT * FROM `qsc_voice_guest` WHERE ( `stuid` = '3120103005' ) LIMIT 1   [ RunTime:0.000637s ]
SQL: SELECT * FROM `qsc_voice_favorite` WHERE ( `guestid` = 1 ) AND ( `songid` = 10 ) LIMIT 1   [ RunTime:0.000589s ]

[ 2013-08-27T09:06:43+08:00 ] 0.0.0.0 /fifth/voice/index.php/Index/ajax?action=check&songid=9
INFO: [ app_begin ] --START--
INFO: Run ReadHtmlCache Behavior [ RunTime:-0.001820s ]
INFO: [ app_begin ] --END-- [ RunTime:0.001737s ]
SQL: SHOW COLUMNS FROM `qsc_voice_guest` [ RunTime:0.010720s ]
SQL: SHOW COLUMNS FROM `qsc_voice_song` [ RunTime:0.008579s ]
SQL: SHOW COLUMNS FROM `qsc_voice_news` [ RunTime:0.007101s ]
SQL: SHOW COLUMNS FROM `qsc_voice_favorite` [ RunTime:0.008380s ]
SQL: SHOW COLUMNS FROM `qsc_voice_hotsong` [ RunTime:0.007030s ]
SQL: SHOW COLUMNS FROM `qsc_voice_hotsinger` [ RunTime:0.008420s ]
SQL: SHOW COLUMNS FROM `qsc_voice_upload` [ RunTime:0.005892s ]
SQL: SELECT * FROM `qsc_voice_guest` WHERE ( `stuid` = '3120103005' ) LIMIT 1   [ RunTime:0.000651s ]
SQL: SELECT * FROM `qsc_voice_favorite` WHERE ( `guestid` = 1 ) AND ( `songid` = 9 ) LIMIT 1   [ RunTime:0.000588s ]

[ 2013-08-27T09:06:43+08:00 ] 0.0.0.0 /fifth/voice/index.php/Index/ajax?action=check&songid=2
INFO: [ app_begin ] --START--
INFO: Run ReadHtmlCache Behavior [ RunTime:-0.001918s ]
INFO: [ app_begin ] --END-- [ RunTime:0.002375s ]
SQL: SHOW COLUMNS FROM `qsc_voice_guest` [ RunTime:0.007121s ]
SQL: SHOW COLUMNS FROM `qsc_voice_song` [ RunTime:0.006306s ]
SQL: SHOW COLUMNS FROM `qsc_voice_news` [ RunTime:0.006664s ]
SQL: SHOW COLUMNS FROM `qsc_voice_favorite` [ RunTime:0.006648s ]
SQL: SHOW COLUMNS FROM `qsc_voice_hotsong` [ RunTime:0.006246s ]
SQL: SHOW COLUMNS FROM `qsc_voice_hotsinger` [ RunTime:0.006780s ]
SQL: SHOW COLUMNS FROM `qsc_voice_upload` [ RunTime:0.005904s ]
SQL: SELECT * FROM `qsc_voice_guest` WHERE ( `stuid` = '3120103005' ) LIMIT 1   [ RunTime:0.000685s ]
SQL: SELECT * FROM `qsc_voice_favorite` WHERE ( `guestid` = 1 ) AND ( `songid` = 2 ) LIMIT 1   [ RunTime:0.000411s ]

[ 2013-08-27T09:06:56+08:00 ] 0.0.0.0 /fifth/voice/index.php/Index/ajax?action=check&songid=3
INFO: [ app_begin ] --START--
INFO: Run ReadHtmlCache Behavior [ RunTime:-0.001730s ]
INFO: [ app_begin ] --END-- [ RunTime:0.001565s ]
SQL: SHOW COLUMNS FROM `qsc_voice_guest` [ RunTime:0.011710s ]
SQL: SHOW COLUMNS FROM `qsc_voice_song` [ RunTime:0.009069s ]
SQL: SHOW COLUMNS FROM `qsc_voice_news` [ RunTime:0.008361s ]
SQL: SHOW COLUMNS FROM `qsc_voice_favorite` [ RunTime:0.008613s ]
SQL: SHOW COLUMNS FROM `qsc_voice_hotsong` [ RunTime:0.007693s ]
SQL: SHOW COLUMNS FROM `qsc_voice_hotsinger` [ RunTime:0.008977s ]
SQL: SHOW COLUMNS FROM `qsc_voice_upload` [ RunTime:0.005331s ]
SQL: SELECT * FROM `qsc_voice_guest` WHERE ( `stuid` = '3120103005' ) LIMIT 1   [ RunTime:0.000747s ]
SQL: SELECT * FROM `qsc_voice_favorite` WHERE ( `guestid` = 1 ) AND ( `songid` = 3 ) LIMIT 1   [ RunTime:0.000374s ]

[ 2013-08-27T09:09:02+08:00 ] 0.0.0.0 /fifth/voice/index.php/Index/ajax?action=getsonglist
INFO: [ app_begin ] --START--
INFO: Run ReadHtmlCache Behavior [ RunTime:-0.001758s ]
INFO: [ app_begin ] --END-- [ RunTime:0.001609s ]
SQL: SHOW COLUMNS FROM `qsc_voice_guest` [ RunTime:0.012297s ]
SQL: SHOW COLUMNS FROM `qsc_voice_song` [ RunTime:0.008167s ]
SQL: SHOW COLUMNS FROM `qsc_voice_news` [ RunTime:0.008656s ]
SQL: SHOW COLUMNS FROM `qsc_voice_favorite` [ RunTime:0.008213s ]
SQL: SHOW COLUMNS FROM `qsc_voice_hotsong` [ RunTime:0.009523s ]
SQL: SHOW COLUMNS FROM `qsc_voice_hotsinger` [ RunTime:0.009222s ]
SQL: SHOW COLUMNS FROM `qsc_voice_upload` [ RunTime:0.007074s ]
SQL: SELECT `id` FROM `qsc_voice_song`  [ RunTime:0.000489s ]
SQL: SELECT * FROM `qsc_voice_song` WHERE ( `id` = 1 ) LIMIT 1   [ RunTime:0.000454s ]
SQL: SELECT `nickname` FROM `qsc_voice_guest` WHERE id=1 LIMIT 1   [ RunTime:0.000381s ]
SQL: SELECT * FROM `qsc_voice_song` WHERE ( `id` = 2 ) LIMIT 1   [ RunTime:0.000482s ]
SQL: SELECT `nickname` FROM `qsc_voice_guest` WHERE id=1 LIMIT 1   [ RunTime:0.000422s ]
SQL: SELECT * FROM `qsc_voice_song` WHERE ( `id` = 3 ) LIMIT 1   [ RunTime:0.000453s ]
SQL: SELECT `nickname` FROM `qsc_voice_guest` WHERE id=1 LIMIT 1   [ RunTime:0.000356s ]
SQL: SELECT * FROM `qsc_voice_song` WHERE ( `id` = 4 ) LIMIT 1   [ RunTime:0.000383s ]
SQL: SELECT `nickname` FROM `qsc_voice_guest` WHERE id=2 LIMIT 1   [ RunTime:0.000304s ]
SQL: SELECT * FROM `qsc_voice_song` WHERE ( `id` = 5 ) LIMIT 1   [ RunTime:0.000449s ]
SQL: SELECT `nickname` FROM `qsc_voice_guest` WHERE id=1 LIMIT 1   [ RunTime:0.000325s ]
SQL: SELECT * FROM `qsc_voice_song` WHERE ( `id` = 6 ) LIMIT 1   [ RunTime:0.000458s ]
SQL: SELECT `nickname` FROM `qsc_voice_guest` WHERE id=1 LIMIT 1   [ RunTime:0.000381s ]
SQL: SELECT * FROM `qsc_voice_song` WHERE ( `id` = 7 ) LIMIT 1   [ RunTime:0.000369s ]
SQL: SELECT `nickname` FROM `qsc_voice_guest` WHERE id=7 LIMIT 1   [ RunTime:0.000372s ]
SQL: SELECT * FROM `qsc_voice_song` WHERE ( `id` = 8 ) LIMIT 1   [ RunTime:0.000561s ]
SQL: SELECT `nickname` FROM `qsc_voice_guest` WHERE id=8 LIMIT 1   [ RunTime:0.000334s ]
SQL: SELECT * FROM `qsc_voice_song` WHERE ( `id` = 9 ) LIMIT 1   [ RunTime:0.000429s ]
SQL: SELECT `nickname` FROM `qsc_voice_guest` WHERE id=1 LIMIT 1   [ RunTime:0.000380s ]
SQL: SELECT * FROM `qsc_voice_song` WHERE ( `id` = 10 ) LIMIT 1   [ RunTime:0.000405s ]
SQL: SELECT `nickname` FROM `qsc_voice_guest` WHERE id=1 LIMIT 1   [ RunTime:0.000335s ]
SQL: SELECT * FROM `qsc_voice_guest` WHERE ( `stuid` = '3120103005' ) LIMIT 1   [ RunTime:0.000429s ]
SQL: SELECT * FROM `qsc_voice_favorite` WHERE ( `guestid` = 1 )  [ RunTime:0.000577s ]
SQL: SELECT * FROM `qsc_voice_song` WHERE ( `id` = 1 ) LIMIT 1   [ RunTime:0.000385s ]
SQL: SELECT `nickname` FROM `qsc_voice_guest` WHERE id=1 LIMIT 1   [ RunTime:0.000345s ]
SQL: SELECT * FROM `qsc_voice_song` WHERE ( `id` = 6 ) LIMIT 1   [ RunTime:0.000433s ]
SQL: SELECT `nickname` FROM `qsc_voice_guest` WHERE id=1 LIMIT 1   [ RunTime:0.000384s ]
SQL: SELECT * FROM `qsc_voice_song` WHERE ( `id` = 10 ) LIMIT 1   [ RunTime:0.000522s ]
SQL: SELECT `nickname` FROM `qsc_voice_guest` WHERE id=1 LIMIT 1   [ RunTime:0.000355s ]
SQL: SELECT * FROM `qsc_voice_song` WHERE ( `id` = 9 ) LIMIT 1   [ RunTime:0.000388s ]
SQL: SELECT `nickname` FROM `qsc_voice_guest` WHERE id=1 LIMIT 1   [ RunTime:0.000310s ]
SQL: SELECT * FROM `qsc_voice_song` WHERE ( `id` = 2 ) LIMIT 1   [ RunTime:0.000359s ]
SQL: SELECT `nickname` FROM `qsc_voice_guest` WHERE id=1 LIMIT 1   [ RunTime:0.000408s ]

[ 2013-08-27T09:09:29+08:00 ] 0.0.0.0 /fifth/voice/index.php/Index/ajax?action=check&songid=1
INFO: [ app_begin ] --START--
INFO: Run ReadHtmlCache Behavior [ RunTime:-0.001931s ]
INFO: [ app_begin ] --END-- [ RunTime:0.001892s ]
SQL: SHOW COLUMNS FROM `qsc_voice_guest` [ RunTime:0.010049s ]
SQL: SHOW COLUMNS FROM `qsc_voice_song` [ RunTime:0.007900s ]
SQL: SHOW COLUMNS FROM `qsc_voice_news` [ RunTime:0.008420s ]
SQL: SHOW COLUMNS FROM `qsc_voice_favorite` [ RunTime:0.008017s ]
SQL: SHOW COLUMNS FROM `qsc_voice_hotsong` [ RunTime:0.007795s ]
SQL: SHOW COLUMNS FROM `qsc_voice_hotsinger` [ RunTime:0.007974s ]
SQL: SHOW COLUMNS FROM `qsc_voice_upload` [ RunTime:0.006283s ]
SQL: SELECT * FROM `qsc_voice_guest` WHERE ( `stuid` = '3120103005' ) LIMIT 1   [ RunTime:0.001063s ]
SQL: SELECT * FROM `qsc_voice_favorite` WHERE ( `guestid` = 1 ) AND ( `songid` = 1 ) LIMIT 1   [ RunTime:0.000788s ]

[ 2013-08-27T09:13:18+08:00 ] 0.0.0.0 /fifth/voice/index.php/Index/ajax?action=check&songid=2
INFO: [ app_begin ] --START--
INFO: Run ReadHtmlCache Behavior [ RunTime:-0.002060s ]
INFO: [ app_begin ] --END-- [ RunTime:0.001764s ]
SQL: SHOW COLUMNS FROM `qsc_voice_guest` [ RunTime:0.010015s ]
SQL: SHOW COLUMNS FROM `qsc_voice_song` [ RunTime:0.007680s ]
SQL: SHOW COLUMNS FROM `qsc_voice_news` [ RunTime:0.007430s ]
SQL: SHOW COLUMNS FROM `qsc_voice_favorite` [ RunTime:0.006829s ]
SQL: SHOW COLUMNS FROM `qsc_voice_hotsong` [ RunTime:0.007131s ]
SQL: SHOW COLUMNS FROM `qsc_voice_hotsinger` [ RunTime:0.031467s ]
SQL: SHOW COLUMNS FROM `qsc_voice_upload` [ RunTime:0.005333s ]
SQL: SELECT * FROM `qsc_voice_guest` WHERE ( `stuid` = '3120103005' ) LIMIT 1   [ RunTime:0.000625s ]
SQL: SELECT * FROM `qsc_voice_favorite` WHERE ( `guestid` = 1 ) AND ( `songid` = 2 ) LIMIT 1   [ RunTime:0.000440s ]

[ 2013-08-27T09:17:49+08:00 ] 0.0.0.0 /fifth/voice/index.php/Index/ajax?action=check&songid=3
INFO: [ app_begin ] --START--
INFO: Run ReadHtmlCache Behavior [ RunTime:-0.002142s ]
INFO: [ app_begin ] --END-- [ RunTime:0.001787s ]
SQL: SHOW COLUMNS FROM `qsc_voice_guest` [ RunTime:0.010844s ]
SQL: SHOW COLUMNS FROM `qsc_voice_song` [ RunTime:0.008437s ]
SQL: SHOW COLUMNS FROM `qsc_voice_news` [ RunTime:0.009042s ]
SQL: SHOW COLUMNS FROM `qsc_voice_favorite` [ RunTime:0.007636s ]
SQL: SHOW COLUMNS FROM `qsc_voice_hotsong` [ RunTime:0.007115s ]
SQL: SHOW COLUMNS FROM `qsc_voice_hotsinger` [ RunTime:0.007004s ]
SQL: SHOW COLUMNS FROM `qsc_voice_upload` [ RunTime:0.005410s ]
SQL: SELECT * FROM `qsc_voice_guest` WHERE ( `stuid` = '3120103005' ) LIMIT 1   [ RunTime:0.000693s ]
SQL: SELECT * FROM `qsc_voice_favorite` WHERE ( `guestid` = 1 ) AND ( `songid` = 3 ) LIMIT 1   [ RunTime:0.000562s ]

[ 2013-08-27T09:22:01+08:00 ] 0.0.0.0 /fifth/voice/index.php/Index/ajax?action=check&songid=4
INFO: [ app_begin ] --START--
INFO: Run ReadHtmlCache Behavior [ RunTime:-0.001990s ]
INFO: [ app_begin ] --END-- [ RunTime:0.001776s ]
SQL: SHOW COLUMNS FROM `qsc_voice_guest` [ RunTime:0.009657s ]
SQL: SHOW COLUMNS FROM `qsc_voice_song` [ RunTime:0.007166s ]
SQL: SHOW COLUMNS FROM `qsc_voice_news` [ RunTime:0.006830s ]
SQL: SHOW COLUMNS FROM `qsc_voice_favorite` [ RunTime:0.006648s ]
SQL: SHOW COLUMNS FROM `qsc_voice_hotsong` [ RunTime:0.006792s ]
SQL: SHOW COLUMNS FROM `qsc_voice_hotsinger` [ RunTime:0.006744s ]
SQL: SHOW COLUMNS FROM `qsc_voice_upload` [ RunTime:0.005056s ]
SQL: SELECT * FROM `qsc_voice_guest` WHERE ( `stuid` = '3120103005' ) LIMIT 1   [ RunTime:0.000727s ]
SQL: SELECT * FROM `qsc_voice_favorite` WHERE ( `guestid` = 1 ) AND ( `songid` = 4 ) LIMIT 1   [ RunTime:0.000455s ]

[ 2013-08-27T09:25:08+08:00 ] 0.0.0.0 /fifth/voice/index.php/Index/ajax?action=check&songid=5
INFO: [ app_begin ] --START--
INFO: Run ReadHtmlCache Behavior [ RunTime:-0.006853s ]
INFO: [ app_begin ] --END-- [ RunTime:0.004038s ]
SQL: SHOW COLUMNS FROM `qsc_voice_guest` [ RunTime:0.010923s ]
SQL: SHOW COLUMNS FROM `qsc_voice_song` [ RunTime:0.008092s ]
SQL: SHOW COLUMNS FROM `qsc_voice_news` [ RunTime:0.008170s ]
SQL: SHOW COLUMNS FROM `qsc_voice_favorite` [ RunTime:0.008537s ]
SQL: SHOW COLUMNS FROM `qsc_voice_hotsong` [ RunTime:0.008269s ]
SQL: SHOW COLUMNS FROM `qsc_voice_hotsinger` [ RunTime:0.008073s ]
SQL: SHOW COLUMNS FROM `qsc_voice_upload` [ RunTime:0.005656s ]
SQL: SELECT * FROM `qsc_voice_guest` WHERE ( `stuid` = '3120103005' ) LIMIT 1   [ RunTime:0.001207s ]
SQL: SELECT * FROM `qsc_voice_favorite` WHERE ( `guestid` = 1 ) AND ( `songid` = 5 ) LIMIT 1   [ RunTime:0.000952s ]

[ 2013-08-27T09:29:40+08:00 ] 0.0.0.0 /fifth/voice/index.php/Index/ajax?action=check&songid=6
INFO: [ app_begin ] --START--
INFO: Run ReadHtmlCache Behavior [ RunTime:-0.002079s ]
INFO: [ app_begin ] --END-- [ RunTime:0.001771s ]
SQL: SHOW COLUMNS FROM `qsc_voice_guest` [ RunTime:0.010480s ]
SQL: SHOW COLUMNS FROM `qsc_voice_song` [ RunTime:0.008438s ]
SQL: SHOW COLUMNS FROM `qsc_voice_news` [ RunTime:0.007462s ]
SQL: SHOW COLUMNS FROM `qsc_voice_favorite` [ RunTime:0.008482s ]
SQL: SHOW COLUMNS FROM `qsc_voice_hotsong` [ RunTime:0.008508s ]
SQL: SHOW COLUMNS FROM `qsc_voice_hotsinger` [ RunTime:0.017963s ]
SQL: SHOW COLUMNS FROM `qsc_voice_upload` [ RunTime:0.005939s ]
SQL: SELECT * FROM `qsc_voice_guest` WHERE ( `stuid` = '3120103005' ) LIMIT 1   [ RunTime:0.000584s ]
SQL: SELECT * FROM `qsc_voice_favorite` WHERE ( `guestid` = 1 ) AND ( `songid` = 6 ) LIMIT 1   [ RunTime:0.000363s ]

[ 2013-08-27T09:34:29+08:00 ] 0.0.0.0 /fifth/voice/index.php/Index/ajax?action=check&songid=7
INFO: [ app_begin ] --START--
INFO: Run ReadHtmlCache Behavior [ RunTime:-0.002053s ]
INFO: [ app_begin ] --END-- [ RunTime:0.001701s ]
SQL: SHOW COLUMNS FROM `qsc_voice_guest` [ RunTime:0.010004s ]
SQL: SHOW COLUMNS FROM `qsc_voice_song` [ RunTime:0.007847s ]
SQL: SHOW COLUMNS FROM `qsc_voice_news` [ RunTime:0.007594s ]
SQL: SHOW COLUMNS FROM `qsc_voice_favorite` [ RunTime:0.007773s ]
SQL: SHOW COLUMNS FROM `qsc_voice_hotsong` [ RunTime:0.007774s ]
SQL: SHOW COLUMNS FROM `qsc_voice_hotsinger` [ RunTime:0.007865s ]
SQL: SHOW COLUMNS FROM `qsc_voice_upload` [ RunTime:0.005624s ]
SQL: SELECT * FROM `qsc_voice_guest` WHERE ( `stuid` = '3120103005' ) LIMIT 1   [ RunTime:0.000628s ]
SQL: SELECT * FROM `qsc_voice_favorite` WHERE ( `guestid` = 1 ) AND ( `songid` = 7 ) LIMIT 1   [ RunTime:0.000449s ]

[ 2013-08-27T09:35:14+08:00 ] 0.0.0.0 /fifth/voice/index.php/Index/ajax?action=check&songid=8
INFO: [ app_begin ] --START--
INFO: Run ReadHtmlCache Behavior [ RunTime:-0.001751s ]
INFO: [ app_begin ] --END-- [ RunTime:0.001579s ]
SQL: SHOW COLUMNS FROM `qsc_voice_guest` [ RunTime:0.008959s ]
SQL: SHOW COLUMNS FROM `qsc_voice_song` [ RunTime:0.007917s ]
SQL: SHOW COLUMNS FROM `qsc_voice_news` [ RunTime:0.007259s ]
SQL: SHOW COLUMNS FROM `qsc_voice_favorite` [ RunTime:0.007501s ]
SQL: SHOW COLUMNS FROM `qsc_voice_hotsong` [ RunTime:0.007621s ]
SQL: SHOW COLUMNS FROM `qsc_voice_hotsinger` [ RunTime:0.007714s ]
SQL: SHOW COLUMNS FROM `qsc_voice_upload` [ RunTime:0.005422s ]
NOTIC: [2] file_get_contents(http://passport.myqsc.com/api/get_member_by_token?token=738ed8d60e1ab6d59132deb13cf064ea|27014): failed to open stream: HTTP request failed!  D:\wamp\www\fifth\voice\Lib\Action\IndexAction.class.php  6 .

[ 2013-08-27T09:38:59+08:00 ] 0.0.0.0 /fifth/voice/index.php/Index/ajax?action=check&songid=9
INFO: [ app_begin ] --START--
INFO: Run ReadHtmlCache Behavior [ RunTime:-0.002199s ]
INFO: [ app_begin ] --END-- [ RunTime:0.001985s ]
SQL: SHOW COLUMNS FROM `qsc_voice_guest` [ RunTime:0.011206s ]
SQL: SHOW COLUMNS FROM `qsc_voice_song` [ RunTime:0.007984s ]
SQL: SHOW COLUMNS FROM `qsc_voice_news` [ RunTime:0.008112s ]
SQL: SHOW COLUMNS FROM `qsc_voice_favorite` [ RunTime:0.007164s ]
SQL: SHOW COLUMNS FROM `qsc_voice_hotsong` [ RunTime:0.006889s ]
SQL: SHOW COLUMNS FROM `qsc_voice_hotsinger` [ RunTime:0.006552s ]
SQL: SHOW COLUMNS FROM `qsc_voice_upload` [ RunTime:0.005270s ]
SQL: SELECT * FROM `qsc_voice_guest` WHERE ( `stuid` = '3120103005' ) LIMIT 1   [ RunTime:0.001020s ]
SQL: SELECT * FROM `qsc_voice_favorite` WHERE ( `guestid` = 1 ) AND ( `songid` = 9 ) LIMIT 1   [ RunTime:0.000840s ]

[ 2013-08-27T09:42:50+08:00 ] 0.0.0.0 /fifth/voice/index.php/Index/ajax?action=check&songid=10
INFO: [ app_begin ] --START--
INFO: Run ReadHtmlCache Behavior [ RunTime:-0.002106s ]
INFO: [ app_begin ] --END-- [ RunTime:0.009882s ]
SQL: SHOW COLUMNS FROM `qsc_voice_guest` [ RunTime:0.022345s ]
SQL: SHOW COLUMNS FROM `qsc_voice_song` [ RunTime:0.009379s ]
SQL: SHOW COLUMNS FROM `qsc_voice_news` [ RunTime:0.008838s ]
SQL: SHOW COLUMNS FROM `qsc_voice_favorite` [ RunTime:0.009909s ]
SQL: SHOW COLUMNS FROM `qsc_voice_hotsong` [ RunTime:0.008610s ]
SQL: SHOW COLUMNS FROM `qsc_voice_hotsinger` [ RunTime:0.008765s ]
SQL: SHOW COLUMNS FROM `qsc_voice_upload` [ RunTime:0.006956s ]
SQL: SELECT * FROM `qsc_voice_guest` WHERE ( `stuid` = '3120103005' ) LIMIT 1   [ RunTime:0.001042s ]
SQL: SELECT * FROM `qsc_voice_favorite` WHERE ( `guestid` = 1 ) AND ( `songid` = 10 ) LIMIT 1   [ RunTime:0.000781s ]

[ 2013-08-27T09:47:28+08:00 ] 0.0.0.0 /fifth/voice/index.php/Index/ajax?action=check&songid=1
INFO: [ app_begin ] --START--
INFO: Run ReadHtmlCache Behavior [ RunTime:-0.002170s ]
INFO: [ app_begin ] --END-- [ RunTime:0.001941s ]
SQL: SHOW COLUMNS FROM `qsc_voice_guest` [ RunTime:0.009218s ]
SQL: SHOW COLUMNS FROM `qsc_voice_song` [ RunTime:0.007970s ]
SQL: SHOW COLUMNS FROM `qsc_voice_news` [ RunTime:0.008068s ]
SQL: SHOW COLUMNS FROM `qsc_voice_favorite` [ RunTime:0.034999s ]
SQL: SHOW COLUMNS FROM `qsc_voice_hotsong` [ RunTime:0.007231s ]
SQL: SHOW COLUMNS FROM `qsc_voice_hotsinger` [ RunTime:0.008817s ]
SQL: SHOW COLUMNS FROM `qsc_voice_upload` [ RunTime:0.006995s ]
SQL: SELECT * FROM `qsc_voice_guest` WHERE ( `stuid` = '3120103005' ) LIMIT 1   [ RunTime:0.000589s ]
SQL: SELECT * FROM `qsc_voice_favorite` WHERE ( `guestid` = 1 ) AND ( `songid` = 1 ) LIMIT 1   [ RunTime:0.000741s ]

[ 2013-08-27T09:51:52+08:00 ] 0.0.0.0 /fifth/voice/index.php/Index/ajax?action=check&songid=2
INFO: [ app_begin ] --START--
INFO: Run ReadHtmlCache Behavior [ RunTime:-0.002117s ]
INFO: [ app_begin ] --END-- [ RunTime:0.001849s ]
SQL: SHOW COLUMNS FROM `qsc_voice_guest` [ RunTime:0.010158s ]
SQL: SHOW COLUMNS FROM `qsc_voice_song` [ RunTime:0.011501s ]
SQL: SHOW COLUMNS FROM `qsc_voice_news` [ RunTime:0.009489s ]
SQL: SHOW COLUMNS FROM `qsc_voice_favorite` [ RunTime:0.007099s ]
SQL: SHOW COLUMNS FROM `qsc_voice_hotsong` [ RunTime:0.006729s ]
SQL: SHOW COLUMNS FROM `qsc_voice_hotsinger` [ RunTime:0.008584s ]
SQL: SHOW COLUMNS FROM `qsc_voice_upload` [ RunTime:0.005611s ]
SQL: SELECT * FROM `qsc_voice_guest` WHERE ( `stuid` = '3120103005' ) LIMIT 1   [ RunTime:0.000733s ]
SQL: SELECT * FROM `qsc_voice_favorite` WHERE ( `guestid` = 1 ) AND ( `songid` = 2 ) LIMIT 1   [ RunTime:0.000611s ]

[ 2013-08-27T09:56:17+08:00 ] 0.0.0.0 /fifth/voice/index.php/Index/ajax?action=check&songid=3
INFO: [ app_begin ] --START--
INFO: Run ReadHtmlCache Behavior [ RunTime:-0.002100s ]
INFO: [ app_begin ] --END-- [ RunTime:0.012718s ]
SQL: SHOW COLUMNS FROM `qsc_voice_guest` [ RunTime:0.011252s ]
SQL: SHOW COLUMNS FROM `qsc_voice_song` [ RunTime:0.008792s ]
SQL: SHOW COLUMNS FROM `qsc_voice_news` [ RunTime:0.008882s ]
SQL: SHOW COLUMNS FROM `qsc_voice_favorite` [ RunTime:0.008460s ]
SQL: SHOW COLUMNS FROM `qsc_voice_hotsong` [ RunTime:0.008924s ]
SQL: SHOW COLUMNS FROM `qsc_voice_hotsinger` [ RunTime:0.008811s ]
SQL: SHOW COLUMNS FROM `qsc_voice_upload` [ RunTime:0.006727s ]
SQL: SELECT * FROM `qsc_voice_guest` WHERE ( `stuid` = '3120103005' ) LIMIT 1   [ RunTime:0.001282s ]
SQL: SELECT * FROM `qsc_voice_favorite` WHERE ( `guestid` = 1 ) AND ( `songid` = 3 ) LIMIT 1   [ RunTime:0.000751s ]

[ 2013-08-27T10:00:39+08:00 ] 0.0.0.0 /fifth/voice/index.php/Index/ajax?action=check&songid=4
INFO: [ app_begin ] --START--
INFO: Run ReadHtmlCache Behavior [ RunTime:-0.002081s ]
INFO: [ app_begin ] --END-- [ RunTime:0.012031s ]
SQL: SHOW COLUMNS FROM `qsc_voice_guest` [ RunTime:0.012048s ]
SQL: SHOW COLUMNS FROM `qsc_voice_song` [ RunTime:0.010004s ]
SQL: SHOW COLUMNS FROM `qsc_voice_news` [ RunTime:0.010248s ]
SQL: SHOW COLUMNS FROM `qsc_voice_favorite` [ RunTime:0.009465s ]
SQL: SHOW COLUMNS FROM `qsc_voice_hotsong` [ RunTime:0.010323s ]
SQL: SHOW COLUMNS FROM `qsc_voice_hotsinger` [ RunTime:0.009332s ]
SQL: SHOW COLUMNS FROM `qsc_voice_upload` [ RunTime:0.007961s ]
SQL: SELECT * FROM `qsc_voice_guest` WHERE ( `stuid` = '3120103005' ) LIMIT 1   [ RunTime:0.000975s ]
SQL: SELECT * FROM `qsc_voice_favorite` WHERE ( `guestid` = 1 ) AND ( `songid` = 4 ) LIMIT 1   [ RunTime:0.000565s ]

[ 2013-08-27T10:03:43+08:00 ] 0.0.0.0 /fifth/voice/index.php/Index/ajax?action=check&songid=5
INFO: [ app_begin ] --START--
INFO: Run ReadHtmlCache Behavior [ RunTime:-0.002077s ]
INFO: [ app_begin ] --END-- [ RunTime:0.001823s ]
SQL: SHOW COLUMNS FROM `qsc_voice_guest` [ RunTime:0.009139s ]
SQL: SHOW COLUMNS FROM `qsc_voice_song` [ RunTime:0.009729s ]
SQL: SHOW COLUMNS FROM `qsc_voice_news` [ RunTime:0.009286s ]
SQL: SHOW COLUMNS FROM `qsc_voice_favorite` [ RunTime:0.008980s ]
SQL: SHOW COLUMNS FROM `qsc_voice_hotsong` [ RunTime:0.007098s ]
SQL: SHOW COLUMNS FROM `qsc_voice_hotsinger` [ RunTime:0.007205s ]
SQL: SHOW COLUMNS FROM `qsc_voice_upload` [ RunTime:0.005006s ]
SQL: SELECT * FROM `qsc_voice_guest` WHERE ( `stuid` = '3120103005' ) LIMIT 1   [ RunTime:0.000602s ]
SQL: SELECT * FROM `qsc_voice_favorite` WHERE ( `guestid` = 1 ) AND ( `songid` = 5 ) LIMIT 1   [ RunTime:0.000462s ]

[ 2013-08-27T10:08:24+08:00 ] 0.0.0.0 /fifth/voice/index.php/Index/ajax?action=check&songid=6
INFO: [ app_begin ] --START--
INFO: Run ReadHtmlCache Behavior [ RunTime:-0.002146s ]
INFO: [ app_begin ] --END-- [ RunTime:0.010635s ]
SQL: SHOW COLUMNS FROM `qsc_voice_guest` [ RunTime:0.011323s ]
SQL: SHOW COLUMNS FROM `qsc_voice_song` [ RunTime:0.011167s ]
SQL: SHOW COLUMNS FROM `qsc_voice_news` [ RunTime:0.010077s ]
SQL: SHOW COLUMNS FROM `qsc_voice_favorite` [ RunTime:0.009724s ]
SQL: SHOW COLUMNS FROM `qsc_voice_hotsong` [ RunTime:0.008556s ]
SQL: SHOW COLUMNS FROM `qsc_voice_hotsinger` [ RunTime:0.009024s ]
SQL: SHOW COLUMNS FROM `qsc_voice_upload` [ RunTime:0.006884s ]
SQL: SELECT * FROM `qsc_voice_guest` WHERE ( `stuid` = '3120103005' ) LIMIT 1   [ RunTime:0.001087s ]
SQL: SELECT * FROM `qsc_voice_favorite` WHERE ( `guestid` = 1 ) AND ( `songid` = 6 ) LIMIT 1   [ RunTime:0.000782s ]

[ 2013-08-27T10:13:12+08:00 ] 0.0.0.0 /fifth/voice/index.php/Index/ajax?action=check&songid=7
INFO: [ app_begin ] --START--
INFO: Run ReadHtmlCache Behavior [ RunTime:-0.002029s ]
INFO: [ app_begin ] --END-- [ RunTime:0.001728s ]
SQL: SHOW COLUMNS FROM `qsc_voice_guest` [ RunTime:0.009570s ]
SQL: SHOW COLUMNS FROM `qsc_voice_song` [ RunTime:0.009648s ]
SQL: SHOW COLUMNS FROM `qsc_voice_news` [ RunTime:0.009556s ]
SQL: SHOW COLUMNS FROM `qsc_voice_favorite` [ RunTime:0.009212s ]
SQL: SHOW COLUMNS FROM `qsc_voice_hotsong` [ RunTime:0.007783s ]
SQL: SHOW COLUMNS FROM `qsc_voice_hotsinger` [ RunTime:0.007300s ]
SQL: SHOW COLUMNS FROM `qsc_voice_upload` [ RunTime:0.007362s ]
SQL: SELECT * FROM `qsc_voice_guest` WHERE ( `stuid` = '3120103005' ) LIMIT 1   [ RunTime:0.001089s ]
SQL: SELECT * FROM `qsc_voice_favorite` WHERE ( `guestid` = 1 ) AND ( `songid` = 7 ) LIMIT 1   [ RunTime:0.001002s ]

[ 2013-08-27T10:13:57+08:00 ] 0.0.0.0 /fifth/voice/index.php/Index/ajax?action=check&songid=8
INFO: [ app_begin ] --START--
INFO: Run ReadHtmlCache Behavior [ RunTime:-0.001832s ]
INFO: [ app_begin ] --END-- [ RunTime:0.001835s ]
SQL: SHOW COLUMNS FROM `qsc_voice_guest` [ RunTime:0.051409s ]
SQL: SHOW COLUMNS FROM `qsc_voice_song` [ RunTime:0.059006s ]
SQL: SHOW COLUMNS FROM `qsc_voice_news` [ RunTime:0.007717s ]
SQL: SHOW COLUMNS FROM `qsc_voice_favorite` [ RunTime:0.006904s ]
SQL: SHOW COLUMNS FROM `qsc_voice_hotsong` [ RunTime:0.007518s ]
SQL: SHOW COLUMNS FROM `qsc_voice_hotsinger` [ RunTime:0.006985s ]
SQL: SHOW COLUMNS FROM `qsc_voice_upload` [ RunTime:0.005228s ]
SQL: SELECT * FROM `qsc_voice_guest` WHERE ( `stuid` = '3120103005' ) LIMIT 1   [ RunTime:0.001038s ]
SQL: SELECT * FROM `qsc_voice_favorite` WHERE ( `guestid` = 1 ) AND ( `songid` = 8 ) LIMIT 1   [ RunTime:0.000905s ]

[ 2013-08-27T10:17:46+08:00 ] 0.0.0.0 /fifth/voice/index.php/Index/ajax?action=check&songid=9
INFO: [ app_begin ] --START--
INFO: Run ReadHtmlCache Behavior [ RunTime:-0.002404s ]
INFO: [ app_begin ] --END-- [ RunTime:0.023683s ]
SQL: SHOW COLUMNS FROM `qsc_voice_guest` [ RunTime:0.012161s ]
SQL: SHOW COLUMNS FROM `qsc_voice_song` [ RunTime:0.010240s ]
SQL: SHOW COLUMNS FROM `qsc_voice_news` [ RunTime:0.009707s ]
SQL: SHOW COLUMNS FROM `qsc_voice_favorite` [ RunTime:0.032579s ]
SQL: SHOW COLUMNS FROM `qsc_voice_hotsong` [ RunTime:0.018141s ]
SQL: SHOW COLUMNS FROM `qsc_voice_hotsinger` [ RunTime:0.019398s ]
SQL: SHOW COLUMNS FROM `qsc_voice_upload` [ RunTime:0.009548s ]
SQL: SELECT * FROM `qsc_voice_guest` WHERE ( `stuid` = '3120103005' ) LIMIT 1   [ RunTime:0.000716s ]
SQL: SELECT * FROM `qsc_voice_favorite` WHERE ( `guestid` = 1 ) AND ( `songid` = 9 ) LIMIT 1   [ RunTime:0.000459s ]

[ 2013-08-27T10:21:44+08:00 ] 0.0.0.0 /fifth/voice/index.php/Index/ajax?action=check&songid=10
INFO: [ app_begin ] --START--
INFO: Run ReadHtmlCache Behavior [ RunTime:-0.002283s ]
INFO: [ app_begin ] --END-- [ RunTime:0.002118s ]
SQL: SHOW COLUMNS FROM `qsc_voice_guest` [ RunTime:0.012076s ]
SQL: SHOW COLUMNS FROM `qsc_voice_song` [ RunTime:0.008871s ]
SQL: SHOW COLUMNS FROM `qsc_voice_news` [ RunTime:0.007725s ]
SQL: SHOW COLUMNS FROM `qsc_voice_favorite` [ RunTime:0.006958s ]
SQL: SHOW COLUMNS FROM `qsc_voice_hotsong` [ RunTime:0.006882s ]
SQL: SHOW COLUMNS FROM `qsc_voice_hotsinger` [ RunTime:0.006626s ]
SQL: SHOW COLUMNS FROM `qsc_voice_upload` [ RunTime:0.005254s ]
SQL: SELECT * FROM `qsc_voice_guest` WHERE ( `stuid` = '3120103005' ) LIMIT 1   [ RunTime:0.000690s ]
SQL: SELECT * FROM `qsc_voice_favorite` WHERE ( `guestid` = 1 ) AND ( `songid` = 10 ) LIMIT 1   [ RunTime:0.000401s ]

[ 2013-08-27T10:26:32+08:00 ] 0.0.0.0 /fifth/voice/index.php/Index/ajax?action=check&songid=1
INFO: [ app_begin ] --START--
INFO: Run ReadHtmlCache Behavior [ RunTime:-0.002203s ]
INFO: [ app_begin ] --END-- [ RunTime:0.002169s ]
SQL: SHOW COLUMNS FROM `qsc_voice_guest` [ RunTime:0.010166s ]
SQL: SHOW COLUMNS FROM `qsc_voice_song` [ RunTime:0.012059s ]
SQL: SHOW COLUMNS FROM `qsc_voice_news` [ RunTime:0.010928s ]
SQL: SHOW COLUMNS FROM `qsc_voice_favorite` [ RunTime:0.010881s ]
SQL: SHOW COLUMNS FROM `qsc_voice_hotsong` [ RunTime:0.012468s ]
SQL: SHOW COLUMNS FROM `qsc_voice_hotsinger` [ RunTime:0.010390s ]
SQL: SHOW COLUMNS FROM `qsc_voice_upload` [ RunTime:0.008090s ]
SQL: SELECT * FROM `qsc_voice_guest` WHERE ( `stuid` = '3120103005' ) LIMIT 1   [ RunTime:0.000771s ]
SQL: SELECT * FROM `qsc_voice_favorite` WHERE ( `guestid` = 1 ) AND ( `songid` = 1 ) LIMIT 1   [ RunTime:0.000622s ]

[ 2013-08-27T10:30:50+08:00 ] 0.0.0.0 /fifth/voice/index.php/Index/ajax?action=check&songid=2
INFO: [ app_begin ] --START--
INFO: Run ReadHtmlCache Behavior [ RunTime:-0.002120s ]
INFO: [ app_begin ] --END-- [ RunTime:0.002023s ]
SQL: SHOW COLUMNS FROM `qsc_voice_guest` [ RunTime:0.012999s ]
SQL: SHOW COLUMNS FROM `qsc_voice_song` [ RunTime:0.007773s ]
SQL: SHOW COLUMNS FROM `qsc_voice_news` [ RunTime:0.007155s ]
SQL: SHOW COLUMNS FROM `qsc_voice_favorite` [ RunTime:0.007805s ]
SQL: SHOW COLUMNS FROM `qsc_voice_hotsong` [ RunTime:0.007411s ]
SQL: SHOW COLUMNS FROM `qsc_voice_hotsinger` [ RunTime:0.007301s ]
SQL: SHOW COLUMNS FROM `qsc_voice_upload` [ RunTime:0.005694s ]
SQL: SELECT * FROM `qsc_voice_guest` WHERE ( `stuid` = '3120103005' ) LIMIT 1   [ RunTime:0.000664s ]
SQL: SELECT * FROM `qsc_voice_favorite` WHERE ( `guestid` = 1 ) AND ( `songid` = 2 ) LIMIT 1   [ RunTime:0.000593s ]

[ 2013-08-27T10:35:26+08:00 ] 0.0.0.0 /fifth/voice/index.php/Index/ajax?action=check&songid=3
INFO: [ app_begin ] --START--
INFO: Run ReadHtmlCache Behavior [ RunTime:-0.002895s ]
INFO: [ app_begin ] --END-- [ RunTime:0.002810s ]
SQL: SHOW COLUMNS FROM `qsc_voice_guest` [ RunTime:0.012569s ]
SQL: SHOW COLUMNS FROM `qsc_voice_song` [ RunTime:0.013734s ]
SQL: SHOW COLUMNS FROM `qsc_voice_news` [ RunTime:0.014293s ]
SQL: SHOW COLUMNS FROM `qsc_voice_favorite` [ RunTime:0.010632s ]
SQL: SHOW COLUMNS FROM `qsc_voice_hotsong` [ RunTime:0.012271s ]
SQL: SHOW COLUMNS FROM `qsc_voice_hotsinger` [ RunTime:0.011481s ]
SQL: SHOW COLUMNS FROM `qsc_voice_upload` [ RunTime:0.007893s ]
SQL: SELECT * FROM `qsc_voice_guest` WHERE ( `stuid` = '3120103005' ) LIMIT 1   [ RunTime:0.000622s ]
SQL: SELECT * FROM `qsc_voice_favorite` WHERE ( `guestid` = 1 ) AND ( `songid` = 3 ) LIMIT 1   [ RunTime:0.000611s ]

