[ 2013-08-09T14:04:31+08:00 ] 0.0.0.0 /fifth/voice/index.php/Index/ajax?action=getfavoritelist
INFO: [ app_begin ] --START--
INFO: Run ReadHtmlCache Behavior [ RunTime:-0.002324s ]
INFO: [ app_begin ] --END-- [ RunTime:0.001841s ]
SQL: SHOW COLUMNS FROM `qsc_voice_guest` [ RunTime:0.017471s ]
SQL: SHOW COLUMNS FROM `qsc_voice_song` [ RunTime:0.008626s ]
SQL: SHOW COLUMNS FROM `qsc_voice_news` [ RunTime:0.011256s ]
SQL: SHOW COLUMNS FROM `qsc_voice_favorite` [ RunTime:0.074327s ]
SQL: SHOW COLUMNS FROM `qsc_voice_hotsong` [ RunTime:0.049648s ]
SQL: SHOW COLUMNS FROM `qsc_voice_hotsinger` [ RunTime:0.022615s ]
SQL: SHOW COLUMNS FROM `qsc_voice_upload` [ RunTime:0.032021s ]

[ 2013-08-09T14:04:31+08:00 ] 0.0.0.0 /fifth/voice/index.php/Index/ajax?action=play
INFO: [ app_begin ] --START--
INFO: Run ReadHtmlCache Behavior [ RunTime:-0.002488s ]
INFO: [ app_begin ] --END-- [ RunTime:0.001899s ]
SQL: SHOW COLUMNS FROM `qsc_voice_guest` [ RunTime:0.008023s ]
SQL: SHOW COLUMNS FROM `qsc_voice_song` [ RunTime:0.006397s ]
SQL: SHOW COLUMNS FROM `qsc_voice_news` [ RunTime:0.006682s ]
SQL: SHOW COLUMNS FROM `qsc_voice_favorite` [ RunTime:0.018391s ]
SQL: SHOW COLUMNS FROM `qsc_voice_hotsong` [ RunTime:0.005794s ]
SQL: SHOW COLUMNS FROM `qsc_voice_hotsinger` [ RunTime:0.009076s ]
SQL: SHOW COLUMNS FROM `qsc_voice_upload` [ RunTime:0.005907s ]

[ 2013-08-09T14:04:31+08:00 ] 0.0.0.0 /fifth/voice/index.php/Index/ajax?action=getalllist
INFO: [ app_begin ] --START--
INFO: Run ReadHtmlCache Behavior [ RunTime:-0.002183s ]
INFO: [ app_begin ] --END-- [ RunTime:0.011142s ]
SQL: SHOW COLUMNS FROM `qsc_voice_guest` [ RunTime:0.006562s ]
SQL: SHOW COLUMNS FROM `qsc_voice_song` [ RunTime:0.006467s ]
SQL: SHOW COLUMNS FROM `qsc_voice_news` [ RunTime:0.007273s ]
SQL: SHOW COLUMNS FROM `qsc_voice_favorite` [ RunTime:0.006063s ]
SQL: SHOW COLUMNS FROM `qsc_voice_hotsong` [ RunTime:0.006778s ]
SQL: SHOW COLUMNS FROM `qsc_voice_hotsinger` [ RunTime:0.006479s ]
SQL: SHOW COLUMNS FROM `qsc_voice_upload` [ RunTime:0.006037s ]
SQL: SELECT `id` FROM `qsc_voice_song`  [ RunTime:0.042708s ]
SQL: SELECT * FROM `qsc_voice_song` WHERE ( `id` = 1 ) LIMIT 1   [ RunTime:0.020765s ]
SQL: SELECT `nickname` FROM `qsc_voice_guest` WHERE id=1 LIMIT 1   [ RunTime:0.000399s ]
SQL: SELECT * FROM `qsc_voice_song` WHERE ( `id` = 2 ) LIMIT 1   [ RunTime:0.000341s ]
SQL: SELECT `nickname` FROM `qsc_voice_guest` WHERE id=1 LIMIT 1   [ RunTime:0.000282s ]
SQL: SELECT * FROM `qsc_voice_song` WHERE ( `id` = 3 ) LIMIT 1   [ RunTime:0.000526s ]
SQL: SELECT `nickname` FROM `qsc_voice_guest` WHERE id=1 LIMIT 1   [ RunTime:0.000313s ]
SQL: SELECT * FROM `qsc_voice_song` WHERE ( `id` = 4 ) LIMIT 1   [ RunTime:0.000349s ]
SQL: SELECT `nickname` FROM `qsc_voice_guest` WHERE id=2 LIMIT 1   [ RunTime:0.000389s ]
SQL: SELECT * FROM `qsc_voice_song` WHERE ( `id` = 5 ) LIMIT 1   [ RunTime:0.000450s ]
SQL: SELECT `nickname` FROM `qsc_voice_guest` WHERE id=1 LIMIT 1   [ RunTime:0.000367s ]
SQL: SELECT * FROM `qsc_voice_song` WHERE ( `id` = 6 ) LIMIT 1   [ RunTime:0.000374s ]
SQL: SELECT `nickname` FROM `qsc_voice_guest` WHERE id=1 LIMIT 1   [ RunTime:0.000451s ]
SQL: SELECT * FROM `qsc_voice_song` WHERE ( `id` = 7 ) LIMIT 1   [ RunTime:0.000361s ]
SQL: SELECT `nickname` FROM `qsc_voice_guest` WHERE id=7 LIMIT 1   [ RunTime:0.000290s ]
SQL: SELECT * FROM `qsc_voice_song` WHERE ( `id` = 8 ) LIMIT 1   [ RunTime:0.000342s ]
SQL: SELECT `nickname` FROM `qsc_voice_guest` WHERE id=8 LIMIT 1   [ RunTime:0.000282s ]
SQL: SELECT * FROM `qsc_voice_song` WHERE ( `id` = 9 ) LIMIT 1   [ RunTime:0.000473s ]
SQL: SELECT `nickname` FROM `qsc_voice_guest` WHERE id=1 LIMIT 1   [ RunTime:0.000323s ]
SQL: SELECT * FROM `qsc_voice_song` WHERE ( `id` = 10 ) LIMIT 1   [ RunTime:0.000710s ]
SQL: SELECT `nickname` FROM `qsc_voice_guest` WHERE id=1 LIMIT 1   [ RunTime:0.000539s ]

[ 2013-08-09T14:05:33+08:00 ] 0.0.0.0 /fifth/voice/index.php/Index/ajax?action=getalllist
INFO: [ app_begin ] --START--
INFO: Run ReadHtmlCache Behavior [ RunTime:-0.001765s ]
INFO: [ app_begin ] --END-- [ RunTime:0.001583s ]
SQL: SHOW COLUMNS FROM `qsc_voice_guest` [ RunTime:0.009345s ]
SQL: SHOW COLUMNS FROM `qsc_voice_song` [ RunTime:0.007927s ]
SQL: SHOW COLUMNS FROM `qsc_voice_news` [ RunTime:0.053957s ]
SQL: SHOW COLUMNS FROM `qsc_voice_favorite` [ RunTime:0.008508s ]
SQL: SHOW COLUMNS FROM `qsc_voice_hotsong` [ RunTime:0.007366s ]
SQL: SHOW COLUMNS FROM `qsc_voice_hotsinger` [ RunTime:0.007012s ]
SQL: SHOW COLUMNS FROM `qsc_voice_upload` [ RunTime:0.006005s ]
SQL: SELECT `id` FROM `qsc_voice_song`  [ RunTime:0.000446s ]
SQL: SELECT * FROM `qsc_voice_song` WHERE ( `id` = 1 ) LIMIT 1   [ RunTime:0.000504s ]
SQL: SELECT `nickname` FROM `qsc_voice_guest` WHERE id=1 LIMIT 1   [ RunTime:0.000454s ]
SQL: SELECT * FROM `qsc_voice_song` WHERE ( `id` = 2 ) LIMIT 1   [ RunTime:0.000508s ]
SQL: SELECT `nickname` FROM `qsc_voice_guest` WHERE id=1 LIMIT 1   [ RunTime:0.000413s ]
SQL: SELECT * FROM `qsc_voice_song` WHERE ( `id` = 3 ) LIMIT 1   [ RunTime:0.000418s ]
SQL: SELECT `nickname` FROM `qsc_voice_guest` WHERE id=1 LIMIT 1   [ RunTime:0.000346s ]
SQL: SELECT * FROM `qsc_voice_song` WHERE ( `id` = 4 ) LIMIT 1   [ RunTime:0.000408s ]
SQL: SELECT `nickname` FROM `qsc_voice_guest` WHERE id=2 LIMIT 1   [ RunTime:0.000341s ]
SQL: SELECT * FROM `qsc_voice_song` WHERE ( `id` = 5 ) LIMIT 1   [ RunTime:0.000413s ]
SQL: SELECT `nickname` FROM `qsc_voice_guest` WHERE id=1 LIMIT 1   [ RunTime:0.000353s ]
SQL: SELECT * FROM `qsc_voice_song` WHERE ( `id` = 6 ) LIMIT 1   [ RunTime:0.000391s ]
SQL: SELECT `nickname` FROM `qsc_voice_guest` WHERE id=1 LIMIT 1   [ RunTime:0.000345s ]
SQL: SELECT * FROM `qsc_voice_song` WHERE ( `id` = 7 ) LIMIT 1   [ RunTime:0.000405s ]
SQL: SELECT `nickname` FROM `qsc_voice_guest` WHERE id=7 LIMIT 1   [ RunTime:0.000339s ]
SQL: SELECT * FROM `qsc_voice_song` WHERE ( `id` = 8 ) LIMIT 1   [ RunTime:0.000397s ]
SQL: SELECT `nickname` FROM `qsc_voice_guest` WHERE id=8 LIMIT 1   [ RunTime:0.000347s ]
SQL: SELECT * FROM `qsc_voice_song` WHERE ( `id` = 9 ) LIMIT 1   [ RunTime:0.000391s ]
SQL: SELECT `nickname` FROM `qsc_voice_guest` WHERE id=1 LIMIT 1   [ RunTime:0.000350s ]
SQL: SELECT * FROM `qsc_voice_song` WHERE ( `id` = 10 ) LIMIT 1   [ RunTime:0.000394s ]
SQL: SELECT `nickname` FROM `qsc_voice_guest` WHERE id=1 LIMIT 1   [ RunTime:0.002678s ]

[ 2013-08-09T14:05:33+08:00 ] 0.0.0.0 /fifth/voice/index.php/Index/ajax?action=getfavoritelist
INFO: [ app_begin ] --START--
INFO: Run ReadHtmlCache Behavior [ RunTime:-0.001801s ]
INFO: [ app_begin ] --END-- [ RunTime:0.001597s ]
SQL: SHOW COLUMNS FROM `qsc_voice_guest` [ RunTime:0.006178s ]
SQL: SHOW COLUMNS FROM `qsc_voice_song` [ RunTime:0.007019s ]
SQL: SHOW COLUMNS FROM `qsc_voice_news` [ RunTime:0.007425s ]
SQL: SHOW COLUMNS FROM `qsc_voice_favorite` [ RunTime:0.006879s ]
SQL: SHOW COLUMNS FROM `qsc_voice_hotsong` [ RunTime:0.005781s ]
SQL: SHOW COLUMNS FROM `qsc_voice_hotsinger` [ RunTime:0.006481s ]
SQL: SHOW COLUMNS FROM `qsc_voice_upload` [ RunTime:0.006574s ]

[ 2013-08-09T14:05:33+08:00 ] 0.0.0.0 /fifth/voice/index.php/Index/ajax?action=play
INFO: [ app_begin ] --START--
INFO: Run ReadHtmlCache Behavior [ RunTime:-0.001811s ]
INFO: [ app_begin ] --END-- [ RunTime:0.001692s ]
SQL: SHOW COLUMNS FROM `qsc_voice_guest` [ RunTime:0.005923s ]
SQL: SHOW COLUMNS FROM `qsc_voice_song` [ RunTime:0.007435s ]
SQL: SHOW COLUMNS FROM `qsc_voice_news` [ RunTime:0.006223s ]
SQL: SHOW COLUMNS FROM `qsc_voice_favorite` [ RunTime:0.007801s ]
SQL: SHOW COLUMNS FROM `qsc_voice_hotsong` [ RunTime:0.005563s ]
SQL: SHOW COLUMNS FROM `qsc_voice_hotsinger` [ RunTime:0.005860s ]
SQL: SHOW COLUMNS FROM `qsc_voice_upload` [ RunTime:0.007485s ]
SQL: SELECT * FROM `qsc_voice_song` WHERE ( `id` = 1 ) LIMIT 1   [ RunTime:0.000878s ]
SQL: SELECT `nickname` FROM `qsc_voice_guest` WHERE id=1 LIMIT 1   [ RunTime:0.000815s ]

[ 2013-08-09T14:05:33+08:00 ] 0.0.0.0 /fifth/voice/index.php/Index/ajax?action=check&songid=1
INFO: [ app_begin ] --START--
INFO: Run ReadHtmlCache Behavior [ RunTime:-0.001983s ]
INFO: [ app_begin ] --END-- [ RunTime:0.001657s ]
SQL: SHOW COLUMNS FROM `qsc_voice_guest` [ RunTime:0.005907s ]
SQL: SHOW COLUMNS FROM `qsc_voice_song` [ RunTime:0.006890s ]
SQL: SHOW COLUMNS FROM `qsc_voice_news` [ RunTime:0.005187s ]
SQL: SHOW COLUMNS FROM `qsc_voice_favorite` [ RunTime:0.006349s ]
SQL: SHOW COLUMNS FROM `qsc_voice_hotsong` [ RunTime:0.006619s ]
SQL: SHOW COLUMNS FROM `qsc_voice_hotsinger` [ RunTime:0.006291s ]
SQL: SHOW COLUMNS FROM `qsc_voice_upload` [ RunTime:0.006883s ]

