[ 2013-07-20T14:31:37+08:00 ] 0.0.0.0 /voice/index.php/Index/ajax_getsonglist
INFO: [ app_begin ] --START--
INFO: Run ReadHtmlCache Behavior [ RunTime:-0.001808s ]
INFO: [ app_begin ] --END-- [ RunTime:0.001435s ]
SQL: SHOW COLUMNS FROM `qsc_voice_guest` [ RunTime:0.008159s ]
SQL: SHOW COLUMNS FROM `qsc_voice_song` [ RunTime:0.031216s ]
SQL: SHOW COLUMNS FROM `qsc_voice_favorite` [ RunTime:0.065136s ]
SQL: SELECT `id` FROM `qsc_voice_song`  [ RunTime:0.031759s ]
SQL: SELECT * FROM `qsc_voice_song` WHERE ( `id` = 7 ) LIMIT 1   [ RunTime:0.043559s ]
SQL: SELECT `nickname` FROM `qsc_voice_guest` WHERE id=7 LIMIT 1   [ RunTime:0.000646s ]
SQL: SELECT * FROM `qsc_voice_song` WHERE ( `id` = 4 ) LIMIT 1   [ RunTime:0.000762s ]
SQL: SELECT `nickname` FROM `qsc_voice_guest` WHERE id=2 LIMIT 1   [ RunTime:0.000733s ]
SQL: SELECT * FROM `qsc_voice_song` WHERE ( `id` = 1 ) LIMIT 1   [ RunTime:0.000622s ]
SQL: SELECT `nickname` FROM `qsc_voice_guest` WHERE id=1 LIMIT 1   [ RunTime:0.000360s ]
SQL: SELECT * FROM `qsc_voice_song` WHERE ( `id` = 5 ) LIMIT 1   [ RunTime:0.000576s ]
SQL: SELECT `nickname` FROM `qsc_voice_guest` WHERE id=1 LIMIT 1   [ RunTime:0.000470s ]
SQL: SELECT * FROM `qsc_voice_song` WHERE ( `id` = 8 ) LIMIT 1   [ RunTime:0.000922s ]
SQL: SELECT `nickname` FROM `qsc_voice_guest` WHERE id=8 LIMIT 1   [ RunTime:0.000573s ]
SQL: SELECT * FROM `qsc_voice_song` WHERE ( `id` = 2 ) LIMIT 1   [ RunTime:0.000617s ]
SQL: SELECT `nickname` FROM `qsc_voice_guest` WHERE id=1 LIMIT 1   [ RunTime:0.000559s ]
SQL: SELECT * FROM `qsc_voice_song` WHERE ( `id` = 9 ) LIMIT 1   [ RunTime:0.000678s ]
SQL: SELECT `nickname` FROM `qsc_voice_guest` WHERE id=1 LIMIT 1   [ RunTime:0.001079s ]
SQL: SELECT * FROM `qsc_voice_song` WHERE ( `id` = 3 ) LIMIT 1   [ RunTime:0.000521s ]
SQL: SELECT `nickname` FROM `qsc_voice_guest` WHERE id=1 LIMIT 1   [ RunTime:0.000328s ]
SQL: SELECT * FROM `qsc_voice_song` WHERE ( `id` = 6 ) LIMIT 1   [ RunTime:0.000465s ]
SQL: SELECT `nickname` FROM `qsc_voice_guest` WHERE id=1 LIMIT 1   [ RunTime:0.000398s ]

[ 2013-07-20T14:31:37+08:00 ] 0.0.0.0 /voice/index.php/Index/ajax_get
INFO: [ app_begin ] --START--
INFO: Run ReadHtmlCache Behavior [ RunTime:-0.001600s ]
INFO: [ app_begin ] --END-- [ RunTime:0.001366s ]
SQL: SHOW COLUMNS FROM `qsc_voice_guest` [ RunTime:0.008536s ]
SQL: SHOW COLUMNS FROM `qsc_voice_song` [ RunTime:0.007768s ]

[ 2013-07-20T14:32:03+08:00 ] 0.0.0.0 /voice/index.php/Index/ajax_getsonglist
INFO: [ app_begin ] --START--
INFO: Run ReadHtmlCache Behavior [ RunTime:-0.001907s ]
INFO: [ app_begin ] --END-- [ RunTime:0.001810s ]
SQL: SHOW COLUMNS FROM `qsc_voice_guest` [ RunTime:0.011024s ]
SQL: SHOW COLUMNS FROM `qsc_voice_song` [ RunTime:0.007378s ]
SQL: SHOW COLUMNS FROM `qsc_voice_favorite` [ RunTime:0.007408s ]
SQL: SELECT `id` FROM `qsc_voice_song`  [ RunTime:0.000614s ]
SQL: SELECT * FROM `qsc_voice_song` WHERE ( `id` = 1 ) LIMIT 1   [ RunTime:0.000706s ]
SQL: SELECT `nickname` FROM `qsc_voice_guest` WHERE id=1 LIMIT 1   [ RunTime:0.000463s ]
SQL: SELECT * FROM `qsc_voice_song` WHERE ( `id` = 2 ) LIMIT 1   [ RunTime:0.000666s ]
SQL: SELECT `nickname` FROM `qsc_voice_guest` WHERE id=1 LIMIT 1   [ RunTime:0.000601s ]
SQL: SELECT * FROM `qsc_voice_song` WHERE ( `id` = 3 ) LIMIT 1   [ RunTime:0.000737s ]
SQL: SELECT `nickname` FROM `qsc_voice_guest` WHERE id=1 LIMIT 1   [ RunTime:0.000511s ]
SQL: SELECT * FROM `qsc_voice_song` WHERE ( `id` = 9 ) LIMIT 1   [ RunTime:0.000491s ]
SQL: SELECT `nickname` FROM `qsc_voice_guest` WHERE id=1 LIMIT 1   [ RunTime:0.000386s ]
SQL: SELECT * FROM `qsc_voice_song` WHERE ( `id` = 6 ) LIMIT 1   [ RunTime:0.000454s ]
SQL: SELECT `nickname` FROM `qsc_voice_guest` WHERE id=1 LIMIT 1   [ RunTime:0.000387s ]
SQL: SELECT * FROM `qsc_voice_song` WHERE ( `id` = 5 ) LIMIT 1   [ RunTime:0.000492s ]
SQL: SELECT `nickname` FROM `qsc_voice_guest` WHERE id=1 LIMIT 1   [ RunTime:0.000588s ]
SQL: SELECT * FROM `qsc_voice_song` WHERE ( `id` = 7 ) LIMIT 1   [ RunTime:0.000785s ]
SQL: SELECT `nickname` FROM `qsc_voice_guest` WHERE id=7 LIMIT 1   [ RunTime:0.000759s ]
SQL: SELECT * FROM `qsc_voice_song` WHERE ( `id` = 4 ) LIMIT 1   [ RunTime:0.000638s ]
SQL: SELECT `nickname` FROM `qsc_voice_guest` WHERE id=2 LIMIT 1   [ RunTime:0.000597s ]
SQL: SELECT * FROM `qsc_voice_song` WHERE ( `id` = 8 ) LIMIT 1   [ RunTime:0.000469s ]
SQL: SELECT `nickname` FROM `qsc_voice_guest` WHERE id=8 LIMIT 1   [ RunTime:0.000333s ]

[ 2013-07-20T14:32:03+08:00 ] 0.0.0.0 /voice/index.php/Index/ajax_get
INFO: [ app_begin ] --START--
INFO: Run ReadHtmlCache Behavior [ RunTime:-0.001495s ]
INFO: [ app_begin ] --END-- [ RunTime:0.001371s ]
SQL: SHOW COLUMNS FROM `qsc_voice_guest` [ RunTime:0.007482s ]
SQL: SHOW COLUMNS FROM `qsc_voice_song` [ RunTime:0.005939s ]
SQL: SELECT * FROM `qsc_voice_song` WHERE ( `id` = 2 ) LIMIT 1   [ RunTime:0.001062s ]
SQL: SELECT `nickname` FROM `qsc_voice_guest` WHERE id=1 LIMIT 1   [ RunTime:0.000529s ]

[ 2013-07-20T14:32:03+08:00 ] 0.0.0.0 /voice/index.php/Index/ajax_likeOrNot?songid=2
INFO: [ app_begin ] --START--
INFO: Run ReadHtmlCache Behavior [ RunTime:-0.001982s ]
INFO: [ app_begin ] --END-- [ RunTime:0.002271s ]
SQL: SHOW COLUMNS FROM `qsc_voice_song` [ RunTime:0.005093s ]
SQL: SHOW COLUMNS FROM `qsc_voice_guest` [ RunTime:0.004844s ]
SQL: SHOW COLUMNS FROM `qsc_voice_favorite` [ RunTime:0.005597s ]

[ 2013-07-20T14:32:04+08:00 ] 0.0.0.0 /voice/index.php/Index/index
INFO: [ app_begin ] --START--
INFO: Run ReadHtmlCache Behavior [ RunTime:-0.001421s ]
INFO: [ app_begin ] --END-- [ RunTime:0.001736s ]
SQL: SHOW COLUMNS FROM `qsc_voice_guest` [ RunTime:0.008076s ]
SQL: SHOW COLUMNS FROM `qsc_voice_news` [ RunTime:0.019328s ]
SQL: SHOW COLUMNS FROM `qsc_voice_song` [ RunTime:0.006480s ]
INFO: [ view_template ] --START--
INFO: Run LocationTemplate Behavior [ RunTime:-0.063544s ]
INFO: [ view_template ] --END-- [ RunTime:0.001766s ]
INFO: [ view_parse ] --START--
NOTIC: [8] Undefined variable: news_list D:\wamp\www\voice\Runtime\Cache\f0ea20e300846e38be5c5ff71a25e91a.php 第 52 行.
INFO: Run ParseTemplate Behavior [ RunTime:-0.065573s ]
INFO: [ view_parse ] --END-- [ RunTime:0.031869s ]
INFO: [ view_filter ] --START--
INFO: Run ContentReplace Behavior [ RunTime:-0.097636s ]
INFO: Run TokenBuild Behavior [ RunTime:-0.098610s ]
INFO: Run WriteHtmlCache Behavior [ RunTime:-0.099619s ]
INFO: Run ShowRuntime Behavior [ RunTime:-0.100269s ]
INFO: [ view_filter ] --END-- [ RunTime:0.004004s ]
INFO: [ view_end ] --START--
INFO: Run ShowPageTrace Behavior [ RunTime:-0.101968s ]
INFO: [ view_end ] --END-- [ RunTime:0.001683s ]

[ 2013-07-20T14:32:15+08:00 ] 0.0.0.0 /voice/index.php/Index/ajax_getsonglist
INFO: [ app_begin ] --START--
INFO: Run ReadHtmlCache Behavior [ RunTime:-0.001448s ]
INFO: [ app_begin ] --END-- [ RunTime:0.002299s ]
SQL: SHOW COLUMNS FROM `qsc_voice_guest` [ RunTime:0.010131s ]
SQL: SHOW COLUMNS FROM `qsc_voice_song` [ RunTime:0.008120s ]
SQL: SHOW COLUMNS FROM `qsc_voice_favorite` [ RunTime:0.007424s ]
SQL: SELECT `id` FROM `qsc_voice_song`  [ RunTime:0.000583s ]
SQL: SELECT * FROM `qsc_voice_song` WHERE ( `id` = 6 ) LIMIT 1   [ RunTime:0.000681s ]
SQL: SELECT `nickname` FROM `qsc_voice_guest` WHERE id=1 LIMIT 1   [ RunTime:0.000812s ]
SQL: SELECT * FROM `qsc_voice_song` WHERE ( `id` = 8 ) LIMIT 1   [ RunTime:0.001791s ]
SQL: SELECT `nickname` FROM `qsc_voice_guest` WHERE id=8 LIMIT 1   [ RunTime:0.001597s ]
SQL: SELECT * FROM `qsc_voice_song` WHERE ( `id` = 3 ) LIMIT 1   [ RunTime:0.000513s ]
SQL: SELECT `nickname` FROM `qsc_voice_guest` WHERE id=1 LIMIT 1   [ RunTime:0.000364s ]
SQL: SELECT * FROM `qsc_voice_song` WHERE ( `id` = 2 ) LIMIT 1   [ RunTime:0.000446s ]
SQL: SELECT `nickname` FROM `qsc_voice_guest` WHERE id=1 LIMIT 1   [ RunTime:0.000462s ]
SQL: SELECT * FROM `qsc_voice_song` WHERE ( `id` = 1 ) LIMIT 1   [ RunTime:0.000721s ]
SQL: SELECT `nickname` FROM `qsc_voice_guest` WHERE id=1 LIMIT 1   [ RunTime:0.000688s ]
SQL: SELECT * FROM `qsc_voice_song` WHERE ( `id` = 7 ) LIMIT 1   [ RunTime:0.000603s ]
SQL: SELECT `nickname` FROM `qsc_voice_guest` WHERE id=7 LIMIT 1   [ RunTime:0.000355s ]
SQL: SELECT * FROM `qsc_voice_song` WHERE ( `id` = 5 ) LIMIT 1   [ RunTime:0.001096s ]
SQL: SELECT `nickname` FROM `qsc_voice_guest` WHERE id=1 LIMIT 1   [ RunTime:0.000719s ]
SQL: SELECT * FROM `qsc_voice_song` WHERE ( `id` = 4 ) LIMIT 1   [ RunTime:0.000598s ]
SQL: SELECT `nickname` FROM `qsc_voice_guest` WHERE id=2 LIMIT 1   [ RunTime:0.000566s ]
SQL: SELECT * FROM `qsc_voice_song` WHERE ( `id` = 9 ) LIMIT 1   [ RunTime:0.000609s ]
SQL: SELECT `nickname` FROM `qsc_voice_guest` WHERE id=1 LIMIT 1   [ RunTime:0.000452s ]

[ 2013-07-20T14:32:15+08:00 ] 0.0.0.0 /voice/index.php/Index/ajax_get
INFO: [ app_begin ] --START--
INFO: Run ReadHtmlCache Behavior [ RunTime:-0.001604s ]
INFO: [ app_begin ] --END-- [ RunTime:0.001838s ]
SQL: SHOW COLUMNS FROM `qsc_voice_guest` [ RunTime:0.006880s ]
SQL: SHOW COLUMNS FROM `qsc_voice_song` [ RunTime:0.005534s ]
SQL: SELECT * FROM `qsc_voice_song` WHERE ( `id` = 8 ) LIMIT 1   [ RunTime:0.001077s ]
SQL: SELECT `nickname` FROM `qsc_voice_guest` WHERE id=8 LIMIT 1   [ RunTime:0.001039s ]

[ 2013-07-20T14:32:15+08:00 ] 0.0.0.0 /voice/index.php/Index/ajax_likeOrNot?songid=8
INFO: [ app_begin ] --START--
INFO: Run ReadHtmlCache Behavior [ RunTime:-0.001799s ]
INFO: [ app_begin ] --END-- [ RunTime:0.001525s ]
SQL: SHOW COLUMNS FROM `qsc_voice_song` [ RunTime:0.005977s ]
SQL: SHOW COLUMNS FROM `qsc_voice_guest` [ RunTime:0.008909s ]
SQL: SHOW COLUMNS FROM `qsc_voice_favorite` [ RunTime:0.006351s ]

[ 2013-07-20T14:32:15+08:00 ] 0.0.0.0 /voice/index.php/Index/index
INFO: [ app_begin ] --START--
INFO: Run ReadHtmlCache Behavior [ RunTime:-0.001401s ]
INFO: [ app_begin ] --END-- [ RunTime:0.001253s ]
SQL: SHOW COLUMNS FROM `qsc_voice_guest` [ RunTime:0.006146s ]
SQL: SHOW COLUMNS FROM `qsc_voice_news` [ RunTime:0.007213s ]
SQL: SHOW COLUMNS FROM `qsc_voice_song` [ RunTime:0.006433s ]
INFO: [ view_template ] --START--
INFO: Run LocationTemplate Behavior [ RunTime:-0.051664s ]
INFO: [ view_template ] --END-- [ RunTime:0.002001s ]
INFO: [ view_parse ] --START--
NOTIC: [8] Undefined variable: news_list D:\wamp\www\voice\Runtime\Cache\f0ea20e300846e38be5c5ff71a25e91a.php 第 52 行.
INFO: Run ParseTemplate Behavior [ RunTime:-0.053933s ]
INFO: [ view_parse ] --END-- [ RunTime:0.031152s ]
INFO: [ view_filter ] --START--
INFO: Run ContentReplace Behavior [ RunTime:-0.085543s ]
INFO: Run TokenBuild Behavior [ RunTime:-0.086723s ]
INFO: Run WriteHtmlCache Behavior [ RunTime:-0.087974s ]
INFO: Run ShowRuntime Behavior [ RunTime:-0.088962s ]
INFO: [ view_filter ] --END-- [ RunTime:0.005502s ]
INFO: [ view_end ] --START--
INFO: Run ShowPageTrace Behavior [ RunTime:-0.091408s ]
INFO: [ view_end ] --END-- [ RunTime:0.001428s ]

[ 2013-07-20T14:34:27+08:00 ] 0.0.0.0 /voice/index.php/Index/ajax_getsonglist
INFO: [ app_begin ] --START--
INFO: Run ReadHtmlCache Behavior [ RunTime:-0.001406s ]
INFO: [ app_begin ] --END-- [ RunTime:0.001311s ]
SQL: SHOW COLUMNS FROM `qsc_voice_guest` [ RunTime:0.065733s ]
SQL: SHOW COLUMNS FROM `qsc_voice_song` [ RunTime:0.008195s ]
SQL: SHOW COLUMNS FROM `qsc_voice_favorite` [ RunTime:0.008111s ]
SQL: SELECT `id` FROM `qsc_voice_song`  [ RunTime:0.000770s ]
SQL: SELECT * FROM `qsc_voice_song` WHERE ( `id` = 6 ) LIMIT 1   [ RunTime:0.000998s ]
SQL: SELECT `nickname` FROM `qsc_voice_guest` WHERE id=1 LIMIT 1   [ RunTime:0.000560s ]
SQL: SELECT * FROM `qsc_voice_song` WHERE ( `id` = 1 ) LIMIT 1   [ RunTime:0.000687s ]
SQL: SELECT `nickname` FROM `qsc_voice_guest` WHERE id=1 LIMIT 1   [ RunTime:0.000456s ]
SQL: SELECT * FROM `qsc_voice_song` WHERE ( `id` = 2 ) LIMIT 1   [ RunTime:0.000496s ]
SQL: SELECT `nickname` FROM `qsc_voice_guest` WHERE id=1 LIMIT 1   [ RunTime:0.000404s ]
SQL: SELECT * FROM `qsc_voice_song` WHERE ( `id` = 5 ) LIMIT 1   [ RunTime:0.000610s ]
SQL: SELECT `nickname` FROM `qsc_voice_guest` WHERE id=1 LIMIT 1   [ RunTime:0.000515s ]
SQL: SELECT * FROM `qsc_voice_song` WHERE ( `id` = 8 ) LIMIT 1   [ RunTime:0.000512s ]
SQL: SELECT `nickname` FROM `qsc_voice_guest` WHERE id=8 LIMIT 1   [ RunTime:0.000459s ]
SQL: SELECT * FROM `qsc_voice_song` WHERE ( `id` = 3 ) LIMIT 1   [ RunTime:0.000751s ]
SQL: SELECT `nickname` FROM `qsc_voice_guest` WHERE id=1 LIMIT 1   [ RunTime:0.000504s ]
SQL: SELECT * FROM `qsc_voice_song` WHERE ( `id` = 7 ) LIMIT 1   [ RunTime:0.000658s ]
SQL: SELECT `nickname` FROM `qsc_voice_guest` WHERE id=7 LIMIT 1   [ RunTime:0.000430s ]
SQL: SELECT * FROM `qsc_voice_song` WHERE ( `id` = 4 ) LIMIT 1   [ RunTime:0.000476s ]
SQL: SELECT `nickname` FROM `qsc_voice_guest` WHERE id=2 LIMIT 1   [ RunTime:0.000344s ]
SQL: SELECT * FROM `qsc_voice_song` WHERE ( `id` = 9 ) LIMIT 1   [ RunTime:0.000391s ]
SQL: SELECT `nickname` FROM `qsc_voice_guest` WHERE id=1 LIMIT 1   [ RunTime:0.000338s ]
SQL: SELECT * FROM `qsc_voice_guest` WHERE ( `stuid` = '3120103005' ) LIMIT 1   [ RunTime:0.000802s ]
SQL: SELECT * FROM `qsc_voice_favorite` WHERE ( `guestid` = 1 )  [ RunTime:0.000858s ]
SQL: SELECT * FROM `qsc_voice_song` WHERE ( `id` = 3 ) LIMIT 1   [ RunTime:0.000511s ]
SQL: SELECT `nickname` FROM `qsc_voice_guest` WHERE id=1 LIMIT 1   [ RunTime:0.000703s ]
SQL: SELECT * FROM `qsc_voice_song` WHERE ( `id` = 4 ) LIMIT 1   [ RunTime:0.000722s ]
SQL: SELECT `nickname` FROM `qsc_voice_guest` WHERE id=1 LIMIT 1   [ RunTime:0.000536s ]
SQL: SELECT * FROM `qsc_voice_song` WHERE ( `id` = 7 ) LIMIT 1   [ RunTime:0.000712s ]
SQL: SELECT `nickname` FROM `qsc_voice_guest` WHERE id=1 LIMIT 1   [ RunTime:0.000709s ]
SQL: SELECT * FROM `qsc_voice_song` WHERE ( `id` = 8 ) LIMIT 1   [ RunTime:0.000588s ]
SQL: SELECT `nickname` FROM `qsc_voice_guest` WHERE id=1 LIMIT 1   [ RunTime:0.000672s ]

[ 2013-07-20T14:34:27+08:00 ] 0.0.0.0 /voice/index.php/Index/ajax_get
INFO: [ app_begin ] --START--
INFO: Run ReadHtmlCache Behavior [ RunTime:-0.002440s ]
INFO: [ app_begin ] --END-- [ RunTime:0.001560s ]
SQL: SHOW COLUMNS FROM `qsc_voice_guest` [ RunTime:0.176188s ]
SQL: SHOW COLUMNS FROM `qsc_voice_song` [ RunTime:0.008495s ]
SQL: SELECT * FROM `qsc_voice_song` WHERE ( `id` = 3 ) LIMIT 1   [ RunTime:0.000867s ]
SQL: SELECT `nickname` FROM `qsc_voice_guest` WHERE id=1 LIMIT 1   [ RunTime:0.000476s ]

[ 2013-07-20T14:34:27+08:00 ] 0.0.0.0 /voice/index.php/Index/ajax_likeOrNot?songid=3
INFO: [ app_begin ] --START--
INFO: Run ReadHtmlCache Behavior [ RunTime:-0.001650s ]
INFO: [ app_begin ] --END-- [ RunTime:0.001501s ]
SQL: SHOW COLUMNS FROM `qsc_voice_song` [ RunTime:0.007118s ]
SQL: SHOW COLUMNS FROM `qsc_voice_guest` [ RunTime:0.005889s ]
SQL: SHOW COLUMNS FROM `qsc_voice_favorite` [ RunTime:0.008440s ]
SQL: SELECT * FROM `qsc_voice_guest` WHERE ( `stuid` = '3120103005' ) LIMIT 1   [ RunTime:0.000688s ]
SQL: SELECT * FROM `qsc_voice_favorite` WHERE ( `guestid` = 1 ) AND ( `songid` = 3 ) LIMIT 1   [ RunTime:0.057806s ]

[ 2013-07-20T16:06:22+08:00 ] 0.0.0.0 /voice/index.php/Index/ajax_getsonglist
INFO: [ app_begin ] --START--
INFO: Run ReadHtmlCache Behavior [ RunTime:-0.002803s ]
INFO: [ app_begin ] --END-- [ RunTime:0.002012s ]
SQL: SHOW COLUMNS FROM `qsc_voice_guest` [ RunTime:0.289540s ]
SQL: SHOW COLUMNS FROM `qsc_voice_song` [ RunTime:0.006414s ]
SQL: SHOW COLUMNS FROM `qsc_voice_favorite` [ RunTime:0.130987s ]
SQL: SELECT `id` FROM `qsc_voice_song`  [ RunTime:0.062209s ]
SQL: SELECT * FROM `qsc_voice_song` WHERE ( `id` = 9 ) LIMIT 1   [ RunTime:0.038591s ]
SQL: SELECT `nickname` FROM `qsc_voice_guest` WHERE id=1 LIMIT 1   [ RunTime:0.000449s ]
SQL: SELECT * FROM `qsc_voice_song` WHERE ( `id` = 4 ) LIMIT 1   [ RunTime:0.000377s ]
SQL: SELECT `nickname` FROM `qsc_voice_guest` WHERE id=2 LIMIT 1   [ RunTime:0.000341s ]
SQL: SELECT * FROM `qsc_voice_song` WHERE ( `id` = 6 ) LIMIT 1   [ RunTime:0.000402s ]
SQL: SELECT `nickname` FROM `qsc_voice_guest` WHERE id=1 LIMIT 1   [ RunTime:0.000324s ]
SQL: SELECT * FROM `qsc_voice_song` WHERE ( `id` = 2 ) LIMIT 1   [ RunTime:0.000418s ]
SQL: SELECT `nickname` FROM `qsc_voice_guest` WHERE id=1 LIMIT 1   [ RunTime:0.000333s ]
SQL: SELECT * FROM `qsc_voice_song` WHERE ( `id` = 3 ) LIMIT 1   [ RunTime:0.000358s ]
SQL: SELECT `nickname` FROM `qsc_voice_guest` WHERE id=1 LIMIT 1   [ RunTime:0.000299s ]
SQL: SELECT * FROM `qsc_voice_song` WHERE ( `id` = 8 ) LIMIT 1   [ RunTime:0.000369s ]
SQL: SELECT `nickname` FROM `qsc_voice_guest` WHERE id=8 LIMIT 1   [ RunTime:0.000316s ]
SQL: SELECT * FROM `qsc_voice_song` WHERE ( `id` = 5 ) LIMIT 1   [ RunTime:0.000358s ]
SQL: SELECT `nickname` FROM `qsc_voice_guest` WHERE id=1 LIMIT 1   [ RunTime:0.000299s ]
SQL: SELECT * FROM `qsc_voice_song` WHERE ( `id` = 7 ) LIMIT 1   [ RunTime:0.000749s ]
SQL: SELECT `nickname` FROM `qsc_voice_guest` WHERE id=7 LIMIT 1   [ RunTime:0.000374s ]
SQL: SELECT * FROM `qsc_voice_song` WHERE ( `id` = 1 ) LIMIT 1   [ RunTime:0.000373s ]
SQL: SELECT `nickname` FROM `qsc_voice_guest` WHERE id=1 LIMIT 1   [ RunTime:0.000329s ]
SQL: SELECT * FROM `qsc_voice_guest` WHERE ( `stuid` = '3120103005' ) LIMIT 1   [ RunTime:0.001623s ]
SQL: SELECT * FROM `qsc_voice_favorite` WHERE ( `guestid` = 1 )  [ RunTime:0.000434s ]
SQL: SELECT * FROM `qsc_voice_song` WHERE ( `id` = 3 ) LIMIT 1   [ RunTime:0.000393s ]
SQL: SELECT `nickname` FROM `qsc_voice_guest` WHERE id=1 LIMIT 1   [ RunTime:0.000335s ]
SQL: SELECT * FROM `qsc_voice_song` WHERE ( `id` = 4 ) LIMIT 1   [ RunTime:0.000390s ]
SQL: SELECT `nickname` FROM `qsc_voice_guest` WHERE id=2 LIMIT 1   [ RunTime:0.000398s ]
SQL: SELECT * FROM `qsc_voice_song` WHERE ( `id` = 7 ) LIMIT 1   [ RunTime:0.000534s ]
SQL: SELECT `nickname` FROM `qsc_voice_guest` WHERE id=1 LIMIT 1   [ RunTime:0.000334s ]
SQL: SELECT * FROM `qsc_voice_song` WHERE ( `id` = 8 ) LIMIT 1   [ RunTime:0.000382s ]
SQL: SELECT `nickname` FROM `qsc_voice_guest` WHERE id=1 LIMIT 1   [ RunTime:0.000396s ]

[ 2013-07-20T16:06:22+08:00 ] 0.0.0.0 /voice/index.php/Index/ajax_get
INFO: [ app_begin ] --START--
INFO: Run ReadHtmlCache Behavior [ RunTime:-0.001894s ]
INFO: [ app_begin ] --END-- [ RunTime:0.001746s ]
SQL: SHOW COLUMNS FROM `qsc_voice_guest` [ RunTime:0.008405s ]
SQL: SHOW COLUMNS FROM `qsc_voice_song` [ RunTime:0.006244s ]
SQL: SELECT * FROM `qsc_voice_song` WHERE ( `id` = 5 ) LIMIT 1   [ RunTime:0.000699s ]
SQL: SELECT `nickname` FROM `qsc_voice_guest` WHERE id=1 LIMIT 1   [ RunTime:0.000375s ]

[ 2013-07-20T16:06:22+08:00 ] 0.0.0.0 /voice/index.php/Index/ajax_likeOrNot?songid=5
INFO: [ app_begin ] --START--
INFO: Run ReadHtmlCache Behavior [ RunTime:-0.001852s ]
INFO: [ app_begin ] --END-- [ RunTime:0.001465s ]
SQL: SHOW COLUMNS FROM `qsc_voice_song` [ RunTime:0.005160s ]
SQL: SHOW COLUMNS FROM `qsc_voice_guest` [ RunTime:0.005386s ]
SQL: SHOW COLUMNS FROM `qsc_voice_favorite` [ RunTime:0.006370s ]
SQL: SELECT * FROM `qsc_voice_guest` WHERE ( `stuid` = '3120103005' ) LIMIT 1   [ RunTime:0.000629s ]
SQL: SELECT * FROM `qsc_voice_favorite` WHERE ( `guestid` = 1 ) AND ( `songid` = 5 ) LIMIT 1   [ RunTime:0.000421s ]

[ 2013-07-20T21:57:57+08:00 ] 0.0.0.0 /voice/index.php/Index/ajax_getsonglist
INFO: [ app_begin ] --START--
INFO: Run ReadHtmlCache Behavior [ RunTime:-0.002581s ]
INFO: [ app_begin ] --END-- [ RunTime:0.002136s ]
SQL: SHOW COLUMNS FROM `qsc_voice_guest` [ RunTime:0.025680s ]
SQL: SHOW COLUMNS FROM `qsc_voice_song` [ RunTime:0.007537s ]
SQL: SHOW COLUMNS FROM `qsc_voice_favorite` [ RunTime:0.057791s ]
SQL: SELECT `id` FROM `qsc_voice_song`  [ RunTime:0.039037s ]
SQL: SELECT * FROM `qsc_voice_song` WHERE ( `id` = 8 ) LIMIT 1   [ RunTime:0.049484s ]
SQL: SELECT `nickname` FROM `qsc_voice_guest` WHERE id=8 LIMIT 1   [ RunTime:0.000580s ]
SQL: SELECT * FROM `qsc_voice_song` WHERE ( `id` = 6 ) LIMIT 1   [ RunTime:0.000494s ]
SQL: SELECT `nickname` FROM `qsc_voice_guest` WHERE id=1 LIMIT 1   [ RunTime:0.000618s ]
SQL: SELECT * FROM `qsc_voice_song` WHERE ( `id` = 4 ) LIMIT 1   [ RunTime:0.000907s ]
SQL: SELECT `nickname` FROM `qsc_voice_guest` WHERE id=2 LIMIT 1   [ RunTime:0.000698s ]
SQL: SELECT * FROM `qsc_voice_song` WHERE ( `id` = 9 ) LIMIT 1   [ RunTime:0.000490s ]
SQL: SELECT `nickname` FROM `qsc_voice_guest` WHERE id=1 LIMIT 1   [ RunTime:0.000555s ]
SQL: SELECT * FROM `qsc_voice_song` WHERE ( `id` = 7 ) LIMIT 1   [ RunTime:0.000672s ]
SQL: SELECT `nickname` FROM `qsc_voice_guest` WHERE id=7 LIMIT 1   [ RunTime:0.000689s ]
SQL: SELECT * FROM `qsc_voice_song` WHERE ( `id` = 5 ) LIMIT 1   [ RunTime:0.000647s ]
SQL: SELECT `nickname` FROM `qsc_voice_guest` WHERE id=1 LIMIT 1   [ RunTime:0.000688s ]
SQL: SELECT * FROM `qsc_voice_song` WHERE ( `id` = 3 ) LIMIT 1   [ RunTime:0.000931s ]
SQL: SELECT `nickname` FROM `qsc_voice_guest` WHERE id=1 LIMIT 1   [ RunTime:0.000445s ]
SQL: SELECT * FROM `qsc_voice_song` WHERE ( `id` = 1 ) LIMIT 1   [ RunTime:0.000434s ]
SQL: SELECT `nickname` FROM `qsc_voice_guest` WHERE id=1 LIMIT 1   [ RunTime:0.000333s ]
SQL: SELECT * FROM `qsc_voice_song` WHERE ( `id` = 2 ) LIMIT 1   [ RunTime:0.000374s ]
SQL: SELECT `nickname` FROM `qsc_voice_guest` WHERE id=1 LIMIT 1   [ RunTime:0.000313s ]

[ 2013-07-20T21:57:57+08:00 ] 0.0.0.0 /voice/index.php/Index/ajax_get
INFO: [ app_begin ] --START--
INFO: Run ReadHtmlCache Behavior [ RunTime:-0.001785s ]
INFO: [ app_begin ] --END-- [ RunTime:0.001539s ]
SQL: SHOW COLUMNS FROM `qsc_voice_guest` [ RunTime:0.006145s ]
SQL: SHOW COLUMNS FROM `qsc_voice_song` [ RunTime:0.006334s ]

[ 2013-07-20T21:59:02+08:00 ] 0.0.0.0 /voice/index.php/Index/ajax_getsonglist
INFO: [ app_begin ] --START--
INFO: Run ReadHtmlCache Behavior [ RunTime:-0.001440s ]
INFO: [ app_begin ] --END-- [ RunTime:0.001330s ]
SQL: SHOW COLUMNS FROM `qsc_voice_guest` [ RunTime:0.026919s ]
SQL: SHOW COLUMNS FROM `qsc_voice_song` [ RunTime:0.006577s ]
SQL: SHOW COLUMNS FROM `qsc_voice_favorite` [ RunTime:0.022062s ]
SQL: SELECT `id` FROM `qsc_voice_song`  [ RunTime:0.000609s ]
SQL: SELECT * FROM `qsc_voice_song` WHERE ( `id` = 7 ) LIMIT 1   [ RunTime:0.000683s ]
SQL: SELECT `nickname` FROM `qsc_voice_guest` WHERE id=7 LIMIT 1   [ RunTime:0.000502s ]
SQL: SELECT * FROM `qsc_voice_song` WHERE ( `id` = 3 ) LIMIT 1   [ RunTime:0.000576s ]
SQL: SELECT `nickname` FROM `qsc_voice_guest` WHERE id=1 LIMIT 1   [ RunTime:0.000391s ]
SQL: SELECT * FROM `qsc_voice_song` WHERE ( `id` = 8 ) LIMIT 1   [ RunTime:0.000431s ]
SQL: SELECT `nickname` FROM `qsc_voice_guest` WHERE id=8 LIMIT 1   [ RunTime:0.000437s ]
SQL: SELECT * FROM `qsc_voice_song` WHERE ( `id` = 9 ) LIMIT 1   [ RunTime:0.000467s ]
SQL: SELECT `nickname` FROM `qsc_voice_guest` WHERE id=1 LIMIT 1   [ RunTime:0.000387s ]
SQL: SELECT * FROM `qsc_voice_song` WHERE ( `id` = 1 ) LIMIT 1   [ RunTime:0.000847s ]
SQL: SELECT `nickname` FROM `qsc_voice_guest` WHERE id=1 LIMIT 1   [ RunTime:0.000427s ]
SQL: SELECT * FROM `qsc_voice_song` WHERE ( `id` = 4 ) LIMIT 1   [ RunTime:0.000450s ]
SQL: SELECT `nickname` FROM `qsc_voice_guest` WHERE id=2 LIMIT 1   [ RunTime:0.000378s ]
SQL: SELECT * FROM `qsc_voice_song` WHERE ( `id` = 5 ) LIMIT 1   [ RunTime:0.000418s ]
SQL: SELECT `nickname` FROM `qsc_voice_guest` WHERE id=1 LIMIT 1   [ RunTime:0.000355s ]
SQL: SELECT * FROM `qsc_voice_song` WHERE ( `id` = 6 ) LIMIT 1   [ RunTime:0.000465s ]
SQL: SELECT `nickname` FROM `qsc_voice_guest` WHERE id=1 LIMIT 1   [ RunTime:0.000403s ]
SQL: SELECT * FROM `qsc_voice_song` WHERE ( `id` = 2 ) LIMIT 1   [ RunTime:0.000478s ]
SQL: SELECT `nickname` FROM `qsc_voice_guest` WHERE id=1 LIMIT 1   [ RunTime:0.000479s ]

[ 2013-07-20T21:59:02+08:00 ] 0.0.0.0 /voice/index.php/Index/ajax_get
INFO: [ app_begin ] --START--
INFO: Run ReadHtmlCache Behavior [ RunTime:-0.001883s ]
INFO: [ app_begin ] --END-- [ RunTime:0.001774s ]
SQL: SHOW COLUMNS FROM `qsc_voice_guest` [ RunTime:0.006048s ]
SQL: SHOW COLUMNS FROM `qsc_voice_song` [ RunTime:0.004922s ]
SQL: SELECT * FROM `qsc_voice_song` WHERE ( `id` = 6 ) LIMIT 1   [ RunTime:0.000662s ]
SQL: SELECT `nickname` FROM `qsc_voice_guest` WHERE id=1 LIMIT 1   [ RunTime:0.000402s ]

[ 2013-07-20T21:59:02+08:00 ] 0.0.0.0 /voice/index.php/Index/ajax_likeOrNot?songid=6
INFO: [ app_begin ] --START--
INFO: Run ReadHtmlCache Behavior [ RunTime:-0.001420s ]
INFO: [ app_begin ] --END-- [ RunTime:0.001352s ]
SQL: SHOW COLUMNS FROM `qsc_voice_song` [ RunTime:0.005346s ]
SQL: SHOW COLUMNS FROM `qsc_voice_guest` [ RunTime:0.094306s ]
SQL: SHOW COLUMNS FROM `qsc_voice_favorite` [ RunTime:0.005766s ]

[ 2013-07-20T21:59:03+08:00 ] 0.0.0.0 /voice/index.php/Index/index
INFO: [ app_begin ] --START--
INFO: Run ReadHtmlCache Behavior [ RunTime:-0.001433s ]
INFO: [ app_begin ] --END-- [ RunTime:0.001394s ]
SQL: SHOW COLUMNS FROM `qsc_voice_guest` [ RunTime:0.008880s ]
SQL: SHOW COLUMNS FROM `qsc_voice_news` [ RunTime:0.006963s ]
SQL: SHOW COLUMNS FROM `qsc_voice_song` [ RunTime:0.007556s ]
INFO: [ view_template ] --START--
INFO: Run LocationTemplate Behavior [ RunTime:-0.046778s ]
INFO: [ view_template ] --END-- [ RunTime:0.001484s ]
INFO: [ view_parse ] --START--
NOTIC: [8] Undefined variable: news_list D:\wamp\www\voice\Runtime\Cache\f0ea20e300846e38be5c5ff71a25e91a.php 第 52 行.
INFO: Run ParseTemplate Behavior [ RunTime:-0.048519s ]
INFO: [ view_parse ] --END-- [ RunTime:0.036706s ]
INFO: [ view_filter ] --START--
INFO: Run ContentReplace Behavior [ RunTime:-0.085420s ]
INFO: Run TokenBuild Behavior [ RunTime:-0.086526s ]
INFO: Run WriteHtmlCache Behavior [ RunTime:-0.087886s ]
INFO: Run ShowRuntime Behavior [ RunTime:-0.088943s ]
INFO: [ view_filter ] --END-- [ RunTime:0.005747s ]
INFO: [ view_end ] --START--
INFO: Run ShowPageTrace Behavior [ RunTime:-0.091526s ]
INFO: [ view_end ] --END-- [ RunTime:0.001549s ]

[ 2013-07-20T22:00:49+08:00 ] 0.0.0.0 /voice/index.php/Index/ajax_getsonglist
INFO: [ app_begin ] --START--
INFO: Run ReadHtmlCache Behavior [ RunTime:-0.001431s ]
INFO: [ app_begin ] --END-- [ RunTime:0.001279s ]
SQL: SHOW COLUMNS FROM `qsc_voice_guest` [ RunTime:0.009107s ]
SQL: SHOW COLUMNS FROM `qsc_voice_song` [ RunTime:0.028681s ]
SQL: SHOW COLUMNS FROM `qsc_voice_favorite` [ RunTime:0.006745s ]
SQL: SELECT `id` FROM `qsc_voice_song`  [ RunTime:0.000489s ]
SQL: SELECT * FROM `qsc_voice_song` WHERE ( `id` = 9 ) LIMIT 1   [ RunTime:0.000489s ]
SQL: SELECT `nickname` FROM `qsc_voice_guest` WHERE id=1 LIMIT 1   [ RunTime:0.000279s ]
SQL: SELECT * FROM `qsc_voice_song` WHERE ( `id` = 4 ) LIMIT 1   [ RunTime:0.000374s ]
SQL: SELECT `nickname` FROM `qsc_voice_guest` WHERE id=2 LIMIT 1   [ RunTime:0.000403s ]
SQL: SELECT * FROM `qsc_voice_song` WHERE ( `id` = 1 ) LIMIT 1   [ RunTime:0.000482s ]
SQL: SELECT `nickname` FROM `qsc_voice_guest` WHERE id=1 LIMIT 1   [ RunTime:0.000391s ]
SQL: SELECT * FROM `qsc_voice_song` WHERE ( `id` = 2 ) LIMIT 1   [ RunTime:0.000593s ]
SQL: SELECT `nickname` FROM `qsc_voice_guest` WHERE id=1 LIMIT 1   [ RunTime:0.000707s ]
SQL: SELECT * FROM `qsc_voice_song` WHERE ( `id` = 6 ) LIMIT 1   [ RunTime:0.000719s ]
SQL: SELECT `nickname` FROM `qsc_voice_guest` WHERE id=1 LIMIT 1   [ RunTime:0.000478s ]
SQL: SELECT * FROM `qsc_voice_song` WHERE ( `id` = 3 ) LIMIT 1   [ RunTime:0.000487s ]
SQL: SELECT `nickname` FROM `qsc_voice_guest` WHERE id=1 LIMIT 1   [ RunTime:0.000345s ]
SQL: SELECT * FROM `qsc_voice_song` WHERE ( `id` = 8 ) LIMIT 1   [ RunTime:0.000354s ]
SQL: SELECT `nickname` FROM `qsc_voice_guest` WHERE id=8 LIMIT 1   [ RunTime:0.000398s ]
SQL: SELECT * FROM `qsc_voice_song` WHERE ( `id` = 5 ) LIMIT 1   [ RunTime:0.000782s ]
SQL: SELECT `nickname` FROM `qsc_voice_guest` WHERE id=1 LIMIT 1   [ RunTime:0.000553s ]
SQL: SELECT * FROM `qsc_voice_song` WHERE ( `id` = 7 ) LIMIT 1   [ RunTime:0.000508s ]
SQL: SELECT `nickname` FROM `qsc_voice_guest` WHERE id=7 LIMIT 1   [ RunTime:0.000431s ]

[ 2013-07-20T22:00:49+08:00 ] 0.0.0.0 /voice/index.php/Index/ajax_get
INFO: [ app_begin ] --START--
INFO: Run ReadHtmlCache Behavior [ RunTime:-0.001429s ]
INFO: [ app_begin ] --END-- [ RunTime:0.001602s ]
SQL: SHOW COLUMNS FROM `qsc_voice_guest` [ RunTime:0.008131s ]
SQL: SHOW COLUMNS FROM `qsc_voice_song` [ RunTime:0.005608s ]
SQL: SELECT * FROM `qsc_voice_song` WHERE ( `id` = 8 ) LIMIT 1   [ RunTime:0.001351s ]
SQL: SELECT `nickname` FROM `qsc_voice_guest` WHERE id=8 LIMIT 1   [ RunTime:0.000450s ]

[ 2013-07-20T22:00:49+08:00 ] 0.0.0.0 /voice/index.php/Index/ajax_likeOrNot?songid=8
INFO: [ app_begin ] --START--
INFO: Run ReadHtmlCache Behavior [ RunTime:-0.001383s ]
INFO: [ app_begin ] --END-- [ RunTime:0.001498s ]
SQL: SHOW COLUMNS FROM `qsc_voice_song` [ RunTime:0.005864s ]
SQL: SHOW COLUMNS FROM `qsc_voice_guest` [ RunTime:0.006296s ]
SQL: SHOW COLUMNS FROM `qsc_voice_favorite` [ RunTime:0.005795s ]

[ 2013-07-20T22:00:49+08:00 ] 0.0.0.0 /voice/index.php/Index/index
INFO: [ app_begin ] --START--
INFO: Run ReadHtmlCache Behavior [ RunTime:-0.001688s ]
INFO: [ app_begin ] --END-- [ RunTime:0.001672s ]
SQL: SHOW COLUMNS FROM `qsc_voice_guest` [ RunTime:0.005748s ]
SQL: SHOW COLUMNS FROM `qsc_voice_news` [ RunTime:0.008840s ]
SQL: SHOW COLUMNS FROM `qsc_voice_song` [ RunTime:0.005787s ]
INFO: [ view_template ] --START--
INFO: Run LocationTemplate Behavior [ RunTime:-0.048942s ]
INFO: [ view_template ] --END-- [ RunTime:0.001872s ]
INFO: [ view_parse ] --START--
NOTIC: [8] Undefined variable: news_list D:\wamp\www\voice\Runtime\Cache\f0ea20e300846e38be5c5ff71a25e91a.php 第 52 行.
INFO: Run ParseTemplate Behavior [ RunTime:-0.051349s ]
INFO: [ view_parse ] --END-- [ RunTime:0.036770s ]
INFO: [ view_filter ] --START--
INFO: Run ContentReplace Behavior [ RunTime:-0.088068s ]
INFO: Run TokenBuild Behavior [ RunTime:-0.089776s ]
INFO: Run WriteHtmlCache Behavior [ RunTime:-0.091243s ]
INFO: Run ShowRuntime Behavior [ RunTime:-0.092501s ]
INFO: [ view_filter ] --END-- [ RunTime:0.006180s ]
INFO: [ view_end ] --START--
INFO: Run ShowPageTrace Behavior [ RunTime:-0.094771s ]
INFO: [ view_end ] --END-- [ RunTime:0.002212s ]

[ 2013-07-20T22:04:37+08:00 ] 0.0.0.0 /voice/index.php/Index/ajax_get
INFO: [ app_begin ] --START--
INFO: Run ReadHtmlCache Behavior [ RunTime:-0.002876s ]
INFO: [ app_begin ] --END-- [ RunTime:0.002114s ]
SQL: SHOW COLUMNS FROM `qsc_voice_guest` [ RunTime:0.009433s ]
SQL: SHOW COLUMNS FROM `qsc_voice_song` [ RunTime:0.006630s ]
SQL: SELECT * FROM `qsc_voice_song` WHERE ( `id` = 2 ) LIMIT 1   [ RunTime:0.001076s ]
SQL: SELECT `nickname` FROM `qsc_voice_guest` WHERE id=1 LIMIT 1   [ RunTime:0.000388s ]

[ 2013-07-20T22:04:37+08:00 ] 0.0.0.0 /voice/index.php/Index/ajax_likeOrNot?songid=2
INFO: [ app_begin ] --START--
INFO: Run ReadHtmlCache Behavior [ RunTime:-0.001457s ]
INFO: [ app_begin ] --END-- [ RunTime:0.002195s ]
SQL: SHOW COLUMNS FROM `qsc_voice_song` [ RunTime:0.005135s ]
SQL: SHOW COLUMNS FROM `qsc_voice_guest` [ RunTime:0.005417s ]
SQL: SHOW COLUMNS FROM `qsc_voice_favorite` [ RunTime:0.006895s ]

[ 2013-07-20T22:04:38+08:00 ] 0.0.0.0 /voice/index.php/Index/index
INFO: [ app_begin ] --START--
INFO: Run ReadHtmlCache Behavior [ RunTime:-0.001408s ]
INFO: [ app_begin ] --END-- [ RunTime:0.001466s ]
SQL: SHOW COLUMNS FROM `qsc_voice_guest` [ RunTime:0.009463s ]
SQL: SHOW COLUMNS FROM `qsc_voice_news` [ RunTime:0.006976s ]
SQL: SHOW COLUMNS FROM `qsc_voice_song` [ RunTime:0.007844s ]
INFO: [ view_template ] --START--
INFO: Run LocationTemplate Behavior [ RunTime:-0.048667s ]
INFO: [ view_template ] --END-- [ RunTime:0.001449s ]
INFO: [ view_parse ] --START--
NOTIC: [8] Undefined variable: news_list D:\wamp\www\voice\Runtime\Cache\f0ea20e300846e38be5c5ff71a25e91a.php 第 52 行.
INFO: Run ParseTemplate Behavior [ RunTime:-0.050363s ]
INFO: [ view_parse ] --END-- [ RunTime:0.057454s ]
INFO: [ view_filter ] --START--
INFO: Run ContentReplace Behavior [ RunTime:-0.108003s ]
INFO: Run TokenBuild Behavior [ RunTime:-0.109053s ]
INFO: Run WriteHtmlCache Behavior [ RunTime:-0.110097s ]
INFO: Run ShowRuntime Behavior [ RunTime:-0.111901s ]
INFO: [ view_filter ] --END-- [ RunTime:0.005466s ]
INFO: [ view_end ] --START--
INFO: Run ShowPageTrace Behavior [ RunTime:-0.113835s ]
INFO: [ view_end ] --END-- [ RunTime:0.001327s ]

[ 2013-07-20T22:09:08+08:00 ] 0.0.0.0 /voice/index.php/Index/ajax_get
INFO: [ app_begin ] --START--
INFO: Run ReadHtmlCache Behavior [ RunTime:-0.001604s ]
INFO: [ app_begin ] --END-- [ RunTime:0.001538s ]
SQL: SHOW COLUMNS FROM `qsc_voice_guest` [ RunTime:0.014488s ]
SQL: SHOW COLUMNS FROM `qsc_voice_song` [ RunTime:0.010484s ]
SQL: SELECT * FROM `qsc_voice_song` WHERE ( `id` = 6 ) LIMIT 1   [ RunTime:0.000897s ]
SQL: SELECT `nickname` FROM `qsc_voice_guest` WHERE id=1 LIMIT 1   [ RunTime:0.000331s ]

[ 2013-07-20T22:09:08+08:00 ] 0.0.0.0 /voice/index.php/Index/ajax_likeOrNot?songid=6
INFO: [ app_begin ] --START--
INFO: Run ReadHtmlCache Behavior [ RunTime:-0.001496s ]
INFO: [ app_begin ] --END-- [ RunTime:0.001555s ]
SQL: SHOW COLUMNS FROM `qsc_voice_song` [ RunTime:0.005303s ]
SQL: SHOW COLUMNS FROM `qsc_voice_guest` [ RunTime:0.006363s ]
SQL: SHOW COLUMNS FROM `qsc_voice_favorite` [ RunTime:0.006863s ]

[ 2013-07-20T22:09:08+08:00 ] 0.0.0.0 /voice/index.php/Index/index
INFO: [ app_begin ] --START--
INFO: Run ReadHtmlCache Behavior [ RunTime:-0.001969s ]
INFO: [ app_begin ] --END-- [ RunTime:0.002201s ]
SQL: SHOW COLUMNS FROM `qsc_voice_guest` [ RunTime:0.004883s ]
SQL: SHOW COLUMNS FROM `qsc_voice_news` [ RunTime:0.006335s ]
SQL: SHOW COLUMNS FROM `qsc_voice_song` [ RunTime:0.004912s ]
INFO: [ view_template ] --START--
INFO: Run LocationTemplate Behavior [ RunTime:-0.045369s ]
INFO: [ view_template ] --END-- [ RunTime:0.001523s ]
INFO: [ view_parse ] --START--
NOTIC: [8] Undefined variable: news_list D:\wamp\www\voice\Runtime\Cache\f0ea20e300846e38be5c5ff71a25e91a.php 第 52 行.
INFO: Run ParseTemplate Behavior [ RunTime:-0.047159s ]
INFO: [ view_parse ] --END-- [ RunTime:0.029290s ]
INFO: [ view_filter ] --START--
INFO: Run ContentReplace Behavior [ RunTime:-0.076641s ]
INFO: Run TokenBuild Behavior [ RunTime:-0.077650s ]
INFO: Run WriteHtmlCache Behavior [ RunTime:-0.078674s ]
INFO: Run ShowRuntime Behavior [ RunTime:-0.079347s ]
INFO: [ view_filter ] --END-- [ RunTime:0.004088s ]
INFO: [ view_end ] --START--
INFO: Run ShowPageTrace Behavior [ RunTime:-0.081135s ]
INFO: [ view_end ] --END-- [ RunTime:0.001308s ]

[ 2013-07-20T22:13:52+08:00 ] 0.0.0.0 /voice/index.php/Index/ajax_get
INFO: [ app_begin ] --START--
INFO: Run ReadHtmlCache Behavior [ RunTime:-0.001634s ]
INFO: [ app_begin ] --END-- [ RunTime:0.001378s ]
SQL: SHOW COLUMNS FROM `qsc_voice_guest` [ RunTime:0.053514s ]
SQL: SHOW COLUMNS FROM `qsc_voice_song` [ RunTime:0.007904s ]
SQL: SELECT * FROM `qsc_voice_song` WHERE ( `id` = 3 ) LIMIT 1   [ RunTime:0.000600s ]
SQL: SELECT `nickname` FROM `qsc_voice_guest` WHERE id=1 LIMIT 1   [ RunTime:0.000442s ]

[ 2013-07-20T22:13:52+08:00 ] 0.0.0.0 /voice/index.php/Index/ajax_likeOrNot?songid=3
INFO: [ app_begin ] --START--
INFO: Run ReadHtmlCache Behavior [ RunTime:-0.001462s ]
INFO: [ app_begin ] --END-- [ RunTime:0.001378s ]
SQL: SHOW COLUMNS FROM `qsc_voice_song` [ RunTime:0.005033s ]
SQL: SHOW COLUMNS FROM `qsc_voice_guest` [ RunTime:0.006004s ]
SQL: SHOW COLUMNS FROM `qsc_voice_favorite` [ RunTime:0.008736s ]

[ 2013-07-20T22:13:52+08:00 ] 0.0.0.0 /voice/index.php/Index/index
INFO: [ app_begin ] --START--
INFO: Run ReadHtmlCache Behavior [ RunTime:-0.001390s ]
INFO: [ app_begin ] --END-- [ RunTime:0.001255s ]
SQL: SHOW COLUMNS FROM `qsc_voice_guest` [ RunTime:0.006859s ]
SQL: SHOW COLUMNS FROM `qsc_voice_news` [ RunTime:0.006279s ]
SQL: SHOW COLUMNS FROM `qsc_voice_song` [ RunTime:0.005180s ]
INFO: [ view_template ] --START--
INFO: Run LocationTemplate Behavior [ RunTime:-0.042734s ]
INFO: [ view_template ] --END-- [ RunTime:0.002606s ]
INFO: [ view_parse ] --START--
NOTIC: [8] Undefined variable: news_list D:\wamp\www\voice\Runtime\Cache\f0ea20e300846e38be5c5ff71a25e91a.php 第 52 行.
INFO: Run ParseTemplate Behavior [ RunTime:-0.045613s ]
INFO: [ view_parse ] --END-- [ RunTime:0.031774s ]
INFO: [ view_filter ] --START--
INFO: Run ContentReplace Behavior [ RunTime:-0.077628s ]
INFO: Run TokenBuild Behavior [ RunTime:-0.078710s ]
INFO: Run WriteHtmlCache Behavior [ RunTime:-0.079950s ]
INFO: Run ShowRuntime Behavior [ RunTime:-0.080748s ]
INFO: [ view_filter ] --END-- [ RunTime:0.004631s ]
INFO: [ view_end ] --START--
INFO: Run ShowPageTrace Behavior [ RunTime:-0.082763s ]
INFO: [ view_end ] --END-- [ RunTime:0.001671s ]

[ 2013-07-20T22:18:03+08:00 ] 0.0.0.0 /voice/index.php/Index/ajax_get
INFO: [ app_begin ] --START--
INFO: Run ReadHtmlCache Behavior [ RunTime:-0.001572s ]
INFO: [ app_begin ] --END-- [ RunTime:0.001378s ]
SQL: SHOW COLUMNS FROM `qsc_voice_guest` [ RunTime:0.009786s ]
SQL: SHOW COLUMNS FROM `qsc_voice_song` [ RunTime:0.005852s ]
SQL: SELECT * FROM `qsc_voice_song` WHERE ( `id` = 8 ) LIMIT 1   [ RunTime:0.000593s ]
SQL: SELECT `nickname` FROM `qsc_voice_guest` WHERE id=8 LIMIT 1   [ RunTime:0.000445s ]

[ 2013-07-20T22:18:04+08:00 ] 0.0.0.0 /voice/index.php/Index/ajax_likeOrNot?songid=8
INFO: [ app_begin ] --START--
INFO: Run ReadHtmlCache Behavior [ RunTime:-0.001463s ]
INFO: [ app_begin ] --END-- [ RunTime:0.002462s ]
SQL: SHOW COLUMNS FROM `qsc_voice_song` [ RunTime:0.008562s ]
SQL: SHOW COLUMNS FROM `qsc_voice_guest` [ RunTime:0.008230s ]
SQL: SHOW COLUMNS FROM `qsc_voice_favorite` [ RunTime:0.007306s ]

[ 2013-07-20T22:18:04+08:00 ] 0.0.0.0 /voice/index.php/Index/index
INFO: [ app_begin ] --START--
INFO: Run ReadHtmlCache Behavior [ RunTime:-0.001490s ]
INFO: [ app_begin ] --END-- [ RunTime:0.001390s ]
SQL: SHOW COLUMNS FROM `qsc_voice_guest` [ RunTime:0.004922s ]
SQL: SHOW COLUMNS FROM `qsc_voice_news` [ RunTime:0.006718s ]
SQL: SHOW COLUMNS FROM `qsc_voice_song` [ RunTime:0.005355s ]
INFO: [ view_template ] --START--
INFO: Run LocationTemplate Behavior [ RunTime:-0.040464s ]
INFO: [ view_template ] --END-- [ RunTime:0.001548s ]
INFO: [ view_parse ] --START--
NOTIC: [8] Undefined variable: news_list D:\wamp\www\voice\Runtime\Cache\f0ea20e300846e38be5c5ff71a25e91a.php 第 52 行.
INFO: Run ParseTemplate Behavior [ RunTime:-0.042185s ]
INFO: [ view_parse ] --END-- [ RunTime:0.033817s ]
INFO: [ view_filter ] --START--
INFO: Run ContentReplace Behavior [ RunTime:-0.076204s ]
INFO: Run TokenBuild Behavior [ RunTime:-0.077278s ]
INFO: Run WriteHtmlCache Behavior [ RunTime:-0.078445s ]
INFO: Run ShowRuntime Behavior [ RunTime:-0.079209s ]
INFO: [ view_filter ] --END-- [ RunTime:0.004456s ]
INFO: [ view_end ] --START--
INFO: Run ShowPageTrace Behavior [ RunTime:-0.081008s ]
INFO: [ view_end ] --END-- [ RunTime:0.001265s ]

[ 2013-07-20T22:21:52+08:00 ] 0.0.0.0 /voice/index.php/Index/ajax_get
INFO: [ app_begin ] --START--
INFO: Run ReadHtmlCache Behavior [ RunTime:-0.002542s ]
INFO: [ app_begin ] --END-- [ RunTime:0.003454s ]
SQL: SHOW COLUMNS FROM `qsc_voice_guest` [ RunTime:0.009373s ]
SQL: SHOW COLUMNS FROM `qsc_voice_song` [ RunTime:0.007693s ]
SQL: SELECT * FROM `qsc_voice_song` WHERE ( `id` = 5 ) LIMIT 1   [ RunTime:0.000681s ]
SQL: SELECT `nickname` FROM `qsc_voice_guest` WHERE id=1 LIMIT 1   [ RunTime:0.000757s ]

[ 2013-07-20T22:21:52+08:00 ] 0.0.0.0 /voice/index.php/Index/ajax_likeOrNot?songid=5
INFO: [ app_begin ] --START--
INFO: Run ReadHtmlCache Behavior [ RunTime:-0.003539s ]
INFO: [ app_begin ] --END-- [ RunTime:0.001313s ]
SQL: SHOW COLUMNS FROM `qsc_voice_song` [ RunTime:0.006311s ]
SQL: SHOW COLUMNS FROM `qsc_voice_guest` [ RunTime:0.005435s ]
SQL: SHOW COLUMNS FROM `qsc_voice_favorite` [ RunTime:0.006060s ]

[ 2013-07-20T22:21:52+08:00 ] 0.0.0.0 /voice/index.php/Index/index
INFO: [ app_begin ] --START--
INFO: Run ReadHtmlCache Behavior [ RunTime:-0.001481s ]
INFO: [ app_begin ] --END-- [ RunTime:0.001489s ]
SQL: SHOW COLUMNS FROM `qsc_voice_guest` [ RunTime:0.005518s ]
SQL: SHOW COLUMNS FROM `qsc_voice_news` [ RunTime:0.006259s ]
SQL: SHOW COLUMNS FROM `qsc_voice_song` [ RunTime:0.006224s ]
INFO: [ view_template ] --START--
INFO: Run LocationTemplate Behavior [ RunTime:-0.051439s ]
INFO: [ view_template ] --END-- [ RunTime:0.001892s ]
INFO: [ view_parse ] --START--
NOTIC: [8] Undefined variable: news_list D:\wamp\www\voice\Runtime\Cache\f0ea20e300846e38be5c5ff71a25e91a.php 第 52 行.
INFO: Run ParseTemplate Behavior [ RunTime:-0.053782s ]
INFO: [ view_parse ] --END-- [ RunTime:0.038941s ]
INFO: [ view_filter ] --START--
INFO: Run ContentReplace Behavior [ RunTime:-0.092883s ]
INFO: Run TokenBuild Behavior [ RunTime:-0.093972s ]
INFO: Run WriteHtmlCache Behavior [ RunTime:-0.095073s ]
INFO: Run ShowRuntime Behavior [ RunTime:-0.095741s ]
INFO: [ view_filter ] --END-- [ RunTime:0.004247s ]
INFO: [ view_end ] --START--
INFO: Run ShowPageTrace Behavior [ RunTime:-0.097479s ]
INFO: [ view_end ] --END-- [ RunTime:0.001938s ]

[ 2013-07-20T22:26:23+08:00 ] 0.0.0.0 /voice/index.php/Index/ajax_get
INFO: [ app_begin ] --START--
INFO: Run ReadHtmlCache Behavior [ RunTime:-0.003342s ]
INFO: [ app_begin ] --END-- [ RunTime:0.003515s ]
SQL: SHOW COLUMNS FROM `qsc_voice_guest` [ RunTime:0.010647s ]
SQL: SHOW COLUMNS FROM `qsc_voice_song` [ RunTime:0.009187s ]
SQL: SELECT * FROM `qsc_voice_song` WHERE ( `id` = 7 ) LIMIT 1   [ RunTime:0.000729s ]
SQL: SELECT `nickname` FROM `qsc_voice_guest` WHERE id=7 LIMIT 1   [ RunTime:0.000492s ]

[ 2013-07-20T22:26:24+08:00 ] 0.0.0.0 /voice/index.php/Index/ajax_likeOrNot?songid=7
INFO: [ app_begin ] --START--
INFO: Run ReadHtmlCache Behavior [ RunTime:-0.001488s ]
INFO: [ app_begin ] --END-- [ RunTime:0.003531s ]
SQL: SHOW COLUMNS FROM `qsc_voice_song` [ RunTime:0.005392s ]
SQL: SHOW COLUMNS FROM `qsc_voice_guest` [ RunTime:0.072895s ]
SQL: SHOW COLUMNS FROM `qsc_voice_favorite` [ RunTime:0.011220s ]

[ 2013-07-20T22:26:24+08:00 ] 0.0.0.0 /voice/index.php/Index/index
INFO: [ app_begin ] --START--
INFO: Run ReadHtmlCache Behavior [ RunTime:-0.001580s ]
INFO: [ app_begin ] --END-- [ RunTime:0.001559s ]
SQL: SHOW COLUMNS FROM `qsc_voice_guest` [ RunTime:0.010172s ]
SQL: SHOW COLUMNS FROM `qsc_voice_news` [ RunTime:0.007139s ]
SQL: SHOW COLUMNS FROM `qsc_voice_song` [ RunTime:0.007533s ]
INFO: [ view_template ] --START--
INFO: Run LocationTemplate Behavior [ RunTime:-0.062147s ]
INFO: [ view_template ] --END-- [ RunTime:0.001642s ]
INFO: [ view_parse ] --START--
NOTIC: [8] Undefined variable: news_list D:\wamp\www\voice\Runtime\Cache\f0ea20e300846e38be5c5ff71a25e91a.php 第 52 行.
INFO: Run ParseTemplate Behavior [ RunTime:-0.064064s ]
INFO: [ view_parse ] --END-- [ RunTime:0.032422s ]
INFO: [ view_filter ] --START--
INFO: Run ContentReplace Behavior [ RunTime:-0.096676s ]
INFO: Run TokenBuild Behavior [ RunTime:-0.097678s ]
INFO: Run WriteHtmlCache Behavior [ RunTime:-0.098714s ]
INFO: Run ShowRuntime Behavior [ RunTime:-0.099565s ]
INFO: [ view_filter ] --END-- [ RunTime:0.004564s ]
INFO: [ view_end ] --START--
INFO: Run ShowPageTrace Behavior [ RunTime:-0.101602s ]
INFO: [ view_end ] --END-- [ RunTime:0.001773s ]

[ 2013-07-20T22:27:08+08:00 ] 0.0.0.0 /voice/index.php/Index/ajax_get
INFO: [ app_begin ] --START--
INFO: Run ReadHtmlCache Behavior [ RunTime:-0.001383s ]
INFO: [ app_begin ] --END-- [ RunTime:0.001228s ]
SQL: SHOW COLUMNS FROM `qsc_voice_guest` [ RunTime:0.009018s ]
SQL: SHOW COLUMNS FROM `qsc_voice_song` [ RunTime:0.007201s ]
SQL: SELECT * FROM `qsc_voice_song` WHERE ( `id` = 9 ) LIMIT 1   [ RunTime:0.000650s ]
SQL: SELECT `nickname` FROM `qsc_voice_guest` WHERE id=1 LIMIT 1   [ RunTime:0.000315s ]

[ 2013-07-20T22:27:08+08:00 ] 0.0.0.0 /voice/index.php/Index/ajax_likeOrNot?songid=9
INFO: [ app_begin ] --START--
INFO: Run ReadHtmlCache Behavior [ RunTime:-0.002260s ]
INFO: [ app_begin ] --END-- [ RunTime:0.001437s ]
SQL: SHOW COLUMNS FROM `qsc_voice_song` [ RunTime:0.005926s ]
SQL: SHOW COLUMNS FROM `qsc_voice_guest` [ RunTime:0.006199s ]
SQL: SHOW COLUMNS FROM `qsc_voice_favorite` [ RunTime:0.006850s ]

[ 2013-07-20T22:27:08+08:00 ] 0.0.0.0 /voice/index.php/Index/index
INFO: [ app_begin ] --START--
INFO: Run ReadHtmlCache Behavior [ RunTime:-0.001466s ]
INFO: [ app_begin ] --END-- [ RunTime:0.001521s ]
SQL: SHOW COLUMNS FROM `qsc_voice_guest` [ RunTime:0.006268s ]
SQL: SHOW COLUMNS FROM `qsc_voice_news` [ RunTime:0.007967s ]
SQL: SHOW COLUMNS FROM `qsc_voice_song` [ RunTime:0.006315s ]
INFO: [ view_template ] --START--
INFO: Run LocationTemplate Behavior [ RunTime:-0.047696s ]
INFO: [ view_template ] --END-- [ RunTime:0.001201s ]
INFO: [ view_parse ] --START--
NOTIC: [8] Undefined variable: news_list D:\wamp\www\voice\Runtime\Cache\f0ea20e300846e38be5c5ff71a25e91a.php 第 52 行.
INFO: Run ParseTemplate Behavior [ RunTime:-0.049121s ]
INFO: [ view_parse ] --END-- [ RunTime:0.031581s ]
INFO: [ view_filter ] --START--
INFO: Run ContentReplace Behavior [ RunTime:-0.081030s ]
INFO: Run TokenBuild Behavior [ RunTime:-0.082043s ]
INFO: Run WriteHtmlCache Behavior [ RunTime:-0.083341s ]
INFO: Run ShowRuntime Behavior [ RunTime:-0.084229s ]
INFO: [ view_filter ] --END-- [ RunTime:0.004826s ]
INFO: [ view_end ] --START--
INFO: Run ShowPageTrace Behavior [ RunTime:-0.086208s ]
INFO: [ view_end ] --END-- [ RunTime:0.001553s ]

[ 2013-07-20T22:30:54+08:00 ] 0.0.0.0 /voice/index.php/Index/ajax_get
INFO: [ app_begin ] --START--
INFO: Run ReadHtmlCache Behavior [ RunTime:-0.007231s ]
INFO: [ app_begin ] --END-- [ RunTime:0.006205s ]
SQL: SHOW COLUMNS FROM `qsc_voice_guest` [ RunTime:0.044850s ]
SQL: SHOW COLUMNS FROM `qsc_voice_song` [ RunTime:0.029680s ]
SQL: SELECT * FROM `qsc_voice_song` WHERE ( `id` = 4 ) LIMIT 1   [ RunTime:0.002808s ]
SQL: SELECT `nickname` FROM `qsc_voice_guest` WHERE id=2 LIMIT 1   [ RunTime:0.003287s ]

[ 2013-07-20T22:30:55+08:00 ] 0.0.0.0 /voice/index.php/Index/ajax_likeOrNot?songid=4
INFO: [ app_begin ] --START--
INFO: Run ReadHtmlCache Behavior [ RunTime:-0.010455s ]
INFO: [ app_begin ] --END-- [ RunTime:0.005039s ]
SQL: SHOW COLUMNS FROM `qsc_voice_song` [ RunTime:0.036273s ]
SQL: SHOW COLUMNS FROM `qsc_voice_guest` [ RunTime:0.032717s ]
SQL: SHOW COLUMNS FROM `qsc_voice_favorite` [ RunTime:0.030985s ]

[ 2013-07-20T22:30:56+08:00 ] 0.0.0.0 /voice/index.php/Index/index
INFO: [ app_begin ] --START--
INFO: Run ReadHtmlCache Behavior [ RunTime:-0.006034s ]
INFO: [ app_begin ] --END-- [ RunTime:0.006496s ]
SQL: SHOW COLUMNS FROM `qsc_voice_guest` [ RunTime:0.020395s ]
SQL: SHOW COLUMNS FROM `qsc_voice_news` [ RunTime:0.029133s ]
SQL: SHOW COLUMNS FROM `qsc_voice_song` [ RunTime:0.026000s ]
INFO: [ view_template ] --START--
INFO: Run LocationTemplate Behavior [ RunTime:-0.483356s ]
INFO: [ view_template ] --END-- [ RunTime:0.005520s ]
INFO: [ view_parse ] --START--
NOTIC: [8] Undefined variable: news_list D:\wamp\www\voice\Runtime\Cache\f0ea20e300846e38be5c5ff71a25e91a.php 第 52 行.
INFO: Run ParseTemplate Behavior [ RunTime:-0.489819s ]
INFO: [ view_parse ] --END-- [ RunTime:0.370940s ]
INFO: [ view_filter ] --START--
INFO: Run ContentReplace Behavior [ RunTime:-0.865647s ]
INFO: Run TokenBuild Behavior [ RunTime:-0.885053s ]
INFO: Run WriteHtmlCache Behavior [ RunTime:-0.891557s ]
INFO: Run ShowRuntime Behavior [ RunTime:-0.900714s ]
INFO: [ view_filter ] --END-- [ RunTime:0.042040s ]
INFO: [ view_end ] --START--
INFO: Run ShowPageTrace Behavior [ RunTime:-0.908634s ]
INFO: [ view_end ] --END-- [ RunTime:0.015094s ]

[ 2013-07-20T22:34:01+08:00 ] 0.0.0.0 /voice/index.php/Index/ajax_get
INFO: [ app_begin ] --START--
INFO: Run ReadHtmlCache Behavior [ RunTime:-0.002287s ]
INFO: [ app_begin ] --END-- [ RunTime:0.001970s ]
SQL: SHOW COLUMNS FROM `qsc_voice_guest` [ RunTime:0.010230s ]
SQL: SHOW COLUMNS FROM `qsc_voice_song` [ RunTime:0.007320s ]
SQL: SELECT * FROM `qsc_voice_song` WHERE ( `id` = 1 ) LIMIT 1   [ RunTime:0.000868s ]
SQL: SELECT `nickname` FROM `qsc_voice_guest` WHERE id=1 LIMIT 1   [ RunTime:0.000348s ]

[ 2013-07-20T22:34:01+08:00 ] 0.0.0.0 /voice/index.php/Index/ajax_likeOrNot?songid=1
INFO: [ app_begin ] --START--
INFO: Run ReadHtmlCache Behavior [ RunTime:-0.001385s ]
INFO: [ app_begin ] --END-- [ RunTime:0.001226s ]
SQL: SHOW COLUMNS FROM `qsc_voice_song` [ RunTime:0.005159s ]
SQL: SHOW COLUMNS FROM `qsc_voice_guest` [ RunTime:0.005084s ]
SQL: SHOW COLUMNS FROM `qsc_voice_favorite` [ RunTime:0.009298s ]

[ 2013-07-20T22:34:01+08:00 ] 0.0.0.0 /voice/index.php/Index/index
INFO: [ app_begin ] --START--
INFO: Run ReadHtmlCache Behavior [ RunTime:-0.002872s ]
INFO: [ app_begin ] --END-- [ RunTime:0.003113s ]
SQL: SHOW COLUMNS FROM `qsc_voice_guest` [ RunTime:0.006307s ]
SQL: SHOW COLUMNS FROM `qsc_voice_news` [ RunTime:0.016900s ]
SQL: SHOW COLUMNS FROM `qsc_voice_song` [ RunTime:0.005294s ]
INFO: [ view_template ] --START--
INFO: Run LocationTemplate Behavior [ RunTime:-0.065072s ]
INFO: [ view_template ] --END-- [ RunTime:0.002624s ]
INFO: [ view_parse ] --START--
NOTIC: [8] Undefined variable: news_list D:\wamp\www\voice\Runtime\Cache\f0ea20e300846e38be5c5ff71a25e91a.php 第 52 行.
INFO: Run ParseTemplate Behavior [ RunTime:-0.067516s ]
INFO: [ view_parse ] --END-- [ RunTime:0.033961s ]
INFO: [ view_filter ] --START--
INFO: Run ContentReplace Behavior [ RunTime:-0.101736s ]
INFO: Run TokenBuild Behavior [ RunTime:-0.103021s ]
INFO: Run WriteHtmlCache Behavior [ RunTime:-0.104179s ]
INFO: Run ShowRuntime Behavior [ RunTime:-0.104884s ]
INFO: [ view_filter ] --END-- [ RunTime:0.004755s ]
INFO: [ view_end ] --START--
INFO: Run ShowPageTrace Behavior [ RunTime:-0.106840s ]
INFO: [ view_end ] --END-- [ RunTime:0.001432s ]

[ 2013-07-20T22:38:17+08:00 ] 0.0.0.0 /voice/index.php/Index/ajax_get
INFO: [ app_begin ] --START--
INFO: Run ReadHtmlCache Behavior [ RunTime:-0.002148s ]
INFO: [ app_begin ] --END-- [ RunTime:0.003442s ]
SQL: SHOW COLUMNS FROM `qsc_voice_guest` [ RunTime:0.010218s ]
SQL: SHOW COLUMNS FROM `qsc_voice_song` [ RunTime:0.006768s ]
SQL: SELECT * FROM `qsc_voice_song` WHERE ( `id` = 2 ) LIMIT 1   [ RunTime:0.000775s ]
SQL: SELECT `nickname` FROM `qsc_voice_guest` WHERE id=1 LIMIT 1   [ RunTime:0.000364s ]

[ 2013-07-20T22:38:17+08:00 ] 0.0.0.0 /voice/index.php/Index/ajax_likeOrNot?songid=2
INFO: [ app_begin ] --START--
INFO: Run ReadHtmlCache Behavior [ RunTime:-0.002205s ]
INFO: [ app_begin ] --END-- [ RunTime:0.001417s ]
SQL: SHOW COLUMNS FROM `qsc_voice_song` [ RunTime:0.006500s ]
SQL: SHOW COLUMNS FROM `qsc_voice_guest` [ RunTime:0.007658s ]
SQL: SHOW COLUMNS FROM `qsc_voice_favorite` [ RunTime:0.008267s ]

[ 2013-07-20T22:38:17+08:00 ] 0.0.0.0 /voice/index.php/Index/index
INFO: [ app_begin ] --START--
INFO: Run ReadHtmlCache Behavior [ RunTime:-0.001378s ]
INFO: [ app_begin ] --END-- [ RunTime:0.001372s ]
SQL: SHOW COLUMNS FROM `qsc_voice_guest` [ RunTime:0.004988s ]
SQL: SHOW COLUMNS FROM `qsc_voice_news` [ RunTime:0.008690s ]
SQL: SHOW COLUMNS FROM `qsc_voice_song` [ RunTime:0.006323s ]
INFO: [ view_template ] --START--
INFO: Run LocationTemplate Behavior [ RunTime:-0.063279s ]
INFO: [ view_template ] --END-- [ RunTime:0.001504s ]
INFO: [ view_parse ] --START--
NOTIC: [8] Undefined variable: news_list D:\wamp\www\voice\Runtime\Cache\f0ea20e300846e38be5c5ff71a25e91a.php 第 52 行.
INFO: Run ParseTemplate Behavior [ RunTime:-0.065037s ]
INFO: [ view_parse ] --END-- [ RunTime:0.032293s ]
INFO: [ view_filter ] --START--
INFO: Run ContentReplace Behavior [ RunTime:-0.097538s ]
INFO: Run TokenBuild Behavior [ RunTime:-0.098595s ]
INFO: Run WriteHtmlCache Behavior [ RunTime:-0.099823s ]
INFO: Run ShowRuntime Behavior [ RunTime:-0.100549s ]
INFO: [ view_filter ] --END-- [ RunTime:0.004393s ]
INFO: [ view_end ] --START--
INFO: Run ShowPageTrace Behavior [ RunTime:-0.103501s ]
INFO: [ view_end ] --END-- [ RunTime:0.002977s ]

[ 2013-07-20T22:42:47+08:00 ] 0.0.0.0 /voice/index.php/Index/ajax_get
INFO: [ app_begin ] --START--
INFO: Run ReadHtmlCache Behavior [ RunTime:-0.002752s ]
INFO: [ app_begin ] --END-- [ RunTime:0.001421s ]
SQL: SHOW COLUMNS FROM `qsc_voice_guest` [ RunTime:0.018213s ]
SQL: SHOW COLUMNS FROM `qsc_voice_song` [ RunTime:0.006880s ]
SQL: SELECT * FROM `qsc_voice_song` WHERE ( `id` = 6 ) LIMIT 1   [ RunTime:0.000727s ]
SQL: SELECT `nickname` FROM `qsc_voice_guest` WHERE id=1 LIMIT 1   [ RunTime:0.000476s ]

[ 2013-07-20T22:42:47+08:00 ] 0.0.0.0 /voice/index.php/Index/ajax_likeOrNot?songid=6
INFO: [ app_begin ] --START--
INFO: Run ReadHtmlCache Behavior [ RunTime:-0.001578s ]
INFO: [ app_begin ] --END-- [ RunTime:0.002241s ]
SQL: SHOW COLUMNS FROM `qsc_voice_song` [ RunTime:0.006916s ]
SQL: SHOW COLUMNS FROM `qsc_voice_guest` [ RunTime:0.007037s ]
SQL: SHOW COLUMNS FROM `qsc_voice_favorite` [ RunTime:0.110062s ]

[ 2013-07-20T22:42:47+08:00 ] 0.0.0.0 /voice/index.php/Index/index
INFO: [ app_begin ] --START--
INFO: Run ReadHtmlCache Behavior [ RunTime:-0.001838s ]
INFO: [ app_begin ] --END-- [ RunTime:0.001570s ]
SQL: SHOW COLUMNS FROM `qsc_voice_guest` [ RunTime:0.006701s ]
SQL: SHOW COLUMNS FROM `qsc_voice_news` [ RunTime:0.007005s ]
SQL: SHOW COLUMNS FROM `qsc_voice_song` [ RunTime:0.007347s ]
INFO: [ view_template ] --START--
INFO: Run LocationTemplate Behavior [ RunTime:-0.052587s ]
INFO: [ view_template ] --END-- [ RunTime:0.001732s ]
INFO: [ view_parse ] --START--
NOTIC: [8] Undefined variable: news_list D:\wamp\www\voice\Runtime\Cache\f0ea20e300846e38be5c5ff71a25e91a.php 第 52 行.
INFO: Run ParseTemplate Behavior [ RunTime:-0.054557s ]
INFO: [ view_parse ] --END-- [ RunTime:0.032570s ]
INFO: [ view_filter ] --START--
INFO: Run ContentReplace Behavior [ RunTime:-0.087357s ]
INFO: Run TokenBuild Behavior [ RunTime:-0.089126s ]
INFO: Run WriteHtmlCache Behavior [ RunTime:-0.090379s ]
INFO: Run ShowRuntime Behavior [ RunTime:-0.091314s ]
INFO: [ view_filter ] --END-- [ RunTime:0.005634s ]
INFO: [ view_end ] --START--
INFO: Run ShowPageTrace Behavior [ RunTime:-0.093330s ]
INFO: [ view_end ] --END-- [ RunTime:0.001342s ]

